30-Mar-2025 04:45:57.159 INFO [main] org.apache.catalina.core.StandardServer.await A valid shutdown command was received via the shutdown port. Stopping the Server instance.
30-Mar-2025 04:45:57.168 INFO [main] org.apache.coyote.AbstractProtocol.pause Pausing ProtocolHandler ["http-nio-8080"]
30-Mar-2025 04:45:57.215 INFO [main] org.apache.catalina.core.StandardService.stopInternal Stopping service [Catalina]
30-Mar-2025 04:45:57.579 INFO [main] org.apache.coyote.AbstractProtocol.stop Stopping ProtocolHandler ["http-nio-8080"]
30-Mar-2025 04:45:57.600 INFO [main] org.apache.coyote.AbstractProtocol.destroy Destroying ProtocolHandler ["http-nio-8080"]
30-Mar-2025 23:20:48.306 INFO [main] org.apache.catalina.startup.VersionLoggerListener.log Server version name:   Apache Tomcat/9.0.100
30-Mar-2025 23:20:48.311 INFO [main] org.apache.catalina.startup.VersionLoggerListener.log Server built:          Feb 13 2025 11:29:56 UTC
30-Mar-2025 23:20:48.311 INFO [main] org.apache.catalina.startup.VersionLoggerListener.log Server version number: 9.0.100.0
30-Mar-2025 23:20:48.311 INFO [main] org.apache.catalina.startup.VersionLoggerListener.log OS Name:               Windows 11
30-Mar-2025 23:20:48.313 INFO [main] org.apache.catalina.startup.VersionLoggerListener.log OS Version:            10.0
30-Mar-2025 23:20:48.313 INFO [main] org.apache.catalina.startup.VersionLoggerListener.log Architecture:          amd64
30-Mar-2025 23:20:48.313 INFO [main] org.apache.catalina.startup.VersionLoggerListener.log Java Home:             C:\Program Files\Java\jdk-23
30-Mar-2025 23:20:48.313 INFO [main] org.apache.catalina.startup.VersionLoggerListener.log JVM Version:           23.0.2+7-58
30-Mar-2025 23:20:48.313 INFO [main] org.apache.catalina.startup.VersionLoggerListener.log JVM Vendor:            Oracle Corporation
30-Mar-2025 23:20:48.313 INFO [main] org.apache.catalina.startup.VersionLoggerListener.log CATALINA_BASE:         C:\Users\Udith\Documents\GitHub\IIT_Coding\Year 3\Client Server\Practice\Teluisko\apache-tomcat-9.0.100
30-Mar-2025 23:20:48.313 INFO [main] org.apache.catalina.startup.VersionLoggerListener.log CATALINA_HOME:         C:\Users\Udith\Documents\GitHub\IIT_Coding\Year 3\Client Server\Practice\Teluisko\apache-tomcat-9.0.100
30-Mar-2025 23:20:48.322 INFO [main] org.apache.catalina.startup.VersionLoggerListener.log Command line argument: --add-opens=java.base/java.lang=ALL-UNNAMED
30-Mar-2025 23:20:48.323 INFO [main] org.apache.catalina.startup.VersionLoggerListener.log Command line argument: --add-opens=java.base/java.io=ALL-UNNAMED
30-Mar-2025 23:20:48.323 INFO [main] org.apache.catalina.startup.VersionLoggerListener.log Command line argument: --add-opens=java.base/java.util=ALL-UNNAMED
30-Mar-2025 23:20:48.323 INFO [main] org.apache.catalina.startup.VersionLoggerListener.log Command line argument: --add-opens=java.base/java.util.concurrent=ALL-UNNAMED
30-Mar-2025 23:20:48.323 INFO [main] org.apache.catalina.startup.VersionLoggerListener.log Command line argument: --add-opens=java.rmi/sun.rmi.transport=ALL-UNNAMED
30-Mar-2025 23:20:48.323 INFO [main] org.apache.catalina.startup.VersionLoggerListener.log Command line argument: -Djava.util.logging.config.file=C:\Users\Udith\Documents\GitHub\IIT_Coding\Year 3\Client Server\Practice\Teluisko\apache-tomcat-9.0.100\conf\logging.properties
30-Mar-2025 23:20:48.323 INFO [main] org.apache.catalina.startup.VersionLoggerListener.log Command line argument: -Djava.util.logging.manager=org.apache.juli.ClassLoaderLogManager
30-Mar-2025 23:20:48.323 INFO [main] org.apache.catalina.startup.VersionLoggerListener.log Command line argument: -Djdk.tls.ephemeralDHKeySize=2048
30-Mar-2025 23:20:48.323 INFO [main] org.apache.catalina.startup.VersionLoggerListener.log Command line argument: -Djava.protocol.handler.pkgs=org.apache.catalina.webresources
30-Mar-2025 23:20:48.323 INFO [main] org.apache.catalina.startup.VersionLoggerListener.log Command line argument: -Dsun.io.useCanonCaches=false
30-Mar-2025 23:20:48.323 INFO [main] org.apache.catalina.startup.VersionLoggerListener.log Command line argument: -Dignore.endorsed.dirs=
30-Mar-2025 23:20:48.323 INFO [main] org.apache.catalina.startup.VersionLoggerListener.log Command line argument: -Dcatalina.base=C:\Users\Udith\Documents\GitHub\IIT_Coding\Year 3\Client Server\Practice\Teluisko\apache-tomcat-9.0.100
30-Mar-2025 23:20:48.324 INFO [main] org.apache.catalina.startup.VersionLoggerListener.log Command line argument: -Dcatalina.home=C:\Users\Udith\Documents\GitHub\IIT_Coding\Year 3\Client Server\Practice\Teluisko\apache-tomcat-9.0.100
30-Mar-2025 23:20:48.324 INFO [main] org.apache.catalina.startup.VersionLoggerListener.log Command line argument: -Djava.io.tmpdir=C:\Users\Udith\Documents\GitHub\IIT_Coding\Year 3\Client Server\Practice\Teluisko\apache-tomcat-9.0.100\temp
30-Mar-2025 23:20:48.360 INFO [main] org.apache.catalina.core.AprLifecycleListener.lifecycleEvent The Apache Tomcat Native library which allows using OpenSSL was not found on the java.library.path: [C:\Program Files\Java\jdk-23\bin;C:\WINDOWS\Sun\Java\bin;C:\WINDOWS\system32;C:\WINDOWS;C:\Program Files\Common Files\Oracle\Java\javapath;C:\WINDOWS\system32;C:\WINDOWS;C:\WINDOWS\System32\Wbem;C:\WINDOWS\System32\WindowsPowerShell\v1.0\;C:\WINDOWS\System32\OpenSSH\;C:\Program Files (x86)\NVIDIA Corporation\PhysX\Common;C:\Program Files\NVIDIA Corporation\NVIDIA NvDLISR;C:\Program Files\Git\cmd;C:\Program Files\nodejs\;C:\Program Files\Java\jdk-23\bin;C:\Users\Udith\AppData\Local\Microsoft\WindowsApps;C:\Users\Udith\AppData\Local\Programs\Microsoft VS Code\bin;C:\Program Files\JetBrains\IntelliJ IDEA Community Edition 2024.3\bin;;C:\Users\Udith\AppData\Local\GitHubDesktop\bin;C:\Users\Udith\AppData\Roaming\npm;;.]
30-Mar-2025 23:20:48.818 INFO [main] org.apache.coyote.AbstractProtocol.init Initializing ProtocolHandler ["http-nio-8080"]
30-Mar-2025 23:20:48.847 INFO [main] org.apache.catalina.startup.Catalina.load Server initialization in [819] milliseconds
30-Mar-2025 23:20:48.925 INFO [main] org.apache.catalina.core.StandardService.startInternal Starting service [Catalina]
30-Mar-2025 23:20:48.925 INFO [main] org.apache.catalina.core.StandardEngine.startInternal Starting Servlet engine: [Apache Tomcat/9.0.100]
30-Mar-2025 23:20:48.942 INFO [main] org.apache.catalina.startup.HostConfig.deployDescriptor Deploying deployment descriptor [C:\Users\Udith\Documents\GitHub\IIT_Coding\Year 3\Client Server\Practice\Teluisko\apache-tomcat-9.0.100\conf\Catalina\localhost\CSA_CW.xml]
30-Mar-2025 23:20:48.959 WARNING [main] org.apache.catalina.startup.HostConfig.deployDescriptor The path attribute with value [/CSA_CW] in deployment descriptor [C:\Users\Udith\Documents\GitHub\IIT_Coding\Year 3\Client Server\Practice\Teluisko\apache-tomcat-9.0.100\conf\Catalina\localhost\CSA_CW.xml] has been ignored
30-Mar-2025 23:20:50.433 INFO [main] org.apache.jasper.servlet.TldScanner.scanJars At least one JAR was scanned for TLDs yet contained no TLDs. Enable debug logging for this logger for a complete list of JARs that were scanned but no TLDs were found in them. Skipping unneeded JARs during scanning can improve startup time and JSP compilation time.
30-Mar-2025 23:20:51.236 WARNING [main] org.glassfish.jersey.server.wadl.WadlFeature.configure JAXBContext implementation could not be found. WADL feature is disabled.
30-Mar-2025 23:20:51.385 WARNING [main] org.glassfish.jersey.server.ResourceBagConfigurator.init Illegal character "/" at position 2 is not allowed as a start of a name in a path template "/{/id}/books".
30-Mar-2025 23:20:51.922 WARNING [main] org.glassfish.jersey.internal.Errors.logErrors The following warnings have been detected: WARNING: A resource, Resource{"/books", 0 child resources, 0 resource methods, 0 sub-resource locator, 0 method handler classes, 0 method handler instances}, with path "/books" is empty. It has no resource (or sub resource) methods neither sub resource locators defined.
WARNING: A resource, Resource{"/customers", 0 child resources, 0 resource methods, 0 sub-resource locator, 0 method handler classes, 0 method handler instances}, with path "/customers" is empty. It has no resource (or sub resource) methods neither sub resource locators defined.

30-Mar-2025 23:20:51.943 INFO [main] org.apache.catalina.startup.HostConfig.deployDescriptor Deployment of deployment descriptor [C:\Users\Udith\Documents\GitHub\IIT_Coding\Year 3\Client Server\Practice\Teluisko\apache-tomcat-9.0.100\conf\Catalina\localhost\CSA_CW.xml] has finished in [3,001] ms
30-Mar-2025 23:20:51.944 INFO [main] org.apache.catalina.startup.HostConfig.deployDescriptor Deploying deployment descriptor [C:\Users\Udith\Documents\GitHub\IIT_Coding\Year 3\Client Server\Practice\Teluisko\apache-tomcat-9.0.100\conf\Catalina\localhost\CW001.xml]
30-Mar-2025 23:20:51.945 WARNING [main] org.apache.catalina.startup.HostConfig.deployDescriptor The path attribute with value [/CW001] in deployment descriptor [C:\Users\Udith\Documents\GitHub\IIT_Coding\Year 3\Client Server\Practice\Teluisko\apache-tomcat-9.0.100\conf\Catalina\localhost\CW001.xml] has been ignored
30-Mar-2025 23:20:52.036 WARNING [main] org.apache.tomcat.util.descriptor.web.WebXml.setVersion Unknown version string [6.0]. Default version will be used.
30-Mar-2025 23:20:52.739 INFO [main] org.apache.jasper.servlet.TldScanner.scanJars At least one JAR was scanned for TLDs yet contained no TLDs. Enable debug logging for this logger for a complete list of JARs that were scanned but no TLDs were found in them. Skipping unneeded JARs during scanning can improve startup time and JSP compilation time.
30-Mar-2025 23:20:53.262 WARNING [main] org.glassfish.jersey.server.wadl.WadlFeature.configure JAXBContext implementation could not be found. WADL feature is disabled.
30-Mar-2025 23:20:53.838 INFO [main] org.apache.catalina.startup.HostConfig.deployDescriptor Deployment of deployment descriptor [C:\Users\Udith\Documents\GitHub\IIT_Coding\Year 3\Client Server\Practice\Teluisko\apache-tomcat-9.0.100\conf\Catalina\localhost\CW001.xml] has finished in [1,894] ms
30-Mar-2025 23:20:53.839 INFO [main] org.apache.catalina.startup.HostConfig.deployDescriptor Deploying deployment descriptor [C:\Users\Udith\Documents\GitHub\IIT_Coding\Year 3\Client Server\Practice\Teluisko\apache-tomcat-9.0.100\conf\Catalina\localhost\HelloWorld1.xml]
30-Mar-2025 23:20:53.841 WARNING [main] org.apache.catalina.startup.HostConfig.deployDescriptor The path attribute with value [/HelloWorld1] in deployment descriptor [C:\Users\Udith\Documents\GitHub\IIT_Coding\Year 3\Client Server\Practice\Teluisko\apache-tomcat-9.0.100\conf\Catalina\localhost\HelloWorld1.xml] has been ignored
30-Mar-2025 23:20:54.757 INFO [main] org.apache.jasper.servlet.TldScanner.scanJars At least one JAR was scanned for TLDs yet contained no TLDs. Enable debug logging for this logger for a complete list of JARs that were scanned but no TLDs were found in them. Skipping unneeded JARs during scanning can improve startup time and JSP compilation time.
30-Mar-2025 23:20:55.350 WARNING [main] org.glassfish.jersey.server.wadl.WadlFeature.configure JAXBContext implementation could not be found. WADL feature is disabled.
30-Mar-2025 23:20:56.124 INFO [main] org.apache.catalina.startup.HostConfig.deployDescriptor Deployment of deployment descriptor [C:\Users\Udith\Documents\GitHub\IIT_Coding\Year 3\Client Server\Practice\Teluisko\apache-tomcat-9.0.100\conf\Catalina\localhost\HelloWorld1.xml] has finished in [2,284] ms
30-Mar-2025 23:20:56.124 INFO [main] org.apache.catalina.startup.HostConfig.deployDescriptor Deploying deployment descriptor [C:\Users\Udith\Documents\GitHub\IIT_Coding\Year 3\Client Server\Practice\Teluisko\apache-tomcat-9.0.100\conf\Catalina\localhost\Tutorial_Week08_EX01.xml]
30-Mar-2025 23:20:56.127 WARNING [main] org.apache.catalina.startup.HostConfig.deployDescriptor The path attribute with value [/Tutorial_Week08_EX01] in deployment descriptor [C:\Users\Udith\Documents\GitHub\IIT_Coding\Year 3\Client Server\Practice\Teluisko\apache-tomcat-9.0.100\conf\Catalina\localhost\Tutorial_Week08_EX01.xml] has been ignored
30-Mar-2025 23:20:57.176 INFO [main] org.apache.jasper.servlet.TldScanner.scanJars At least one JAR was scanned for TLDs yet contained no TLDs. Enable debug logging for this logger for a complete list of JARs that were scanned but no TLDs were found in them. Skipping unneeded JARs during scanning can improve startup time and JSP compilation time.
30-Mar-2025 23:20:57.926 WARNING [main] org.glassfish.jersey.server.wadl.WadlFeature.configure JAXBContext implementation could not be found. WADL feature is disabled.
30-Mar-2025 23:20:58.675 INFO [main] org.apache.catalina.startup.HostConfig.deployDescriptor Deployment of deployment descriptor [C:\Users\Udith\Documents\GitHub\IIT_Coding\Year 3\Client Server\Practice\Teluisko\apache-tomcat-9.0.100\conf\Catalina\localhost\Tutorial_Week08_EX01.xml] has finished in [2,551] ms
30-Mar-2025 23:20:58.676 INFO [main] org.apache.catalina.startup.HostConfig.deployDirectory Deploying web application directory [C:\Users\Udith\Documents\GitHub\IIT_Coding\Year 3\Client Server\Practice\Teluisko\apache-tomcat-9.0.100\webapps\docs]
30-Mar-2025 23:20:58.718 INFO [main] org.apache.catalina.startup.HostConfig.deployDirectory Deployment of web application directory [C:\Users\Udith\Documents\GitHub\IIT_Coding\Year 3\Client Server\Practice\Teluisko\apache-tomcat-9.0.100\webapps\docs] has finished in [42] ms
30-Mar-2025 23:20:58.719 INFO [main] org.apache.catalina.startup.HostConfig.deployDirectory Deploying web application directory [C:\Users\Udith\Documents\GitHub\IIT_Coding\Year 3\Client Server\Practice\Teluisko\apache-tomcat-9.0.100\webapps\examples]
30-Mar-2025 23:20:59.441 INFO [main] org.apache.catalina.startup.HostConfig.deployDirectory Deployment of web application directory [C:\Users\Udith\Documents\GitHub\IIT_Coding\Year 3\Client Server\Practice\Teluisko\apache-tomcat-9.0.100\webapps\examples] has finished in [722] ms
30-Mar-2025 23:20:59.442 INFO [main] org.apache.catalina.startup.HostConfig.deployDirectory Deploying web application directory [C:\Users\Udith\Documents\GitHub\IIT_Coding\Year 3\Client Server\Practice\Teluisko\apache-tomcat-9.0.100\webapps\host-manager]
30-Mar-2025 23:20:59.587 INFO [main] org.apache.catalina.startup.HostConfig.deployDirectory Deployment of web application directory [C:\Users\Udith\Documents\GitHub\IIT_Coding\Year 3\Client Server\Practice\Teluisko\apache-tomcat-9.0.100\webapps\host-manager] has finished in [145] ms
30-Mar-2025 23:20:59.588 INFO [main] org.apache.catalina.startup.HostConfig.deployDirectory Deploying web application directory [C:\Users\Udith\Documents\GitHub\IIT_Coding\Year 3\Client Server\Practice\Teluisko\apache-tomcat-9.0.100\webapps\manager]
30-Mar-2025 23:20:59.709 INFO [main] org.apache.catalina.startup.HostConfig.deployDirectory Deployment of web application directory [C:\Users\Udith\Documents\GitHub\IIT_Coding\Year 3\Client Server\Practice\Teluisko\apache-tomcat-9.0.100\webapps\manager] has finished in [121] ms
30-Mar-2025 23:20:59.710 INFO [main] org.apache.catalina.startup.HostConfig.deployDirectory Deploying web application directory [C:\Users\Udith\Documents\GitHub\IIT_Coding\Year 3\Client Server\Practice\Teluisko\apache-tomcat-9.0.100\webapps\ROOT]
30-Mar-2025 23:20:59.775 INFO [main] org.apache.catalina.startup.HostConfig.deployDirectory Deployment of web application directory [C:\Users\Udith\Documents\GitHub\IIT_Coding\Year 3\Client Server\Practice\Teluisko\apache-tomcat-9.0.100\webapps\ROOT] has finished in [65] ms
30-Mar-2025 23:20:59.792 INFO [main] org.apache.coyote.AbstractProtocol.start Starting ProtocolHandler ["http-nio-8080"]
30-Mar-2025 23:20:59.841 INFO [main] org.apache.catalina.startup.Catalina.start Server startup in [10991] milliseconds
30-Mar-2025 23:21:04.293 INFO [http-nio-8080-exec-2] org.apache.catalina.startup.HostConfig.undeploy Undeploying context [/CSA_CW]
30-Mar-2025 23:21:04.345 INFO [http-nio-8080-exec-5] org.apache.catalina.startup.HostConfig.deployDescriptor Deploying deployment descriptor [C:\Users\Udith\Documents\GitHub\IIT_Coding\Year 3\Client Server\Practice\Teluisko\apache-tomcat-9.0.100\conf\Catalina\localhost\CSA_CW.xml]
30-Mar-2025 23:21:04.346 WARNING [http-nio-8080-exec-5] org.apache.catalina.startup.HostConfig.deployDescriptor The path attribute with value [/CSA_CW] in deployment descriptor [C:\Users\Udith\Documents\GitHub\IIT_Coding\Year 3\Client Server\Practice\Teluisko\apache-tomcat-9.0.100\conf\Catalina\localhost\CSA_CW.xml] has been ignored
30-Mar-2025 23:21:05.541 INFO [http-nio-8080-exec-5] org.apache.jasper.servlet.TldScanner.scanJars At least one JAR was scanned for TLDs yet contained no TLDs. Enable debug logging for this logger for a complete list of JARs that were scanned but no TLDs were found in them. Skipping unneeded JARs during scanning can improve startup time and JSP compilation time.
30-Mar-2025 23:21:06.290 WARNING [http-nio-8080-exec-5] org.glassfish.jersey.server.wadl.WadlFeature.configure JAXBContext implementation could not be found. WADL feature is disabled.
30-Mar-2025 23:21:06.483 WARNING [http-nio-8080-exec-5] org.glassfish.jersey.server.ResourceBagConfigurator.init Illegal character "/" at position 2 is not allowed as a start of a name in a path template "/{/id}/books".
30-Mar-2025 23:21:07.102 WARNING [http-nio-8080-exec-5] org.glassfish.jersey.internal.Errors.logErrors The following warnings have been detected: WARNING: A resource, Resource{"/books", 0 child resources, 0 resource methods, 0 sub-resource locator, 0 method handler classes, 0 method handler instances}, with path "/books" is empty. It has no resource (or sub resource) methods neither sub resource locators defined.
WARNING: A resource, Resource{"/customers", 0 child resources, 0 resource methods, 0 sub-resource locator, 0 method handler classes, 0 method handler instances}, with path "/customers" is empty. It has no resource (or sub resource) methods neither sub resource locators defined.

30-Mar-2025 23:21:07.112 INFO [http-nio-8080-exec-5] org.apache.catalina.startup.HostConfig.deployDescriptor Deployment of deployment descriptor [C:\Users\Udith\Documents\GitHub\IIT_Coding\Year 3\Client Server\Practice\Teluisko\apache-tomcat-9.0.100\conf\Catalina\localhost\CSA_CW.xml] has finished in [2,767] ms
30-Mar-2025 23:21:07.116 INFO [http-nio-8080-exec-9] org.apache.catalina.util.LifecycleBase.start The start() method was called on component [StandardEngine[Catalina].StandardHost[localhost].StandardContext[/CSA_CW]] after start() had already been called. The second call will be ignored.
30-Mar-2025 23:21:58.456 INFO [http-nio-8080-exec-7] org.apache.catalina.startup.HostConfig.undeploy Undeploying context [/CSA_CW]
30-Mar-2025 23:21:58.474 INFO [http-nio-8080-exec-13] org.apache.catalina.startup.HostConfig.deployDescriptor Deploying deployment descriptor [C:\Users\Udith\Documents\GitHub\IIT_Coding\Year 3\Client Server\Practice\Teluisko\apache-tomcat-9.0.100\conf\Catalina\localhost\CSA_CW.xml]
30-Mar-2025 23:21:58.475 WARNING [http-nio-8080-exec-13] org.apache.catalina.startup.HostConfig.deployDescriptor The path attribute with value [/CSA_CW] in deployment descriptor [C:\Users\Udith\Documents\GitHub\IIT_Coding\Year 3\Client Server\Practice\Teluisko\apache-tomcat-9.0.100\conf\Catalina\localhost\CSA_CW.xml] has been ignored
30-Mar-2025 23:21:59.263 INFO [http-nio-8080-exec-13] org.apache.jasper.servlet.TldScanner.scanJars At least one JAR was scanned for TLDs yet contained no TLDs. Enable debug logging for this logger for a complete list of JARs that were scanned but no TLDs were found in them. Skipping unneeded JARs during scanning can improve startup time and JSP compilation time.
30-Mar-2025 23:21:59.844 WARNING [http-nio-8080-exec-13] org.glassfish.jersey.server.wadl.WadlFeature.configure JAXBContext implementation could not be found. WADL feature is disabled.
30-Mar-2025 23:22:00.458 WARNING [http-nio-8080-exec-13] org.glassfish.jersey.internal.Errors.logErrors The following warnings have been detected: WARNING: A resource, Resource{"/books", 0 child resources, 0 resource methods, 0 sub-resource locator, 0 method handler classes, 0 method handler instances}, with path "/books" is empty. It has no resource (or sub resource) methods neither sub resource locators defined.
WARNING: A resource, Resource{"/customers", 0 child resources, 0 resource methods, 0 sub-resource locator, 0 method handler classes, 0 method handler instances}, with path "/customers" is empty. It has no resource (or sub resource) methods neither sub resource locators defined.

30-Mar-2025 23:22:00.468 INFO [http-nio-8080-exec-13] org.apache.catalina.startup.HostConfig.deployDescriptor Deployment of deployment descriptor [C:\Users\Udith\Documents\GitHub\IIT_Coding\Year 3\Client Server\Practice\Teluisko\apache-tomcat-9.0.100\conf\Catalina\localhost\CSA_CW.xml] has finished in [1,995] ms
30-Mar-2025 23:22:00.471 INFO [http-nio-8080-exec-1] org.apache.catalina.util.LifecycleBase.start The start() method was called on component [StandardEngine[Catalina].StandardHost[localhost].StandardContext[/CSA_CW]] after start() had already been called. The second call will be ignored.
30-Mar-2025 23:24:11.615 INFO [http-nio-8080-exec-25] org.apache.catalina.startup.HostConfig.undeploy Undeploying context [/CSA_CW]
30-Mar-2025 23:24:11.637 INFO [http-nio-8080-exec-23] org.apache.catalina.startup.HostConfig.deployDescriptor Deploying deployment descriptor [C:\Users\Udith\Documents\GitHub\IIT_Coding\Year 3\Client Server\Practice\Teluisko\apache-tomcat-9.0.100\conf\Catalina\localhost\CSA_CW.xml]
30-Mar-2025 23:24:11.638 WARNING [http-nio-8080-exec-23] org.apache.catalina.startup.HostConfig.deployDescriptor The path attribute with value [/CSA_CW] in deployment descriptor [C:\Users\Udith\Documents\GitHub\IIT_Coding\Year 3\Client Server\Practice\Teluisko\apache-tomcat-9.0.100\conf\Catalina\localhost\CSA_CW.xml] has been ignored
30-Mar-2025 23:24:12.551 INFO [http-nio-8080-exec-23] org.apache.jasper.servlet.TldScanner.scanJars At least one JAR was scanned for TLDs yet contained no TLDs. Enable debug logging for this logger for a complete list of JARs that were scanned but no TLDs were found in them. Skipping unneeded JARs during scanning can improve startup time and JSP compilation time.
30-Mar-2025 23:24:13.121 WARNING [http-nio-8080-exec-23] org.glassfish.jersey.server.wadl.WadlFeature.configure JAXBContext implementation could not be found. WADL feature is disabled.
30-Mar-2025 23:24:13.741 WARNING [http-nio-8080-exec-23] org.glassfish.jersey.internal.Errors.logErrors The following warnings have been detected: WARNING: A resource, Resource{"/books", 0 child resources, 0 resource methods, 0 sub-resource locator, 0 method handler classes, 0 method handler instances}, with path "/books" is empty. It has no resource (or sub resource) methods neither sub resource locators defined.
WARNING: A resource, Resource{"/customers", 0 child resources, 0 resource methods, 0 sub-resource locator, 0 method handler classes, 0 method handler instances}, with path "/customers" is empty. It has no resource (or sub resource) methods neither sub resource locators defined.

30-Mar-2025 23:24:13.747 INFO [http-nio-8080-exec-23] org.apache.catalina.startup.HostConfig.deployDescriptor Deployment of deployment descriptor [C:\Users\Udith\Documents\GitHub\IIT_Coding\Year 3\Client Server\Practice\Teluisko\apache-tomcat-9.0.100\conf\Catalina\localhost\CSA_CW.xml] has finished in [2,110] ms
30-Mar-2025 23:24:13.750 INFO [http-nio-8080-exec-20] org.apache.catalina.util.LifecycleBase.start The start() method was called on component [StandardEngine[Catalina].StandardHost[localhost].StandardContext[/CSA_CW]] after start() had already been called. The second call will be ignored.
30-Mar-2025 23:38:38.272 INFO [http-nio-8080-exec-34] org.apache.catalina.startup.HostConfig.undeploy Undeploying context [/CSA_CW]
30-Mar-2025 23:38:38.294 INFO [http-nio-8080-exec-28] org.apache.catalina.startup.HostConfig.deployDescriptor Deploying deployment descriptor [C:\Users\Udith\Documents\GitHub\IIT_Coding\Year 3\Client Server\Practice\Teluisko\apache-tomcat-9.0.100\conf\Catalina\localhost\CSA_CW.xml]
30-Mar-2025 23:38:38.295 WARNING [http-nio-8080-exec-28] org.apache.catalina.startup.HostConfig.deployDescriptor The path attribute with value [/CSA_CW] in deployment descriptor [C:\Users\Udith\Documents\GitHub\IIT_Coding\Year 3\Client Server\Practice\Teluisko\apache-tomcat-9.0.100\conf\Catalina\localhost\CSA_CW.xml] has been ignored
30-Mar-2025 23:38:39.135 INFO [http-nio-8080-exec-28] org.apache.jasper.servlet.TldScanner.scanJars At least one JAR was scanned for TLDs yet contained no TLDs. Enable debug logging for this logger for a complete list of JARs that were scanned but no TLDs were found in them. Skipping unneeded JARs during scanning can improve startup time and JSP compilation time.
30-Mar-2025 23:38:39.721 WARNING [http-nio-8080-exec-28] org.glassfish.jersey.server.wadl.WadlFeature.configure JAXBContext implementation could not be found. WADL feature is disabled.
30-Mar-2025 23:38:40.346 WARNING [http-nio-8080-exec-28] org.glassfish.jersey.internal.Errors.logErrors The following warnings have been detected: WARNING: A resource, Resource{"/books", 0 child resources, 0 resource methods, 0 sub-resource locator, 0 method handler classes, 0 method handler instances}, with path "/books" is empty. It has no resource (or sub resource) methods neither sub resource locators defined.
WARNING: A resource, Resource{"/customers", 0 child resources, 0 resource methods, 0 sub-resource locator, 0 method handler classes, 0 method handler instances}, with path "/customers" is empty. It has no resource (or sub resource) methods neither sub resource locators defined.

30-Mar-2025 23:38:40.354 INFO [http-nio-8080-exec-28] org.apache.catalina.startup.HostConfig.deployDescriptor Deployment of deployment descriptor [C:\Users\Udith\Documents\GitHub\IIT_Coding\Year 3\Client Server\Practice\Teluisko\apache-tomcat-9.0.100\conf\Catalina\localhost\CSA_CW.xml] has finished in [2,060] ms
30-Mar-2025 23:38:40.357 INFO [http-nio-8080-exec-33] org.apache.catalina.util.LifecycleBase.start The start() method was called on component [StandardEngine[Catalina].StandardHost[localhost].StandardContext[/CSA_CW]] after start() had already been called. The second call will be ignored.
30-Mar-2025 23:55:44.812 INFO [http-nio-8080-exec-36] org.apache.catalina.startup.HostConfig.undeploy Undeploying context [/CSA_CW]
30-Mar-2025 23:55:44.833 INFO [http-nio-8080-exec-40] org.apache.catalina.startup.HostConfig.deployDescriptor Deploying deployment descriptor [C:\Users\Udith\Documents\GitHub\IIT_Coding\Year 3\Client Server\Practice\Teluisko\apache-tomcat-9.0.100\conf\Catalina\localhost\CSA_CW.xml]
30-Mar-2025 23:55:44.835 WARNING [http-nio-8080-exec-40] org.apache.catalina.startup.HostConfig.deployDescriptor The path attribute with value [/CSA_CW] in deployment descriptor [C:\Users\Udith\Documents\GitHub\IIT_Coding\Year 3\Client Server\Practice\Teluisko\apache-tomcat-9.0.100\conf\Catalina\localhost\CSA_CW.xml] has been ignored
30-Mar-2025 23:55:45.702 INFO [http-nio-8080-exec-40] org.apache.jasper.servlet.TldScanner.scanJars At least one JAR was scanned for TLDs yet contained no TLDs. Enable debug logging for this logger for a complete list of JARs that were scanned but no TLDs were found in them. Skipping unneeded JARs during scanning can improve startup time and JSP compilation time.
30-Mar-2025 23:55:46.284 WARNING [http-nio-8080-exec-40] org.glassfish.jersey.server.wadl.WadlFeature.configure JAXBContext implementation could not be found. WADL feature is disabled.
30-Mar-2025 23:55:46.919 WARNING [http-nio-8080-exec-40] org.glassfish.jersey.internal.Errors.logErrors The following warnings have been detected: WARNING: A resource, Resource{"/customers", 0 child resources, 0 resource methods, 0 sub-resource locator, 0 method handler classes, 0 method handler instances}, with path "/customers" is empty. It has no resource (or sub resource) methods neither sub resource locators defined.

30-Mar-2025 23:55:46.923 INFO [http-nio-8080-exec-40] org.apache.catalina.startup.HostConfig.deployDescriptor Deployment of deployment descriptor [C:\Users\Udith\Documents\GitHub\IIT_Coding\Year 3\Client Server\Practice\Teluisko\apache-tomcat-9.0.100\conf\Catalina\localhost\CSA_CW.xml] has finished in [2,090] ms
30-Mar-2025 23:55:46.927 INFO [http-nio-8080-exec-44] org.apache.catalina.util.LifecycleBase.start The start() method was called on component [StandardEngine[Catalina].StandardHost[localhost].StandardContext[/CSA_CW]] after start() had already been called. The second call will be ignored.
30-Mar-2025 23:58:18.266 INFO [http-nio-8080-exec-53] org.apache.catalina.startup.HostConfig.undeploy Undeploying context [/CSA_CW]
30-Mar-2025 23:58:18.294 INFO [http-nio-8080-exec-50] org.apache.catalina.startup.HostConfig.deployDescriptor Deploying deployment descriptor [C:\Users\Udith\Documents\GitHub\IIT_Coding\Year 3\Client Server\Practice\Teluisko\apache-tomcat-9.0.100\conf\Catalina\localhost\CSA_CW.xml]
30-Mar-2025 23:58:18.296 WARNING [http-nio-8080-exec-50] org.apache.catalina.startup.HostConfig.deployDescriptor The path attribute with value [/CSA_CW] in deployment descriptor [C:\Users\Udith\Documents\GitHub\IIT_Coding\Year 3\Client Server\Practice\Teluisko\apache-tomcat-9.0.100\conf\Catalina\localhost\CSA_CW.xml] has been ignored
30-Mar-2025 23:58:19.132 INFO [http-nio-8080-exec-50] org.apache.jasper.servlet.TldScanner.scanJars At least one JAR was scanned for TLDs yet contained no TLDs. Enable debug logging for this logger for a complete list of JARs that were scanned but no TLDs were found in them. Skipping unneeded JARs during scanning can improve startup time and JSP compilation time.
30-Mar-2025 23:58:19.713 WARNING [http-nio-8080-exec-50] org.glassfish.jersey.server.wadl.WadlFeature.configure JAXBContext implementation could not be found. WADL feature is disabled.
30-Mar-2025 23:58:20.413 WARNING [http-nio-8080-exec-50] org.glassfish.jersey.internal.Errors.logErrors The following warnings have been detected: WARNING: A resource, Resource{"/customers", 0 child resources, 0 resource methods, 0 sub-resource locator, 0 method handler classes, 0 method handler instances}, with path "/customers" is empty. It has no resource (or sub resource) methods neither sub resource locators defined.

30-Mar-2025 23:58:20.421 INFO [http-nio-8080-exec-50] org.apache.catalina.startup.HostConfig.deployDescriptor Deployment of deployment descriptor [C:\Users\Udith\Documents\GitHub\IIT_Coding\Year 3\Client Server\Practice\Teluisko\apache-tomcat-9.0.100\conf\Catalina\localhost\CSA_CW.xml] has finished in [2,127] ms
30-Mar-2025 23:58:20.425 INFO [http-nio-8080-exec-55] org.apache.catalina.util.LifecycleBase.start The start() method was called on component [StandardEngine[Catalina].StandardHost[localhost].StandardContext[/CSA_CW]] after start() had already been called. The second call will be ignored.
