26-Mar-2025 03:36:26.271 INFO [main] org.apache.catalina.startup.VersionLoggerListener.log Server version name:   Apache Tomcat/9.0.100
26-Mar-2025 03:36:26.278 INFO [main] org.apache.catalina.startup.VersionLoggerListener.log Server built:          Feb 13 2025 11:29:56 UTC
26-Mar-2025 03:36:26.278 INFO [main] org.apache.catalina.startup.VersionLoggerListener.log Server version number: 9.0.100.0
26-Mar-2025 03:36:26.278 INFO [main] org.apache.catalina.startup.VersionLoggerListener.log OS Name:               Windows 11
26-Mar-2025 03:36:26.278 INFO [main] org.apache.catalina.startup.VersionLoggerListener.log OS Version:            10.0
26-Mar-2025 03:36:26.278 INFO [main] org.apache.catalina.startup.VersionLoggerListener.log Architecture:          amd64
26-Mar-2025 03:36:26.278 INFO [main] org.apache.catalina.startup.VersionLoggerListener.log Java Home:             C:\Program Files\Java\jdk-23
26-Mar-2025 03:36:26.278 INFO [main] org.apache.catalina.startup.VersionLoggerListener.log JVM Version:           23.0.2+7-58
26-Mar-2025 03:36:26.278 INFO [main] org.apache.catalina.startup.VersionLoggerListener.log JVM Vendor:            Oracle Corporation
26-Mar-2025 03:36:26.278 INFO [main] org.apache.catalina.startup.VersionLoggerListener.log CATALINA_BASE:         C:\Users\Udith\Documents\GitHub\IIT_Coding\Year 3\Client Server\Practice\Teluisko\apache-tomcat-9.0.100
26-Mar-2025 03:36:26.278 INFO [main] org.apache.catalina.startup.VersionLoggerListener.log CATALINA_HOME:         C:\Users\Udith\Documents\GitHub\IIT_Coding\Year 3\Client Server\Practice\Teluisko\apache-tomcat-9.0.100
26-Mar-2025 03:36:26.286 INFO [main] org.apache.catalina.startup.VersionLoggerListener.log Command line argument: --add-opens=java.base/java.lang=ALL-UNNAMED
26-Mar-2025 03:36:26.286 INFO [main] org.apache.catalina.startup.VersionLoggerListener.log Command line argument: --add-opens=java.base/java.io=ALL-UNNAMED
26-Mar-2025 03:36:26.286 INFO [main] org.apache.catalina.startup.VersionLoggerListener.log Command line argument: --add-opens=java.base/java.util=ALL-UNNAMED
26-Mar-2025 03:36:26.286 INFO [main] org.apache.catalina.startup.VersionLoggerListener.log Command line argument: --add-opens=java.base/java.util.concurrent=ALL-UNNAMED
26-Mar-2025 03:36:26.286 INFO [main] org.apache.catalina.startup.VersionLoggerListener.log Command line argument: --add-opens=java.rmi/sun.rmi.transport=ALL-UNNAMED
26-Mar-2025 03:36:26.286 INFO [main] org.apache.catalina.startup.VersionLoggerListener.log Command line argument: -Djava.util.logging.config.file=C:\Users\Udith\Documents\GitHub\IIT_Coding\Year 3\Client Server\Practice\Teluisko\apache-tomcat-9.0.100\conf\logging.properties
26-Mar-2025 03:36:26.286 INFO [main] org.apache.catalina.startup.VersionLoggerListener.log Command line argument: -Djava.util.logging.manager=org.apache.juli.ClassLoaderLogManager
26-Mar-2025 03:36:26.286 INFO [main] org.apache.catalina.startup.VersionLoggerListener.log Command line argument: -Djdk.tls.ephemeralDHKeySize=2048
26-Mar-2025 03:36:26.286 INFO [main] org.apache.catalina.startup.VersionLoggerListener.log Command line argument: -Djava.protocol.handler.pkgs=org.apache.catalina.webresources
26-Mar-2025 03:36:26.286 INFO [main] org.apache.catalina.startup.VersionLoggerListener.log Command line argument: -Dsun.io.useCanonCaches=false
26-Mar-2025 03:36:26.286 INFO [main] org.apache.catalina.startup.VersionLoggerListener.log Command line argument: -Dignore.endorsed.dirs=
26-Mar-2025 03:36:26.286 INFO [main] org.apache.catalina.startup.VersionLoggerListener.log Command line argument: -Dcatalina.base=C:\Users\Udith\Documents\GitHub\IIT_Coding\Year 3\Client Server\Practice\Teluisko\apache-tomcat-9.0.100
26-Mar-2025 03:36:26.286 INFO [main] org.apache.catalina.startup.VersionLoggerListener.log Command line argument: -Dcatalina.home=C:\Users\Udith\Documents\GitHub\IIT_Coding\Year 3\Client Server\Practice\Teluisko\apache-tomcat-9.0.100
26-Mar-2025 03:36:26.292 INFO [main] org.apache.catalina.startup.VersionLoggerListener.log Command line argument: -Djava.io.tmpdir=C:\Users\Udith\Documents\GitHub\IIT_Coding\Year 3\Client Server\Practice\Teluisko\apache-tomcat-9.0.100\temp
26-Mar-2025 03:36:26.373 INFO [main] org.apache.catalina.core.AprLifecycleListener.lifecycleEvent The Apache Tomcat Native library which allows using OpenSSL was not found on the java.library.path: [C:\Program Files\Java\jdk-23\bin;C:\WINDOWS\Sun\Java\bin;C:\WINDOWS\system32;C:\WINDOWS;C:\Program Files\Common Files\Oracle\Java\javapath;C:\WINDOWS\system32;C:\WINDOWS;C:\WINDOWS\System32\Wbem;C:\WINDOWS\System32\WindowsPowerShell\v1.0\;C:\WINDOWS\System32\OpenSSH\;C:\Program Files (x86)\NVIDIA Corporation\PhysX\Common;C:\Program Files\NVIDIA Corporation\NVIDIA NvDLISR;C:\Program Files\Git\cmd;C:\Program Files\nodejs\;C:\Program Files\Java\jdk-23\bin;C:\Users\Udith\AppData\Local\Microsoft\WindowsApps;C:\Users\Udith\AppData\Local\Programs\Microsoft VS Code\bin;C:\Program Files\JetBrains\IntelliJ IDEA Community Edition 2024.3\bin;;C:\Users\Udith\AppData\Local\GitHubDesktop\bin;C:\Users\Udith\AppData\Roaming\npm;;.]
26-Mar-2025 03:36:26.737 INFO [main] org.apache.coyote.AbstractProtocol.init Initializing ProtocolHandler ["http-nio-8080"]
26-Mar-2025 03:36:26.764 INFO [main] org.apache.catalina.startup.Catalina.load Server initialization in [719] milliseconds
26-Mar-2025 03:36:26.825 INFO [main] org.apache.catalina.core.StandardService.startInternal Starting service [Catalina]
26-Mar-2025 03:36:26.825 INFO [main] org.apache.catalina.core.StandardEngine.startInternal Starting Servlet engine: [Apache Tomcat/9.0.100]
26-Mar-2025 03:36:26.838 INFO [main] org.apache.catalina.startup.HostConfig.deployDirectory Deploying web application directory [C:\Users\Udith\Documents\GitHub\IIT_Coding\Year 3\Client Server\Practice\Teluisko\apache-tomcat-9.0.100\webapps\docs]
26-Mar-2025 03:36:27.174 INFO [main] org.apache.catalina.startup.HostConfig.deployDirectory Deployment of web application directory [C:\Users\Udith\Documents\GitHub\IIT_Coding\Year 3\Client Server\Practice\Teluisko\apache-tomcat-9.0.100\webapps\docs] has finished in [336] ms
26-Mar-2025 03:36:27.174 INFO [main] org.apache.catalina.startup.HostConfig.deployDirectory Deploying web application directory [C:\Users\Udith\Documents\GitHub\IIT_Coding\Year 3\Client Server\Practice\Teluisko\apache-tomcat-9.0.100\webapps\examples]
26-Mar-2025 03:36:27.781 INFO [main] org.apache.catalina.startup.HostConfig.deployDirectory Deployment of web application directory [C:\Users\Udith\Documents\GitHub\IIT_Coding\Year 3\Client Server\Practice\Teluisko\apache-tomcat-9.0.100\webapps\examples] has finished in [607] ms
26-Mar-2025 03:36:27.781 INFO [main] org.apache.catalina.startup.HostConfig.deployDirectory Deploying web application directory [C:\Users\Udith\Documents\GitHub\IIT_Coding\Year 3\Client Server\Practice\Teluisko\apache-tomcat-9.0.100\webapps\host-manager]
26-Mar-2025 03:36:27.839 INFO [main] org.apache.catalina.startup.HostConfig.deployDirectory Deployment of web application directory [C:\Users\Udith\Documents\GitHub\IIT_Coding\Year 3\Client Server\Practice\Teluisko\apache-tomcat-9.0.100\webapps\host-manager] has finished in [58] ms
26-Mar-2025 03:36:27.839 INFO [main] org.apache.catalina.startup.HostConfig.deployDirectory Deploying web application directory [C:\Users\Udith\Documents\GitHub\IIT_Coding\Year 3\Client Server\Practice\Teluisko\apache-tomcat-9.0.100\webapps\manager]
26-Mar-2025 03:36:27.885 INFO [main] org.apache.catalina.startup.HostConfig.deployDirectory Deployment of web application directory [C:\Users\Udith\Documents\GitHub\IIT_Coding\Year 3\Client Server\Practice\Teluisko\apache-tomcat-9.0.100\webapps\manager] has finished in [46] ms
26-Mar-2025 03:36:27.886 INFO [main] org.apache.catalina.startup.HostConfig.deployDirectory Deploying web application directory [C:\Users\Udith\Documents\GitHub\IIT_Coding\Year 3\Client Server\Practice\Teluisko\apache-tomcat-9.0.100\webapps\ROOT]
26-Mar-2025 03:36:27.906 INFO [main] org.apache.catalina.startup.HostConfig.deployDirectory Deployment of web application directory [C:\Users\Udith\Documents\GitHub\IIT_Coding\Year 3\Client Server\Practice\Teluisko\apache-tomcat-9.0.100\webapps\ROOT] has finished in [20] ms
26-Mar-2025 03:36:27.922 INFO [main] org.apache.coyote.AbstractProtocol.start Starting ProtocolHandler ["http-nio-8080"]
26-Mar-2025 03:36:27.940 INFO [main] org.apache.catalina.startup.Catalina.start Server startup in [1176] milliseconds
26-Mar-2025 03:36:42.481 INFO [http-nio-8080-exec-9] org.apache.catalina.startup.HostConfig.deployDescriptor Deploying deployment descriptor [C:\Users\Udith\Documents\GitHub\IIT_Coding\Year 3\Client Server\Practice\Teluisko\apache-tomcat-9.0.100\conf\Catalina\localhost\HelloWorld1.xml]
26-Mar-2025 03:36:42.483 WARNING [http-nio-8080-exec-9] org.apache.catalina.startup.HostConfig.deployDescriptor The path attribute with value [/HelloWorld1] in deployment descriptor [C:\Users\Udith\Documents\GitHub\IIT_Coding\Year 3\Client Server\Practice\Teluisko\apache-tomcat-9.0.100\conf\Catalina\localhost\HelloWorld1.xml] has been ignored
26-Mar-2025 03:36:43.122 INFO [http-nio-8080-exec-9] org.apache.jasper.servlet.TldScanner.scanJars At least one JAR was scanned for TLDs yet contained no TLDs. Enable debug logging for this logger for a complete list of JARs that were scanned but no TLDs were found in them. Skipping unneeded JARs during scanning can improve startup time and JSP compilation time.
26-Mar-2025 03:36:43.744 WARNING [http-nio-8080-exec-9] org.glassfish.jersey.server.wadl.WadlFeature.configure JAXBContext implementation could not be found. WADL feature is disabled.
26-Mar-2025 03:36:44.046 INFO [http-nio-8080-exec-9] org.apache.catalina.startup.HostConfig.deployDescriptor Deployment of deployment descriptor [C:\Users\Udith\Documents\GitHub\IIT_Coding\Year 3\Client Server\Practice\Teluisko\apache-tomcat-9.0.100\conf\Catalina\localhost\HelloWorld1.xml] has finished in [1,565] ms
26-Mar-2025 03:36:44.050 INFO [http-nio-8080-exec-1] org.apache.catalina.util.LifecycleBase.start The start() method was called on component [StandardEngine[Catalina].StandardHost[localhost].StandardContext[/HelloWorld1]] after start() had already been called. The second call will be ignored.
26-Mar-2025 03:41:57.995 INFO [http-nio-8080-exec-7] org.apache.catalina.startup.HostConfig.undeploy Undeploying context [/HelloWorld1]
26-Mar-2025 03:44:42.896 INFO [main] org.apache.catalina.core.StandardServer.await A valid shutdown command was received via the shutdown port. Stopping the Server instance.
26-Mar-2025 03:44:42.896 INFO [main] org.apache.coyote.AbstractProtocol.pause Pausing ProtocolHandler ["http-nio-8080"]
26-Mar-2025 03:44:42.902 INFO [main] org.apache.catalina.core.StandardService.stopInternal Stopping service [Catalina]
26-Mar-2025 03:44:42.922 INFO [main] org.apache.coyote.AbstractProtocol.stop Stopping ProtocolHandler ["http-nio-8080"]
26-Mar-2025 03:44:42.934 INFO [main] org.apache.coyote.AbstractProtocol.destroy Destroying ProtocolHandler ["http-nio-8080"]
26-Mar-2025 03:55:06.827 INFO [main] org.apache.catalina.startup.VersionLoggerListener.log Server version name:   Apache Tomcat/9.0.100
26-Mar-2025 03:55:06.835 INFO [main] org.apache.catalina.startup.VersionLoggerListener.log Server built:          Feb 13 2025 11:29:56 UTC
26-Mar-2025 03:55:06.836 INFO [main] org.apache.catalina.startup.VersionLoggerListener.log Server version number: 9.0.100.0
26-Mar-2025 03:55:06.836 INFO [main] org.apache.catalina.startup.VersionLoggerListener.log OS Name:               Windows 11
26-Mar-2025 03:55:06.837 INFO [main] org.apache.catalina.startup.VersionLoggerListener.log OS Version:            10.0
26-Mar-2025 03:55:06.837 INFO [main] org.apache.catalina.startup.VersionLoggerListener.log Architecture:          amd64
26-Mar-2025 03:55:06.837 INFO [main] org.apache.catalina.startup.VersionLoggerListener.log Java Home:             C:\Program Files\Java\jdk-23
26-Mar-2025 03:55:06.837 INFO [main] org.apache.catalina.startup.VersionLoggerListener.log JVM Version:           23.0.2+7-58
26-Mar-2025 03:55:06.837 INFO [main] org.apache.catalina.startup.VersionLoggerListener.log JVM Vendor:            Oracle Corporation
26-Mar-2025 03:55:06.837 INFO [main] org.apache.catalina.startup.VersionLoggerListener.log CATALINA_BASE:         C:\Users\Udith\Documents\GitHub\IIT_Coding\Year 3\Client Server\Practice\Teluisko\apache-tomcat-9.0.100
26-Mar-2025 03:55:06.837 INFO [main] org.apache.catalina.startup.VersionLoggerListener.log CATALINA_HOME:         C:\Users\Udith\Documents\GitHub\IIT_Coding\Year 3\Client Server\Practice\Teluisko\apache-tomcat-9.0.100
26-Mar-2025 03:55:06.845 INFO [main] org.apache.catalina.startup.VersionLoggerListener.log Command line argument: --add-opens=java.base/java.lang=ALL-UNNAMED
26-Mar-2025 03:55:06.847 INFO [main] org.apache.catalina.startup.VersionLoggerListener.log Command line argument: --add-opens=java.base/java.io=ALL-UNNAMED
26-Mar-2025 03:55:06.847 INFO [main] org.apache.catalina.startup.VersionLoggerListener.log Command line argument: --add-opens=java.base/java.util=ALL-UNNAMED
26-Mar-2025 03:55:06.847 INFO [main] org.apache.catalina.startup.VersionLoggerListener.log Command line argument: --add-opens=java.base/java.util.concurrent=ALL-UNNAMED
26-Mar-2025 03:55:06.847 INFO [main] org.apache.catalina.startup.VersionLoggerListener.log Command line argument: --add-opens=java.rmi/sun.rmi.transport=ALL-UNNAMED
26-Mar-2025 03:55:06.847 INFO [main] org.apache.catalina.startup.VersionLoggerListener.log Command line argument: -Djava.util.logging.config.file=C:\Users\Udith\Documents\GitHub\IIT_Coding\Year 3\Client Server\Practice\Teluisko\apache-tomcat-9.0.100\conf\logging.properties
26-Mar-2025 03:55:06.847 INFO [main] org.apache.catalina.startup.VersionLoggerListener.log Command line argument: -Djava.util.logging.manager=org.apache.juli.ClassLoaderLogManager
26-Mar-2025 03:55:06.847 INFO [main] org.apache.catalina.startup.VersionLoggerListener.log Command line argument: -Djdk.tls.ephemeralDHKeySize=2048
26-Mar-2025 03:55:06.847 INFO [main] org.apache.catalina.startup.VersionLoggerListener.log Command line argument: -Djava.protocol.handler.pkgs=org.apache.catalina.webresources
26-Mar-2025 03:55:06.847 INFO [main] org.apache.catalina.startup.VersionLoggerListener.log Command line argument: -Dsun.io.useCanonCaches=false
26-Mar-2025 03:55:06.847 INFO [main] org.apache.catalina.startup.VersionLoggerListener.log Command line argument: -Dignore.endorsed.dirs=
26-Mar-2025 03:55:06.847 INFO [main] org.apache.catalina.startup.VersionLoggerListener.log Command line argument: -Dcatalina.base=C:\Users\Udith\Documents\GitHub\IIT_Coding\Year 3\Client Server\Practice\Teluisko\apache-tomcat-9.0.100
26-Mar-2025 03:55:06.847 INFO [main] org.apache.catalina.startup.VersionLoggerListener.log Command line argument: -Dcatalina.home=C:\Users\Udith\Documents\GitHub\IIT_Coding\Year 3\Client Server\Practice\Teluisko\apache-tomcat-9.0.100
26-Mar-2025 03:55:06.847 INFO [main] org.apache.catalina.startup.VersionLoggerListener.log Command line argument: -Djava.io.tmpdir=C:\Users\Udith\Documents\GitHub\IIT_Coding\Year 3\Client Server\Practice\Teluisko\apache-tomcat-9.0.100\temp
26-Mar-2025 03:55:06.876 INFO [main] org.apache.catalina.core.AprLifecycleListener.lifecycleEvent The Apache Tomcat Native library which allows using OpenSSL was not found on the java.library.path: [C:\Program Files\Java\jdk-23\bin;C:\WINDOWS\Sun\Java\bin;C:\WINDOWS\system32;C:\WINDOWS;C:\Program Files\Common Files\Oracle\Java\javapath;C:\WINDOWS\system32;C:\WINDOWS;C:\WINDOWS\System32\Wbem;C:\WINDOWS\System32\WindowsPowerShell\v1.0\;C:\WINDOWS\System32\OpenSSH\;C:\Program Files (x86)\NVIDIA Corporation\PhysX\Common;C:\Program Files\NVIDIA Corporation\NVIDIA NvDLISR;C:\Program Files\Git\cmd;C:\Program Files\nodejs\;C:\Program Files\Java\jdk-23\bin;C:\Users\Udith\AppData\Local\Microsoft\WindowsApps;C:\Users\Udith\AppData\Local\Programs\Microsoft VS Code\bin;C:\Program Files\JetBrains\IntelliJ IDEA Community Edition 2024.3\bin;;C:\Users\Udith\AppData\Local\GitHubDesktop\bin;C:\Users\Udith\AppData\Roaming\npm;;.]
26-Mar-2025 03:55:07.232 INFO [main] org.apache.coyote.AbstractProtocol.init Initializing ProtocolHandler ["http-nio-8080"]
26-Mar-2025 03:55:07.240 INFO [main] org.apache.catalina.startup.Catalina.load Server initialization in [618] milliseconds
26-Mar-2025 03:55:07.314 INFO [main] org.apache.catalina.core.StandardService.startInternal Starting service [Catalina]
26-Mar-2025 03:55:07.315 INFO [main] org.apache.catalina.core.StandardEngine.startInternal Starting Servlet engine: [Apache Tomcat/9.0.100]
26-Mar-2025 03:55:07.325 INFO [main] org.apache.catalina.startup.HostConfig.deployDirectory Deploying web application directory [C:\Users\Udith\Documents\GitHub\IIT_Coding\Year 3\Client Server\Practice\Teluisko\apache-tomcat-9.0.100\webapps\docs]
26-Mar-2025 03:55:07.648 INFO [main] org.apache.catalina.startup.HostConfig.deployDirectory Deployment of web application directory [C:\Users\Udith\Documents\GitHub\IIT_Coding\Year 3\Client Server\Practice\Teluisko\apache-tomcat-9.0.100\webapps\docs] has finished in [322] ms
26-Mar-2025 03:55:07.649 INFO [main] org.apache.catalina.startup.HostConfig.deployDirectory Deploying web application directory [C:\Users\Udith\Documents\GitHub\IIT_Coding\Year 3\Client Server\Practice\Teluisko\apache-tomcat-9.0.100\webapps\examples]
26-Mar-2025 03:55:08.155 INFO [main] org.apache.catalina.startup.HostConfig.deployDirectory Deployment of web application directory [C:\Users\Udith\Documents\GitHub\IIT_Coding\Year 3\Client Server\Practice\Teluisko\apache-tomcat-9.0.100\webapps\examples] has finished in [505] ms
26-Mar-2025 03:55:08.156 INFO [main] org.apache.catalina.startup.HostConfig.deployDirectory Deploying web application directory [C:\Users\Udith\Documents\GitHub\IIT_Coding\Year 3\Client Server\Practice\Teluisko\apache-tomcat-9.0.100\webapps\host-manager]
26-Mar-2025 03:55:08.201 INFO [main] org.apache.catalina.startup.HostConfig.deployDirectory Deployment of web application directory [C:\Users\Udith\Documents\GitHub\IIT_Coding\Year 3\Client Server\Practice\Teluisko\apache-tomcat-9.0.100\webapps\host-manager] has finished in [45] ms
26-Mar-2025 03:55:08.202 INFO [main] org.apache.catalina.startup.HostConfig.deployDirectory Deploying web application directory [C:\Users\Udith\Documents\GitHub\IIT_Coding\Year 3\Client Server\Practice\Teluisko\apache-tomcat-9.0.100\webapps\manager]
26-Mar-2025 03:55:08.245 INFO [main] org.apache.catalina.startup.HostConfig.deployDirectory Deployment of web application directory [C:\Users\Udith\Documents\GitHub\IIT_Coding\Year 3\Client Server\Practice\Teluisko\apache-tomcat-9.0.100\webapps\manager] has finished in [43] ms
26-Mar-2025 03:55:08.245 INFO [main] org.apache.catalina.startup.HostConfig.deployDirectory Deploying web application directory [C:\Users\Udith\Documents\GitHub\IIT_Coding\Year 3\Client Server\Practice\Teluisko\apache-tomcat-9.0.100\webapps\ROOT]
26-Mar-2025 03:55:08.275 INFO [main] org.apache.catalina.startup.HostConfig.deployDirectory Deployment of web application directory [C:\Users\Udith\Documents\GitHub\IIT_Coding\Year 3\Client Server\Practice\Teluisko\apache-tomcat-9.0.100\webapps\ROOT] has finished in [30] ms
26-Mar-2025 03:55:08.279 INFO [main] org.apache.coyote.AbstractProtocol.start Starting ProtocolHandler ["http-nio-8080"]
26-Mar-2025 03:55:08.302 INFO [main] org.apache.catalina.startup.Catalina.start Server startup in [1046] milliseconds
26-Mar-2025 03:55:10.118 INFO [http-nio-8080-exec-9] org.apache.catalina.startup.HostConfig.deployDescriptor Deploying deployment descriptor [C:\Users\Udith\Documents\GitHub\IIT_Coding\Year 3\Client Server\Practice\Teluisko\apache-tomcat-9.0.100\conf\Catalina\localhost\HelloWorld1.xml]
26-Mar-2025 03:55:10.120 WARNING [http-nio-8080-exec-9] org.apache.catalina.startup.HostConfig.deployDescriptor The path attribute with value [/HelloWorld1] in deployment descriptor [C:\Users\Udith\Documents\GitHub\IIT_Coding\Year 3\Client Server\Practice\Teluisko\apache-tomcat-9.0.100\conf\Catalina\localhost\HelloWorld1.xml] has been ignored
26-Mar-2025 03:55:11.001 INFO [http-nio-8080-exec-9] org.apache.jasper.servlet.TldScanner.scanJars At least one JAR was scanned for TLDs yet contained no TLDs. Enable debug logging for this logger for a complete list of JARs that were scanned but no TLDs were found in them. Skipping unneeded JARs during scanning can improve startup time and JSP compilation time.
26-Mar-2025 03:55:11.723 WARNING [http-nio-8080-exec-9] org.glassfish.jersey.server.wadl.WadlFeature.configure JAXBContext implementation could not be found. WADL feature is disabled.
26-Mar-2025 03:55:12.344 INFO [http-nio-8080-exec-9] org.apache.catalina.startup.HostConfig.deployDescriptor Deployment of deployment descriptor [C:\Users\Udith\Documents\GitHub\IIT_Coding\Year 3\Client Server\Practice\Teluisko\apache-tomcat-9.0.100\conf\Catalina\localhost\HelloWorld1.xml] has finished in [2,226] ms
26-Mar-2025 03:55:12.347 INFO [http-nio-8080-exec-5] org.apache.catalina.util.LifecycleBase.start The start() method was called on component [StandardEngine[Catalina].StandardHost[localhost].StandardContext[/HelloWorld1]] after start() had already been called. The second call will be ignored.
26-Mar-2025 03:55:59.396 SEVERE [http-nio-8080-exec-9] org.glassfish.jersey.message.internal.WriterInterceptorExecutor$TerminalWriterInterceptor.aroundWriteTo MessageBodyWriter not found for media type=text/plain, type=class com.serversocket.helloworld1.HelloWorldResource$HelloResponse, genericType=class com.serversocket.helloworld1.HelloWorldResource$HelloResponse.
26-Mar-2025 03:56:36.470 SEVERE [http-nio-8080-exec-2] org.glassfish.jersey.message.internal.WriterInterceptorExecutor$TerminalWriterInterceptor.aroundWriteTo MessageBodyWriter not found for media type=text/plain, type=class com.serversocket.helloworld1.HelloWorldResource$HelloResponse, genericType=class com.serversocket.helloworld1.HelloWorldResource$HelloResponse.
26-Mar-2025 03:57:58.163 INFO [main] org.apache.catalina.core.StandardServer.await A valid shutdown command was received via the shutdown port. Stopping the Server instance.
26-Mar-2025 03:57:58.163 INFO [main] org.apache.coyote.AbstractProtocol.pause Pausing ProtocolHandler ["http-nio-8080"]
26-Mar-2025 03:57:58.178 INFO [main] org.apache.catalina.core.StandardService.stopInternal Stopping service [Catalina]
26-Mar-2025 03:57:58.242 INFO [main] org.apache.coyote.AbstractProtocol.stop Stopping ProtocolHandler ["http-nio-8080"]
26-Mar-2025 03:57:58.258 INFO [main] org.apache.coyote.AbstractProtocol.destroy Destroying ProtocolHandler ["http-nio-8080"]
