04-Apr-2025 00:12:33.512 INFO [http-nio-8080-exec-64] com.coursework.csa_cw.dao.AuthorDAO.getAuthorById Author details successfully retrieved
04-Apr-2025 00:14:29.996 INFO [http-nio-8080-exec-64] org.apache.catalina.startup.HostConfig.undeploy Undeploying context [/CSA_CW]
04-Apr-2025 00:14:30.061 INFO [http-nio-8080-exec-70] org.apache.catalina.startup.HostConfig.deployDescriptor Deploying deployment descriptor [C:\Users\Udith\Documents\GitHub\IIT_Coding\Year 3\Client Server\Practice\Teluisko\apache-tomcat-9.0.100\conf\Catalina\localhost\CSA_CW.xml]
04-Apr-2025 00:14:30.068 WARNING [http-nio-8080-exec-70] org.apache.catalina.startup.HostConfig.deployDescriptor The path attribute with value [/CSA_CW] in deployment descriptor [C:\Users\Udith\Documents\GitHub\IIT_Coding\Year 3\Client Server\Practice\Teluisko\apache-tomcat-9.0.100\conf\Catalina\localhost\CSA_CW.xml] has been ignored
04-Apr-2025 00:14:30.849 INFO [http-nio-8080-exec-70] org.apache.jasper.servlet.TldScanner.scanJars At least one JAR was scanned for TLDs yet contained no TLDs. Enable debug logging for this logger for a complete list of JARs that were scanned but no TLDs were found in them. Skipping unneeded JARs during scanning can improve startup time and JSP compilation time.
04-Apr-2025 00:14:31.326 WARNING [http-nio-8080-exec-70] org.glassfish.jersey.server.wadl.WadlFeature.configure JAXBContext implementation could not be found. WADL feature is disabled.
04-Apr-2025 00:14:31.950 INFO [http-nio-8080-exec-70] org.apache.catalina.startup.HostConfig.deployDescriptor Deployment of deployment descriptor [C:\Users\Udith\Documents\GitHub\IIT_Coding\Year 3\Client Server\Practice\Teluisko\apache-tomcat-9.0.100\conf\Catalina\localhost\CSA_CW.xml] has finished in [1,889] ms
04-Apr-2025 00:14:31.955 INFO [http-nio-8080-exec-65] org.apache.catalina.util.LifecycleBase.start The start() method was called on component [StandardEngine[Catalina].StandardHost[localhost].StandardContext[/CSA_CW]] after start() had already been called. The second call will be ignored.
04-Apr-2025 00:14:43.200 WARNING [http-nio-8080-exec-62] com.coursework.csa_cw.dao.AuthorDAO.getAuthorById Author not found
04-Apr-2025 00:15:17.477 INFO [http-nio-8080-exec-68] org.apache.catalina.startup.HostConfig.undeploy Undeploying context [/CSA_CW]
04-Apr-2025 00:15:17.523 INFO [http-nio-8080-exec-75] org.apache.catalina.startup.HostConfig.deployDescriptor Deploying deployment descriptor [C:\Users\Udith\Documents\GitHub\IIT_Coding\Year 3\Client Server\Practice\Teluisko\apache-tomcat-9.0.100\conf\Catalina\localhost\CSA_CW.xml]
04-Apr-2025 00:15:17.523 WARNING [http-nio-8080-exec-75] org.apache.catalina.startup.HostConfig.deployDescriptor The path attribute with value [/CSA_CW] in deployment descriptor [C:\Users\Udith\Documents\GitHub\IIT_Coding\Year 3\Client Server\Practice\Teluisko\apache-tomcat-9.0.100\conf\Catalina\localhost\CSA_CW.xml] has been ignored
04-Apr-2025 00:15:18.252 INFO [http-nio-8080-exec-75] org.apache.jasper.servlet.TldScanner.scanJars At least one JAR was scanned for TLDs yet contained no TLDs. Enable debug logging for this logger for a complete list of JARs that were scanned but no TLDs were found in them. Skipping unneeded JARs during scanning can improve startup time and JSP compilation time.
04-Apr-2025 00:15:18.782 WARNING [http-nio-8080-exec-75] org.glassfish.jersey.server.wadl.WadlFeature.configure JAXBContext implementation could not be found. WADL feature is disabled.
04-Apr-2025 00:15:19.323 INFO [http-nio-8080-exec-75] org.apache.catalina.startup.HostConfig.deployDescriptor Deployment of deployment descriptor [C:\Users\Udith\Documents\GitHub\IIT_Coding\Year 3\Client Server\Practice\Teluisko\apache-tomcat-9.0.100\conf\Catalina\localhost\CSA_CW.xml] has finished in [1,802] ms
04-Apr-2025 00:15:19.325 INFO [http-nio-8080-exec-76] org.apache.catalina.util.LifecycleBase.start The start() method was called on component [StandardEngine[Catalina].StandardHost[localhost].StandardContext[/CSA_CW]] after start() had already been called. The second call will be ignored.
04-Apr-2025 00:15:34.205 WARNING [http-nio-8080-exec-72] com.coursework.csa_cw.dao.AuthorDAO.getAuthorById Author not found
04-Apr-2025 00:16:34.549 INFO [http-nio-8080-exec-81] org.apache.catalina.startup.HostConfig.undeploy Undeploying context [/CSA_CW]
04-Apr-2025 00:16:34.575 INFO [http-nio-8080-exec-73] org.apache.catalina.startup.HostConfig.deployDescriptor Deploying deployment descriptor [C:\Users\Udith\Documents\GitHub\IIT_Coding\Year 3\Client Server\Practice\Teluisko\apache-tomcat-9.0.100\conf\Catalina\localhost\CSA_CW.xml]
04-Apr-2025 00:16:34.577 WARNING [http-nio-8080-exec-73] org.apache.catalina.startup.HostConfig.deployDescriptor The path attribute with value [/CSA_CW] in deployment descriptor [C:\Users\Udith\Documents\GitHub\IIT_Coding\Year 3\Client Server\Practice\Teluisko\apache-tomcat-9.0.100\conf\Catalina\localhost\CSA_CW.xml] has been ignored
04-Apr-2025 00:16:35.312 INFO [http-nio-8080-exec-73] org.apache.jasper.servlet.TldScanner.scanJars At least one JAR was scanned for TLDs yet contained no TLDs. Enable debug logging for this logger for a complete list of JARs that were scanned but no TLDs were found in them. Skipping unneeded JARs during scanning can improve startup time and JSP compilation time.
04-Apr-2025 00:16:35.842 WARNING [http-nio-8080-exec-73] org.glassfish.jersey.server.wadl.WadlFeature.configure JAXBContext implementation could not be found. WADL feature is disabled.
04-Apr-2025 00:16:36.402 INFO [http-nio-8080-exec-73] org.apache.catalina.startup.HostConfig.deployDescriptor Deployment of deployment descriptor [C:\Users\Udith\Documents\GitHub\IIT_Coding\Year 3\Client Server\Practice\Teluisko\apache-tomcat-9.0.100\conf\Catalina\localhost\CSA_CW.xml] has finished in [1,827] ms
04-Apr-2025 00:16:36.405 INFO [http-nio-8080-exec-78] org.apache.catalina.util.LifecycleBase.start The start() method was called on component [StandardEngine[Catalina].StandardHost[localhost].StandardContext[/CSA_CW]] after start() had already been called. The second call will be ignored.
04-Apr-2025 00:16:44.311 WARNING [http-nio-8080-exec-67] com.coursework.csa_cw.dao.AuthorDAO.getAuthorById Author not found
04-Apr-2025 00:19:29.921 INFO [http-nio-8080-exec-91] org.apache.catalina.startup.HostConfig.undeploy Undeploying context [/CSA_CW]
04-Apr-2025 00:19:29.943 INFO [http-nio-8080-exec-86] org.apache.catalina.startup.HostConfig.deployDescriptor Deploying deployment descriptor [C:\Users\Udith\Documents\GitHub\IIT_Coding\Year 3\Client Server\Practice\Teluisko\apache-tomcat-9.0.100\conf\Catalina\localhost\CSA_CW.xml]
04-Apr-2025 00:19:29.944 WARNING [http-nio-8080-exec-86] org.apache.catalina.startup.HostConfig.deployDescriptor The path attribute with value [/CSA_CW] in deployment descriptor [C:\Users\Udith\Documents\GitHub\IIT_Coding\Year 3\Client Server\Practice\Teluisko\apache-tomcat-9.0.100\conf\Catalina\localhost\CSA_CW.xml] has been ignored
04-Apr-2025 00:19:30.666 INFO [http-nio-8080-exec-86] org.apache.jasper.servlet.TldScanner.scanJars At least one JAR was scanned for TLDs yet contained no TLDs. Enable debug logging for this logger for a complete list of JARs that were scanned but no TLDs were found in them. Skipping unneeded JARs during scanning can improve startup time and JSP compilation time.
04-Apr-2025 00:19:31.117 WARNING [http-nio-8080-exec-86] org.glassfish.jersey.server.wadl.WadlFeature.configure JAXBContext implementation could not be found. WADL feature is disabled.
04-Apr-2025 00:19:31.674 INFO [http-nio-8080-exec-86] org.apache.catalina.startup.HostConfig.deployDescriptor Deployment of deployment descriptor [C:\Users\Udith\Documents\GitHub\IIT_Coding\Year 3\Client Server\Practice\Teluisko\apache-tomcat-9.0.100\conf\Catalina\localhost\CSA_CW.xml] has finished in [1,732] ms
04-Apr-2025 00:19:31.677 INFO [http-nio-8080-exec-88] org.apache.catalina.util.LifecycleBase.start The start() method was called on component [StandardEngine[Catalina].StandardHost[localhost].StandardContext[/CSA_CW]] after start() had already been called. The second call will be ignored.
04-Apr-2025 00:19:43.287 WARNING [http-nio-8080-exec-84] com.coursework.csa_cw.dao.AuthorDAO.getAuthorById Author not found
04-Apr-2025 00:23:55.325 INFO [http-nio-8080-exec-101] org.apache.catalina.startup.HostConfig.undeploy Undeploying context [/CSA_CW]
04-Apr-2025 00:23:55.380 INFO [http-nio-8080-exec-97] org.apache.catalina.startup.HostConfig.deployDescriptor Deploying deployment descriptor [C:\Users\Udith\Documents\GitHub\IIT_Coding\Year 3\Client Server\Practice\Teluisko\apache-tomcat-9.0.100\conf\Catalina\localhost\CSA_CW.xml]
04-Apr-2025 00:23:55.383 WARNING [http-nio-8080-exec-97] org.apache.catalina.startup.HostConfig.deployDescriptor The path attribute with value [/CSA_CW] in deployment descriptor [C:\Users\Udith\Documents\GitHub\IIT_Coding\Year 3\Client Server\Practice\Teluisko\apache-tomcat-9.0.100\conf\Catalina\localhost\CSA_CW.xml] has been ignored
04-Apr-2025 00:23:56.134 INFO [http-nio-8080-exec-97] org.apache.jasper.servlet.TldScanner.scanJars At least one JAR was scanned for TLDs yet contained no TLDs. Enable debug logging for this logger for a complete list of JARs that were scanned but no TLDs were found in them. Skipping unneeded JARs during scanning can improve startup time and JSP compilation time.
04-Apr-2025 00:23:56.608 WARNING [http-nio-8080-exec-97] org.glassfish.jersey.server.wadl.WadlFeature.configure JAXBContext implementation could not be found. WADL feature is disabled.
04-Apr-2025 00:23:57.137 INFO [http-nio-8080-exec-97] org.apache.catalina.startup.HostConfig.deployDescriptor Deployment of deployment descriptor [C:\Users\Udith\Documents\GitHub\IIT_Coding\Year 3\Client Server\Practice\Teluisko\apache-tomcat-9.0.100\conf\Catalina\localhost\CSA_CW.xml] has finished in [1,757] ms
04-Apr-2025 00:23:57.141 INFO [http-nio-8080-exec-100] org.apache.catalina.util.LifecycleBase.start The start() method was called on component [StandardEngine[Catalina].StandardHost[localhost].StandardContext[/CSA_CW]] after start() had already been called. The second call will be ignored.
04-Apr-2025 00:24:05.142 WARNING [http-nio-8080-exec-93] com.coursework.csa_cw.dao.AuthorDAO.getAuthorById Author not found
04-Apr-2025 00:26:07.880 INFO [http-nio-8080-exec-111] org.apache.catalina.startup.HostConfig.deployDescriptor Deploying deployment descriptor [C:\Users\Udith\Documents\GitHub\IIT_Coding\Year 3\Client Server\Practice\Teluisko\apache-tomcat-9.0.100\conf\Catalina\localhost\healthsystem.xml]
04-Apr-2025 00:26:07.883 WARNING [http-nio-8080-exec-111] org.apache.catalina.startup.HostConfig.deployDescriptor The path attribute with value [/healthsystem] in deployment descriptor [C:\Users\Udith\Documents\GitHub\IIT_Coding\Year 3\Client Server\Practice\Teluisko\apache-tomcat-9.0.100\conf\Catalina\localhost\healthsystem.xml] has been ignored
04-Apr-2025 00:26:08.664 INFO [http-nio-8080-exec-111] org.apache.jasper.servlet.TldScanner.scanJars At least one JAR was scanned for TLDs yet contained no TLDs. Enable debug logging for this logger for a complete list of JARs that were scanned but no TLDs were found in them. Skipping unneeded JARs during scanning can improve startup time and JSP compilation time.
04-Apr-2025 00:26:09.105 WARNING [http-nio-8080-exec-111] org.glassfish.jersey.server.wadl.WadlFeature.configure JAXBContext implementation could not be found. WADL feature is disabled.
04-Apr-2025 00:26:09.582 INFO [http-nio-8080-exec-111] org.apache.catalina.startup.HostConfig.deployDescriptor Deployment of deployment descriptor [C:\Users\Udith\Documents\GitHub\IIT_Coding\Year 3\Client Server\Practice\Teluisko\apache-tomcat-9.0.100\conf\Catalina\localhost\healthsystem.xml] has finished in [1,702] ms
04-Apr-2025 00:26:09.584 INFO [http-nio-8080-exec-112] org.apache.catalina.util.LifecycleBase.start The start() method was called on component [StandardEngine[Catalina].StandardHost[localhost].StandardContext[/healthsystem]] after start() had already been called. The second call will be ignored.
04-Apr-2025 00:34:02.615 INFO [http-nio-8080-exec-105] org.apache.catalina.startup.HostConfig.undeploy Undeploying context [/CSA_CW]
04-Apr-2025 00:34:02.647 INFO [http-nio-8080-exec-106] org.apache.catalina.startup.HostConfig.deployDescriptor Deploying deployment descriptor [C:\Users\Udith\Documents\GitHub\IIT_Coding\Year 3\Client Server\Practice\Teluisko\apache-tomcat-9.0.100\conf\Catalina\localhost\CSA_CW.xml]
04-Apr-2025 00:34:02.647 WARNING [http-nio-8080-exec-106] org.apache.catalina.startup.HostConfig.deployDescriptor The path attribute with value [/CSA_CW] in deployment descriptor [C:\Users\Udith\Documents\GitHub\IIT_Coding\Year 3\Client Server\Practice\Teluisko\apache-tomcat-9.0.100\conf\Catalina\localhost\CSA_CW.xml] has been ignored
04-Apr-2025 00:34:04.297 INFO [http-nio-8080-exec-106] org.apache.jasper.servlet.TldScanner.scanJars At least one JAR was scanned for TLDs yet contained no TLDs. Enable debug logging for this logger for a complete list of JARs that were scanned but no TLDs were found in them. Skipping unneeded JARs during scanning can improve startup time and JSP compilation time.
04-Apr-2025 00:34:04.383 WARNING [http-nio-8080-exec-106] org.glassfish.jersey.servlet.init.JerseyServletContainerInitializer.addServletWithApplication Mapping conflict. A Servlet registration exists with same mapping as the Jersey servlet application, named com.coursework.csa_cw.MyApplication, at the servlet mapping, /rest/*.
04-Apr-2025 00:34:05.380 WARNING [http-nio-8080-exec-106] org.glassfish.jersey.server.wadl.WadlFeature.configure JAXBContext implementation could not be found. WADL feature is disabled.
04-Apr-2025 00:34:06.681 WARNING [http-nio-8080-exec-106] org.glassfish.jersey.server.wadl.WadlFeature.configure JAXBContext implementation could not be found. WADL feature is disabled.
04-Apr-2025 00:34:06.751 INFO [http-nio-8080-exec-106] org.apache.catalina.startup.HostConfig.deployDescriptor Deployment of deployment descriptor [C:\Users\Udith\Documents\GitHub\IIT_Coding\Year 3\Client Server\Practice\Teluisko\apache-tomcat-9.0.100\conf\Catalina\localhost\CSA_CW.xml] has finished in [4,104] ms
04-Apr-2025 00:34:06.757 INFO [http-nio-8080-exec-112] org.apache.catalina.util.LifecycleBase.start The start() method was called on component [StandardEngine[Catalina].StandardHost[localhost].StandardContext[/CSA_CW]] after start() had already been called. The second call will be ignored.
04-Apr-2025 00:34:56.165 INFO [http-nio-8080-exec-107] org.apache.catalina.startup.HostConfig.undeploy Undeploying context [/CSA_CW]
04-Apr-2025 00:34:56.212 INFO [http-nio-8080-exec-112] org.apache.catalina.startup.HostConfig.deployDescriptor Deploying deployment descriptor [C:\Users\Udith\Documents\GitHub\IIT_Coding\Year 3\Client Server\Practice\Teluisko\apache-tomcat-9.0.100\conf\Catalina\localhost\CSA_CW.xml]
04-Apr-2025 00:34:56.214 WARNING [http-nio-8080-exec-112] org.apache.catalina.startup.HostConfig.deployDescriptor The path attribute with value [/CSA_CW] in deployment descriptor [C:\Users\Udith\Documents\GitHub\IIT_Coding\Year 3\Client Server\Practice\Teluisko\apache-tomcat-9.0.100\conf\Catalina\localhost\CSA_CW.xml] has been ignored
04-Apr-2025 00:34:56.860 INFO [http-nio-8080-exec-112] org.apache.jasper.servlet.TldScanner.scanJars At least one JAR was scanned for TLDs yet contained no TLDs. Enable debug logging for this logger for a complete list of JARs that were scanned but no TLDs were found in them. Skipping unneeded JARs during scanning can improve startup time and JSP compilation time.
04-Apr-2025 00:34:56.900 WARNING [http-nio-8080-exec-112] org.glassfish.jersey.servlet.init.JerseyServletContainerInitializer.addServletWithApplication Mapping conflict. A Servlet registration exists with same mapping as the Jersey servlet application, named com.coursework.csa_cw.MyApplication, at the servlet mapping, /rest/*.
04-Apr-2025 00:34:57.340 WARNING [http-nio-8080-exec-112] org.glassfish.jersey.server.wadl.WadlFeature.configure JAXBContext implementation could not be found. WADL feature is disabled.
04-Apr-2025 00:34:57.881 WARNING [http-nio-8080-exec-112] org.glassfish.jersey.server.wadl.WadlFeature.configure JAXBContext implementation could not be found. WADL feature is disabled.
04-Apr-2025 00:34:57.918 INFO [http-nio-8080-exec-112] org.apache.catalina.startup.HostConfig.deployDescriptor Deployment of deployment descriptor [C:\Users\Udith\Documents\GitHub\IIT_Coding\Year 3\Client Server\Practice\Teluisko\apache-tomcat-9.0.100\conf\Catalina\localhost\CSA_CW.xml] has finished in [1,706] ms
04-Apr-2025 00:34:57.921 INFO [http-nio-8080-exec-116] org.apache.catalina.util.LifecycleBase.start The start() method was called on component [StandardEngine[Catalina].StandardHost[localhost].StandardContext[/CSA_CW]] after start() had already been called. The second call will be ignored.
04-Apr-2025 00:35:27.778 INFO [http-nio-8080-exec-109] com.coursework.csa_cw.dao.AuthorDAO.getAuthorById Author details successfully retrieved
04-Apr-2025 00:35:30.937 WARNING [http-nio-8080-exec-107] com.coursework.csa_cw.dao.AuthorDAO.getAuthorById Author not found
04-Apr-2025 00:37:45.817 INFO [http-nio-8080-exec-125] org.apache.catalina.startup.HostConfig.undeploy Undeploying context [/CSA_CW]
04-Apr-2025 00:37:45.840 INFO [http-nio-8080-exec-126] org.apache.catalina.startup.HostConfig.deployDescriptor Deploying deployment descriptor [C:\Users\Udith\Documents\GitHub\IIT_Coding\Year 3\Client Server\Practice\Teluisko\apache-tomcat-9.0.100\conf\Catalina\localhost\CSA_CW.xml]
04-Apr-2025 00:37:45.842 WARNING [http-nio-8080-exec-126] org.apache.catalina.startup.HostConfig.deployDescriptor The path attribute with value [/CSA_CW] in deployment descriptor [C:\Users\Udith\Documents\GitHub\IIT_Coding\Year 3\Client Server\Practice\Teluisko\apache-tomcat-9.0.100\conf\Catalina\localhost\CSA_CW.xml] has been ignored
04-Apr-2025 00:37:46.623 INFO [http-nio-8080-exec-126] org.apache.jasper.servlet.TldScanner.scanJars At least one JAR was scanned for TLDs yet contained no TLDs. Enable debug logging for this logger for a complete list of JARs that were scanned but no TLDs were found in them. Skipping unneeded JARs during scanning can improve startup time and JSP compilation time.
04-Apr-2025 00:37:46.651 WARNING [http-nio-8080-exec-126] org.glassfish.jersey.servlet.init.JerseyServletContainerInitializer.addServletWithApplication Mapping conflict. A Servlet registration exists with same mapping as the Jersey servlet application, named com.coursework.csa_cw.MyApplication, at the servlet mapping, /rest/*.
04-Apr-2025 00:37:47.087 WARNING [http-nio-8080-exec-126] org.glassfish.jersey.server.wadl.WadlFeature.configure JAXBContext implementation could not be found. WADL feature is disabled.
04-Apr-2025 00:37:47.674 WARNING [http-nio-8080-exec-126] org.glassfish.jersey.server.wadl.WadlFeature.configure JAXBContext implementation could not be found. WADL feature is disabled.
04-Apr-2025 00:37:47.710 INFO [http-nio-8080-exec-126] org.apache.catalina.startup.HostConfig.deployDescriptor Deployment of deployment descriptor [C:\Users\Udith\Documents\GitHub\IIT_Coding\Year 3\Client Server\Practice\Teluisko\apache-tomcat-9.0.100\conf\Catalina\localhost\CSA_CW.xml] has finished in [1,870] ms
04-Apr-2025 00:37:47.714 INFO [http-nio-8080-exec-124] org.apache.catalina.util.LifecycleBase.start The start() method was called on component [StandardEngine[Catalina].StandardHost[localhost].StandardContext[/CSA_CW]] after start() had already been called. The second call will be ignored.
04-Apr-2025 00:37:51.029 WARNING [http-nio-8080-exec-118] com.coursework.csa_cw.dao.AuthorDAO.getAuthorById Author not found
04-Apr-2025 00:39:00.863 INFO [http-nio-8080-exec-117] org.apache.catalina.startup.HostConfig.undeploy Undeploying context [/CSA_CW]
04-Apr-2025 00:39:16.494 INFO [http-nio-8080-exec-128] org.apache.catalina.startup.HostConfig.deployDescriptor Deploying deployment descriptor [C:\Users\Udith\Documents\GitHub\IIT_Coding\Year 3\Client Server\Practice\Teluisko\apache-tomcat-9.0.100\conf\Catalina\localhost\CSA_CW.xml]
04-Apr-2025 00:39:16.495 WARNING [http-nio-8080-exec-128] org.apache.catalina.startup.HostConfig.deployDescriptor The path attribute with value [/CSA_CW] in deployment descriptor [C:\Users\Udith\Documents\GitHub\IIT_Coding\Year 3\Client Server\Practice\Teluisko\apache-tomcat-9.0.100\conf\Catalina\localhost\CSA_CW.xml] has been ignored
04-Apr-2025 00:39:17.237 INFO [http-nio-8080-exec-128] org.apache.jasper.servlet.TldScanner.scanJars At least one JAR was scanned for TLDs yet contained no TLDs. Enable debug logging for this logger for a complete list of JARs that were scanned but no TLDs were found in them. Skipping unneeded JARs during scanning can improve startup time and JSP compilation time.
04-Apr-2025 00:39:17.270 WARNING [http-nio-8080-exec-128] org.glassfish.jersey.servlet.init.JerseyServletContainerInitializer.addServletWithApplication Mapping conflict. A Servlet registration exists with same mapping as the Jersey servlet application, named com.coursework.csa_cw.MyApplication, at the servlet mapping, /rest/*.
04-Apr-2025 00:39:17.681 WARNING [http-nio-8080-exec-128] org.glassfish.jersey.server.wadl.WadlFeature.configure JAXBContext implementation could not be found. WADL feature is disabled.
04-Apr-2025 00:39:18.213 WARNING [http-nio-8080-exec-128] org.glassfish.jersey.server.wadl.WadlFeature.configure JAXBContext implementation could not be found. WADL feature is disabled.
04-Apr-2025 00:39:18.246 INFO [http-nio-8080-exec-128] org.apache.catalina.startup.HostConfig.deployDescriptor Deployment of deployment descriptor [C:\Users\Udith\Documents\GitHub\IIT_Coding\Year 3\Client Server\Practice\Teluisko\apache-tomcat-9.0.100\conf\Catalina\localhost\CSA_CW.xml] has finished in [1,753] ms
04-Apr-2025 00:39:18.249 INFO [http-nio-8080-exec-117] org.apache.catalina.util.LifecycleBase.start The start() method was called on component [StandardEngine[Catalina].StandardHost[localhost].StandardContext[/CSA_CW]] after start() had already been called. The second call will be ignored.
04-Apr-2025 00:39:22.666 WARNING [http-nio-8080-exec-132] com.coursework.csa_cw.dao.AuthorDAO.getAuthorById Author not found
04-Apr-2025 00:40:05.601 INFO [http-nio-8080-exec-129] org.apache.catalina.startup.HostConfig.undeploy Undeploying context [/CSA_CW]
04-Apr-2025 00:40:05.622 INFO [http-nio-8080-exec-134] org.apache.catalina.startup.HostConfig.deployDescriptor Deploying deployment descriptor [C:\Users\Udith\Documents\GitHub\IIT_Coding\Year 3\Client Server\Practice\Teluisko\apache-tomcat-9.0.100\conf\Catalina\localhost\CSA_CW.xml]
04-Apr-2025 00:40:05.624 WARNING [http-nio-8080-exec-134] org.apache.catalina.startup.HostConfig.deployDescriptor The path attribute with value [/CSA_CW] in deployment descriptor [C:\Users\Udith\Documents\GitHub\IIT_Coding\Year 3\Client Server\Practice\Teluisko\apache-tomcat-9.0.100\conf\Catalina\localhost\CSA_CW.xml] has been ignored
04-Apr-2025 00:40:06.359 INFO [http-nio-8080-exec-134] org.apache.jasper.servlet.TldScanner.scanJars At least one JAR was scanned for TLDs yet contained no TLDs. Enable debug logging for this logger for a complete list of JARs that were scanned but no TLDs were found in them. Skipping unneeded JARs during scanning can improve startup time and JSP compilation time.
04-Apr-2025 00:40:06.394 WARNING [http-nio-8080-exec-134] org.glassfish.jersey.servlet.init.JerseyServletContainerInitializer.addServletWithApplication Mapping conflict. A Servlet registration exists with same mapping as the Jersey servlet application, named com.coursework.csa_cw.MyApplication, at the servlet mapping, /rest/*.
04-Apr-2025 00:40:06.807 WARNING [http-nio-8080-exec-134] org.glassfish.jersey.server.wadl.WadlFeature.configure JAXBContext implementation could not be found. WADL feature is disabled.
04-Apr-2025 00:40:07.336 WARNING [http-nio-8080-exec-134] org.glassfish.jersey.server.wadl.WadlFeature.configure JAXBContext implementation could not be found. WADL feature is disabled.
04-Apr-2025 00:40:07.370 INFO [http-nio-8080-exec-134] org.apache.catalina.startup.HostConfig.deployDescriptor Deployment of deployment descriptor [C:\Users\Udith\Documents\GitHub\IIT_Coding\Year 3\Client Server\Practice\Teluisko\apache-tomcat-9.0.100\conf\Catalina\localhost\CSA_CW.xml] has finished in [1,748] ms
04-Apr-2025 00:40:07.373 INFO [http-nio-8080-exec-131] org.apache.catalina.util.LifecycleBase.start The start() method was called on component [StandardEngine[Catalina].StandardHost[localhost].StandardContext[/CSA_CW]] after start() had already been called. The second call will be ignored.
04-Apr-2025 00:40:15.775 WARNING [http-nio-8080-exec-136] com.coursework.csa_cw.dao.AuthorDAO.getAuthorById Author not found
04-Apr-2025 00:45:22.259 INFO [http-nio-8080-exec-149] org.apache.catalina.startup.HostConfig.undeploy Undeploying context [/CSA_CW]
04-Apr-2025 00:45:22.281 INFO [http-nio-8080-exec-148] org.apache.catalina.startup.HostConfig.deployDescriptor Deploying deployment descriptor [C:\Users\Udith\Documents\GitHub\IIT_Coding\Year 3\Client Server\Practice\Teluisko\apache-tomcat-9.0.100\conf\Catalina\localhost\CSA_CW.xml]
04-Apr-2025 00:45:22.283 WARNING [http-nio-8080-exec-148] org.apache.catalina.startup.HostConfig.deployDescriptor The path attribute with value [/CSA_CW] in deployment descriptor [C:\Users\Udith\Documents\GitHub\IIT_Coding\Year 3\Client Server\Practice\Teluisko\apache-tomcat-9.0.100\conf\Catalina\localhost\CSA_CW.xml] has been ignored
04-Apr-2025 00:45:23.042 INFO [http-nio-8080-exec-148] org.apache.jasper.servlet.TldScanner.scanJars At least one JAR was scanned for TLDs yet contained no TLDs. Enable debug logging for this logger for a complete list of JARs that were scanned but no TLDs were found in them. Skipping unneeded JARs during scanning can improve startup time and JSP compilation time.
04-Apr-2025 00:45:23.079 WARNING [http-nio-8080-exec-148] org.glassfish.jersey.servlet.init.JerseyServletContainerInitializer.addServletWithApplication Mapping conflict. A Servlet registration exists with same mapping as the Jersey servlet application, named com.coursework.csa_cw.MyApplication, at the servlet mapping, /rest/*.
04-Apr-2025 00:45:23.516 WARNING [http-nio-8080-exec-148] org.glassfish.jersey.server.wadl.WadlFeature.configure JAXBContext implementation could not be found. WADL feature is disabled.
04-Apr-2025 00:45:24.070 WARNING [http-nio-8080-exec-148] org.glassfish.jersey.server.wadl.WadlFeature.configure JAXBContext implementation could not be found. WADL feature is disabled.
04-Apr-2025 00:45:24.104 INFO [http-nio-8080-exec-148] org.apache.catalina.startup.HostConfig.deployDescriptor Deployment of deployment descriptor [C:\Users\Udith\Documents\GitHub\IIT_Coding\Year 3\Client Server\Practice\Teluisko\apache-tomcat-9.0.100\conf\Catalina\localhost\CSA_CW.xml] has finished in [1,822] ms
04-Apr-2025 00:45:24.107 INFO [http-nio-8080-exec-142] org.apache.catalina.util.LifecycleBase.start The start() method was called on component [StandardEngine[Catalina].StandardHost[localhost].StandardContext[/CSA_CW]] after start() had already been called. The second call will be ignored.
04-Apr-2025 00:50:52.299 INFO [http-nio-8080-exec-159] org.apache.catalina.startup.HostConfig.undeploy Undeploying context [/CSA_CW]
04-Apr-2025 00:51:05.451 INFO [http-nio-8080-exec-158] org.apache.catalina.startup.HostConfig.deployDescriptor Deploying deployment descriptor [C:\Users\Udith\Documents\GitHub\IIT_Coding\Year 3\Client Server\Practice\Teluisko\apache-tomcat-9.0.100\conf\Catalina\localhost\CSA_CW.xml]
04-Apr-2025 00:51:05.451 WARNING [http-nio-8080-exec-158] org.apache.catalina.startup.HostConfig.deployDescriptor The path attribute with value [/CSA_CW] in deployment descriptor [C:\Users\Udith\Documents\GitHub\IIT_Coding\Year 3\Client Server\Practice\Teluisko\apache-tomcat-9.0.100\conf\Catalina\localhost\CSA_CW.xml] has been ignored
04-Apr-2025 00:51:06.141 INFO [http-nio-8080-exec-158] org.apache.jasper.servlet.TldScanner.scanJars At least one JAR was scanned for TLDs yet contained no TLDs. Enable debug logging for this logger for a complete list of JARs that were scanned but no TLDs were found in them. Skipping unneeded JARs during scanning can improve startup time and JSP compilation time.
04-Apr-2025 00:51:06.178 WARNING [http-nio-8080-exec-158] org.glassfish.jersey.servlet.init.JerseyServletContainerInitializer.addServletWithApplication Mapping conflict. A Servlet registration exists with same mapping as the Jersey servlet application, named com.coursework.csa_cw.MyApplication, at the servlet mapping, /rest/*.
04-Apr-2025 00:51:06.631 WARNING [http-nio-8080-exec-158] org.glassfish.jersey.server.wadl.WadlFeature.configure JAXBContext implementation could not be found. WADL feature is disabled.
04-Apr-2025 00:51:07.176 WARNING [http-nio-8080-exec-158] org.glassfish.jersey.server.wadl.WadlFeature.configure JAXBContext implementation could not be found. WADL feature is disabled.
04-Apr-2025 00:51:07.209 INFO [http-nio-8080-exec-158] org.apache.catalina.startup.HostConfig.deployDescriptor Deployment of deployment descriptor [C:\Users\Udith\Documents\GitHub\IIT_Coding\Year 3\Client Server\Practice\Teluisko\apache-tomcat-9.0.100\conf\Catalina\localhost\CSA_CW.xml] has finished in [1,758] ms
04-Apr-2025 00:51:07.212 INFO [http-nio-8080-exec-161] org.apache.catalina.util.LifecycleBase.start The start() method was called on component [StandardEngine[Catalina].StandardHost[localhost].StandardContext[/CSA_CW]] after start() had already been called. The second call will be ignored.
04-Apr-2025 00:58:24.659 INFO [http-nio-8080-exec-170] org.apache.catalina.startup.HostConfig.undeploy Undeploying context [/CSA_CW]
04-Apr-2025 00:58:43.088 INFO [http-nio-8080-exec-169] org.apache.catalina.startup.HostConfig.deployDescriptor Deploying deployment descriptor [C:\Users\Udith\Documents\GitHub\IIT_Coding\Year 3\Client Server\Practice\Teluisko\apache-tomcat-9.0.100\conf\Catalina\localhost\CSA_CW.xml]
04-Apr-2025 00:58:43.090 WARNING [http-nio-8080-exec-169] org.apache.catalina.startup.HostConfig.deployDescriptor The path attribute with value [/CSA_CW] in deployment descriptor [C:\Users\Udith\Documents\GitHub\IIT_Coding\Year 3\Client Server\Practice\Teluisko\apache-tomcat-9.0.100\conf\Catalina\localhost\CSA_CW.xml] has been ignored
04-Apr-2025 00:58:43.746 INFO [http-nio-8080-exec-169] org.apache.jasper.servlet.TldScanner.scanJars At least one JAR was scanned for TLDs yet contained no TLDs. Enable debug logging for this logger for a complete list of JARs that were scanned but no TLDs were found in them. Skipping unneeded JARs during scanning can improve startup time and JSP compilation time.
04-Apr-2025 00:58:43.778 WARNING [http-nio-8080-exec-169] org.glassfish.jersey.servlet.init.JerseyServletContainerInitializer.addServletWithApplication Mapping conflict. A Servlet registration exists with same mapping as the Jersey servlet application, named com.coursework.csa_cw.MyApplication, at the servlet mapping, /rest/*.
04-Apr-2025 00:58:44.204 WARNING [http-nio-8080-exec-169] org.glassfish.jersey.server.wadl.WadlFeature.configure JAXBContext implementation could not be found. WADL feature is disabled.
04-Apr-2025 00:58:44.744 WARNING [http-nio-8080-exec-169] org.glassfish.jersey.server.wadl.WadlFeature.configure JAXBContext implementation could not be found. WADL feature is disabled.
04-Apr-2025 00:58:44.765 INFO [http-nio-8080-exec-169] org.apache.catalina.startup.HostConfig.deployDescriptor Deployment of deployment descriptor [C:\Users\Udith\Documents\GitHub\IIT_Coding\Year 3\Client Server\Practice\Teluisko\apache-tomcat-9.0.100\conf\Catalina\localhost\CSA_CW.xml] has finished in [1,677] ms
04-Apr-2025 00:58:44.778 INFO [http-nio-8080-exec-171] org.apache.catalina.util.LifecycleBase.start The start() method was called on component [StandardEngine[Catalina].StandardHost[localhost].StandardContext[/CSA_CW]] after start() had already been called. The second call will be ignored.
04-Apr-2025 00:58:48.483 WARNING [http-nio-8080-exec-161] com.coursework.csa_cw.dao.AuthorDAO.getAuthorById Author not found
04-Apr-2025 00:58:52.740 WARNING [http-nio-8080-exec-162] com.coursework.csa_cw.dao.AuthorDAO.getAuthorById Author not found
04-Apr-2025 00:58:57.757 INFO [http-nio-8080-exec-168] com.coursework.csa_cw.dao.AuthorDAO.getAuthorById Author details successfully retrieved
04-Apr-2025 00:59:04.264 WARNING [http-nio-8080-exec-166] com.coursework.csa_cw.dao.AuthorDAO.getAuthorById Author not found
04-Apr-2025 01:19:15.435 INFO [http-nio-8080-exec-180] org.apache.catalina.startup.HostConfig.undeploy Undeploying context [/CSA_CW]
04-Apr-2025 01:19:28.858 INFO [http-nio-8080-exec-179] org.apache.catalina.startup.HostConfig.deployDescriptor Deploying deployment descriptor [C:\Users\Udith\Documents\GitHub\IIT_Coding\Year 3\Client Server\Practice\Teluisko\apache-tomcat-9.0.100\conf\Catalina\localhost\CSA_CW.xml]
04-Apr-2025 01:19:28.861 WARNING [http-nio-8080-exec-179] org.apache.catalina.startup.HostConfig.deployDescriptor The path attribute with value [/CSA_CW] in deployment descriptor [C:\Users\Udith\Documents\GitHub\IIT_Coding\Year 3\Client Server\Practice\Teluisko\apache-tomcat-9.0.100\conf\Catalina\localhost\CSA_CW.xml] has been ignored
04-Apr-2025 01:19:29.591 INFO [http-nio-8080-exec-179] org.apache.jasper.servlet.TldScanner.scanJars At least one JAR was scanned for TLDs yet contained no TLDs. Enable debug logging for this logger for a complete list of JARs that were scanned but no TLDs were found in them. Skipping unneeded JARs during scanning can improve startup time and JSP compilation time.
04-Apr-2025 01:19:29.621 WARNING [http-nio-8080-exec-179] org.glassfish.jersey.servlet.init.JerseyServletContainerInitializer.addServletWithApplication Mapping conflict. A Servlet registration exists with same mapping as the Jersey servlet application, named com.coursework.csa_cw.MyApplication, at the servlet mapping, /rest/*.
04-Apr-2025 01:19:30.057 WARNING [http-nio-8080-exec-179] org.glassfish.jersey.server.wadl.WadlFeature.configure JAXBContext implementation could not be found. WADL feature is disabled.
04-Apr-2025 01:19:30.648 WARNING [http-nio-8080-exec-179] org.glassfish.jersey.server.wadl.WadlFeature.configure JAXBContext implementation could not be found. WADL feature is disabled.
04-Apr-2025 01:19:30.680 INFO [http-nio-8080-exec-179] org.apache.catalina.startup.HostConfig.deployDescriptor Deployment of deployment descriptor [C:\Users\Udith\Documents\GitHub\IIT_Coding\Year 3\Client Server\Practice\Teluisko\apache-tomcat-9.0.100\conf\Catalina\localhost\CSA_CW.xml] has finished in [1,822] ms
04-Apr-2025 01:19:30.688 INFO [http-nio-8080-exec-181] org.apache.catalina.util.LifecycleBase.start The start() method was called on component [StandardEngine[Catalina].StandardHost[localhost].StandardContext[/CSA_CW]] after start() had already been called. The second call will be ignored.
04-Apr-2025 01:19:42.717 WARNING [http-nio-8080-exec-176] com.coursework.csa_cw.dao.AuthorDAO.getAuthorById Author not found
04-Apr-2025 01:20:41.916 INFO [http-nio-8080-exec-178] org.apache.catalina.startup.HostConfig.undeploy Undeploying context [/CSA_CW]
04-Apr-2025 01:20:41.962 INFO [http-nio-8080-exec-182] org.apache.catalina.startup.HostConfig.deployDescriptor Deploying deployment descriptor [C:\Users\Udith\Documents\GitHub\IIT_Coding\Year 3\Client Server\Practice\Teluisko\apache-tomcat-9.0.100\conf\Catalina\localhost\CSA_CW.xml]
04-Apr-2025 01:20:41.964 WARNING [http-nio-8080-exec-182] org.apache.catalina.startup.HostConfig.deployDescriptor The path attribute with value [/CSA_CW] in deployment descriptor [C:\Users\Udith\Documents\GitHub\IIT_Coding\Year 3\Client Server\Practice\Teluisko\apache-tomcat-9.0.100\conf\Catalina\localhost\CSA_CW.xml] has been ignored
04-Apr-2025 01:20:42.690 INFO [http-nio-8080-exec-182] org.apache.jasper.servlet.TldScanner.scanJars At least one JAR was scanned for TLDs yet contained no TLDs. Enable debug logging for this logger for a complete list of JARs that were scanned but no TLDs were found in them. Skipping unneeded JARs during scanning can improve startup time and JSP compilation time.
04-Apr-2025 01:20:42.736 WARNING [http-nio-8080-exec-182] org.glassfish.jersey.servlet.init.JerseyServletContainerInitializer.addServletWithApplication Mapping conflict. A Servlet registration exists with same mapping as the Jersey servlet application, named com.coursework.csa_cw.MyApplication, at the servlet mapping, /rest/*.
04-Apr-2025 01:20:43.185 WARNING [http-nio-8080-exec-182] org.glassfish.jersey.server.wadl.WadlFeature.configure JAXBContext implementation could not be found. WADL feature is disabled.
04-Apr-2025 01:20:43.692 WARNING [http-nio-8080-exec-182] org.glassfish.jersey.server.wadl.WadlFeature.configure JAXBContext implementation could not be found. WADL feature is disabled.
04-Apr-2025 01:20:43.726 INFO [http-nio-8080-exec-182] org.apache.catalina.startup.HostConfig.deployDescriptor Deployment of deployment descriptor [C:\Users\Udith\Documents\GitHub\IIT_Coding\Year 3\Client Server\Practice\Teluisko\apache-tomcat-9.0.100\conf\Catalina\localhost\CSA_CW.xml] has finished in [1,764] ms
04-Apr-2025 01:20:43.728 INFO [http-nio-8080-exec-186] org.apache.catalina.util.LifecycleBase.start The start() method was called on component [StandardEngine[Catalina].StandardHost[localhost].StandardContext[/CSA_CW]] after start() had already been called. The second call will be ignored.
04-Apr-2025 01:25:44.328 INFO [http-nio-8080-exec-199] org.apache.catalina.startup.HostConfig.undeploy Undeploying context [/CSA_CW]
04-Apr-2025 01:25:57.439 INFO [http-nio-8080-exec-192] org.apache.catalina.startup.HostConfig.deployDescriptor Deploying deployment descriptor [C:\Users\Udith\Documents\GitHub\IIT_Coding\Year 3\Client Server\Practice\Teluisko\apache-tomcat-9.0.100\conf\Catalina\localhost\CSA_CW.xml]
04-Apr-2025 01:25:57.440 WARNING [http-nio-8080-exec-192] org.apache.catalina.startup.HostConfig.deployDescriptor The path attribute with value [/CSA_CW] in deployment descriptor [C:\Users\Udith\Documents\GitHub\IIT_Coding\Year 3\Client Server\Practice\Teluisko\apache-tomcat-9.0.100\conf\Catalina\localhost\CSA_CW.xml] has been ignored
04-Apr-2025 01:25:58.120 INFO [http-nio-8080-exec-192] org.apache.jasper.servlet.TldScanner.scanJars At least one JAR was scanned for TLDs yet contained no TLDs. Enable debug logging for this logger for a complete list of JARs that were scanned but no TLDs were found in them. Skipping unneeded JARs during scanning can improve startup time and JSP compilation time.
04-Apr-2025 01:25:58.636 WARNING [http-nio-8080-exec-192] org.glassfish.jersey.server.wadl.WadlFeature.configure JAXBContext implementation could not be found. WADL feature is disabled.
04-Apr-2025 01:25:59.143 INFO [http-nio-8080-exec-192] org.apache.catalina.startup.HostConfig.deployDescriptor Deployment of deployment descriptor [C:\Users\Udith\Documents\GitHub\IIT_Coding\Year 3\Client Server\Practice\Teluisko\apache-tomcat-9.0.100\conf\Catalina\localhost\CSA_CW.xml] has finished in [1,704] ms
04-Apr-2025 01:25:59.147 INFO [http-nio-8080-exec-200] org.apache.catalina.util.LifecycleBase.start The start() method was called on component [StandardEngine[Catalina].StandardHost[localhost].StandardContext[/CSA_CW]] after start() had already been called. The second call will be ignored.
04-Apr-2025 01:26:16.663 INFO [http-nio-8080-exec-194] com.coursework.csa_cw.dao.AuthorDAO.getAuthorById Author details successfully retrieved
04-Apr-2025 01:26:20.951 WARNING [http-nio-8080-exec-190] com.coursework.csa_cw.dao.AuthorDAO.getAuthorById Author not found
04-Apr-2025 01:32:17.340 INFO [Catalina-utility-2] org.apache.catalina.startup.HostConfig.undeploy Undeploying context [/healthsystem]
04-Apr-2025 01:32:17.373 INFO [Catalina-utility-2] org.apache.catalina.startup.HostConfig.deployDescriptor Deploying deployment descriptor [C:\Users\Udith\Documents\GitHub\IIT_Coding\Year 3\Client Server\Practice\Teluisko\apache-tomcat-9.0.100\conf\Catalina\localhost\healthsystem.xml]
04-Apr-2025 01:32:17.377 WARNING [Catalina-utility-2] org.apache.catalina.startup.HostConfig.deployDescriptor The path attribute with value [/healthsystem] in deployment descriptor [C:\Users\Udith\Documents\GitHub\IIT_Coding\Year 3\Client Server\Practice\Teluisko\apache-tomcat-9.0.100\conf\Catalina\localhost\healthsystem.xml] has been ignored
04-Apr-2025 01:32:17.390 SEVERE [Catalina-utility-2] org.apache.catalina.startup.HostConfig.deployDescriptor Error deploying deployment descriptor [C:\Users\Udith\Documents\GitHub\IIT_Coding\Year 3\Client Server\Practice\Teluisko\apache-tomcat-9.0.100\conf\Catalina\localhost\healthsystem.xml]
	java.lang.IllegalStateException: Error starting child
		at org.apache.catalina.core.ContainerBase.addChildInternal(ContainerBase.java:602)
		at org.apache.catalina.core.ContainerBase.addChild(ContainerBase.java:571)
		at org.apache.catalina.core.StandardHost.addChild(StandardHost.java:603)
		at org.apache.catalina.startup.HostConfig.deployDescriptor(HostConfig.java:680)
		at org.apache.catalina.startup.HostConfig$DeployDescriptor.run(HostConfig.java:1844)
		at java.base/java.util.concurrent.Executors$RunnableAdapter.call(Executors.java:572)
		at java.base/java.util.concurrent.FutureTask.run(FutureTask.java:317)
		at org.apache.tomcat.util.threads.InlineExecutorService.execute(InlineExecutorService.java:75)
		at java.base/java.util.concurrent.AbstractExecutorService.submit(AbstractExecutorService.java:124)
		at org.apache.catalina.startup.HostConfig.deployDescriptors(HostConfig.java:575)
		at org.apache.catalina.startup.HostConfig.deployApps(HostConfig.java:466)
		at org.apache.catalina.startup.HostConfig.check(HostConfig.java:1633)
		at org.apache.catalina.startup.HostConfig.lifecycleEvent(HostConfig.java:308)
		at org.apache.catalina.util.LifecycleBase.fireLifecycleEvent(LifecycleBase.java:109)
		at org.apache.catalina.core.ContainerBase.backgroundProcess(ContainerBase.java:973)
		at org.apache.catalina.core.ContainerBase$ContainerBackgroundProcessor.processChildren(ContainerBase.java:1172)
		at org.apache.catalina.core.ContainerBase$ContainerBackgroundProcessor.processChildren(ContainerBase.java:1176)
		at org.apache.catalina.core.ContainerBase$ContainerBackgroundProcessor.run(ContainerBase.java:1154)
		at java.base/java.util.concurrent.Executors$RunnableAdapter.call(Executors.java:572)
		at java.base/java.util.concurrent.FutureTask.runAndReset(FutureTask.java:358)
		at java.base/java.util.concurrent.ScheduledThreadPoolExecutor$ScheduledFutureTask.run(ScheduledThreadPoolExecutor.java:305)
		at java.base/java.util.concurrent.ThreadPoolExecutor.runWorker(ThreadPoolExecutor.java:1144)
		at java.base/java.util.concurrent.ThreadPoolExecutor$Worker.run(ThreadPoolExecutor.java:642)
		at org.apache.tomcat.util.threads.TaskThread$WrappingRunnable.run(TaskThread.java:63)
		at java.base/java.lang.Thread.run(Thread.java:1575)
	Caused by: org.apache.catalina.LifecycleException: Failed to start component [org.apache.catalina.webresources.StandardRoot@dcd1f73]
		at org.apache.catalina.util.LifecycleBase.handleSubClassException(LifecycleBase.java:406)
		at org.apache.catalina.util.LifecycleBase.start(LifecycleBase.java:179)
		at org.apache.catalina.core.StandardContext.resourcesStart(StandardContext.java:4172)
		at org.apache.catalina.core.StandardContext.startInternal(StandardContext.java:4294)
		at org.apache.catalina.util.LifecycleBase.start(LifecycleBase.java:164)
		at org.apache.catalina.core.ContainerBase.addChildInternal(ContainerBase.java:599)
		... 24 more
	Caused by: java.lang.IllegalArgumentException: The main resource set specified [C:\Users\Udith\Documents\healthsystem\target\healthsystem-1.0-SNAPSHOT] is not a directory or war file, or is not readable (it does not exist or permissions to access it are missing)
		at org.apache.catalina.webresources.StandardRoot.createMainResourceSet(StandardRoot.java:761)
		at org.apache.catalina.webresources.StandardRoot.startInternal(StandardRoot.java:718)
		at org.apache.catalina.util.LifecycleBase.start(LifecycleBase.java:164)
		... 28 more
04-Apr-2025 01:32:17.631 INFO [Catalina-utility-2] org.apache.catalina.startup.HostConfig.deployDescriptor Deployment of deployment descriptor [C:\Users\Udith\Documents\GitHub\IIT_Coding\Year 3\Client Server\Practice\Teluisko\apache-tomcat-9.0.100\conf\Catalina\localhost\healthsystem.xml] has finished in [257] ms
04-Apr-2025 01:38:22.256 INFO [http-nio-8080-exec-203] org.apache.catalina.startup.HostConfig.undeploy Undeploying context [/CSA_CW]
04-Apr-2025 01:39:29.411 INFO [http-nio-8080-exec-218] org.apache.catalina.startup.HostConfig.deployDescriptor Deploying deployment descriptor [C:\Users\Udith\Documents\GitHub\IIT_Coding\Year 3\Client Server\Practice\Teluisko\apache-tomcat-9.0.100\conf\Catalina\localhost\CSA_CW.xml]
04-Apr-2025 01:39:29.412 WARNING [http-nio-8080-exec-218] org.apache.catalina.startup.HostConfig.deployDescriptor The path attribute with value [/CSA_CW] in deployment descriptor [C:\Users\Udith\Documents\GitHub\IIT_Coding\Year 3\Client Server\Practice\Teluisko\apache-tomcat-9.0.100\conf\Catalina\localhost\CSA_CW.xml] has been ignored
04-Apr-2025 01:39:30.096 INFO [http-nio-8080-exec-218] org.apache.jasper.servlet.TldScanner.scanJars At least one JAR was scanned for TLDs yet contained no TLDs. Enable debug logging for this logger for a complete list of JARs that were scanned but no TLDs were found in them. Skipping unneeded JARs during scanning can improve startup time and JSP compilation time.
04-Apr-2025 01:39:30.517 WARNING [http-nio-8080-exec-218] org.glassfish.jersey.server.wadl.WadlFeature.configure JAXBContext implementation could not be found. WADL feature is disabled.
04-Apr-2025 01:39:31.017 INFO [http-nio-8080-exec-218] org.apache.catalina.startup.HostConfig.deployDescriptor Deployment of deployment descriptor [C:\Users\Udith\Documents\GitHub\IIT_Coding\Year 3\Client Server\Practice\Teluisko\apache-tomcat-9.0.100\conf\Catalina\localhost\CSA_CW.xml] has finished in [1,607] ms
04-Apr-2025 01:39:31.020 INFO [http-nio-8080-exec-203] org.apache.catalina.util.LifecycleBase.start The start() method was called on component [StandardEngine[Catalina].StandardHost[localhost].StandardContext[/CSA_CW]] after start() had already been called. The second call will be ignored.
04-Apr-2025 01:39:35.416 WARNING [http-nio-8080-exec-214] com.coursework.csa_cw.dao.AuthorDAO.getAuthorById Author not found
04-Apr-2025 01:39:39.084 INFO [http-nio-8080-exec-201] com.coursework.csa_cw.dao.AuthorDAO.getAuthorById Author details successfully retrieved
04-Apr-2025 01:39:47.556 INFO [http-nio-8080-exec-222] org.apache.catalina.startup.HostConfig.undeploy Undeploying context [/CSA_CW]
04-Apr-2025 01:40:03.732 INFO [http-nio-8080-exec-224] org.apache.catalina.startup.HostConfig.deployDescriptor Deploying deployment descriptor [C:\Users\Udith\Documents\GitHub\IIT_Coding\Year 3\Client Server\Practice\Teluisko\apache-tomcat-9.0.100\conf\Catalina\localhost\CSA_CW.xml]
04-Apr-2025 01:40:03.733 WARNING [http-nio-8080-exec-224] org.apache.catalina.startup.HostConfig.deployDescriptor The path attribute with value [/CSA_CW] in deployment descriptor [C:\Users\Udith\Documents\GitHub\IIT_Coding\Year 3\Client Server\Practice\Teluisko\apache-tomcat-9.0.100\conf\Catalina\localhost\CSA_CW.xml] has been ignored
04-Apr-2025 01:40:04.441 INFO [http-nio-8080-exec-224] org.apache.jasper.servlet.TldScanner.scanJars At least one JAR was scanned for TLDs yet contained no TLDs. Enable debug logging for this logger for a complete list of JARs that were scanned but no TLDs were found in them. Skipping unneeded JARs during scanning can improve startup time and JSP compilation time.
04-Apr-2025 01:40:04.913 WARNING [http-nio-8080-exec-224] org.glassfish.jersey.server.wadl.WadlFeature.configure JAXBContext implementation could not be found. WADL feature is disabled.
04-Apr-2025 01:40:05.443 INFO [http-nio-8080-exec-224] org.apache.catalina.startup.HostConfig.deployDescriptor Deployment of deployment descriptor [C:\Users\Udith\Documents\GitHub\IIT_Coding\Year 3\Client Server\Practice\Teluisko\apache-tomcat-9.0.100\conf\Catalina\localhost\CSA_CW.xml] has finished in [1,712] ms
04-Apr-2025 01:40:05.445 INFO [http-nio-8080-exec-225] org.apache.catalina.util.LifecycleBase.start The start() method was called on component [StandardEngine[Catalina].StandardHost[localhost].StandardContext[/CSA_CW]] after start() had already been called. The second call will be ignored.
04-Apr-2025 01:44:04.070 INFO [http-nio-8080-exec-232] org.apache.catalina.startup.HostConfig.undeploy Undeploying context [/CSA_CW]
04-Apr-2025 01:44:40.010 INFO [http-nio-8080-exec-232] org.apache.catalina.startup.HostConfig.deployDescriptor Deploying deployment descriptor [C:\Users\Udith\Documents\GitHub\IIT_Coding\Year 3\Client Server\Practice\Teluisko\apache-tomcat-9.0.100\conf\Catalina\localhost\CSA_CW.xml]
04-Apr-2025 01:44:40.011 WARNING [http-nio-8080-exec-232] org.apache.catalina.startup.HostConfig.deployDescriptor The path attribute with value [/CSA_CW] in deployment descriptor [C:\Users\Udith\Documents\GitHub\IIT_Coding\Year 3\Client Server\Practice\Teluisko\apache-tomcat-9.0.100\conf\Catalina\localhost\CSA_CW.xml] has been ignored
04-Apr-2025 01:44:40.757 INFO [http-nio-8080-exec-232] org.apache.jasper.servlet.TldScanner.scanJars At least one JAR was scanned for TLDs yet contained no TLDs. Enable debug logging for this logger for a complete list of JARs that were scanned but no TLDs were found in them. Skipping unneeded JARs during scanning can improve startup time and JSP compilation time.
04-Apr-2025 01:44:41.238 WARNING [http-nio-8080-exec-232] org.glassfish.jersey.server.wadl.WadlFeature.configure JAXBContext implementation could not be found. WADL feature is disabled.
04-Apr-2025 01:44:41.779 INFO [http-nio-8080-exec-232] org.apache.catalina.startup.HostConfig.deployDescriptor Deployment of deployment descriptor [C:\Users\Udith\Documents\GitHub\IIT_Coding\Year 3\Client Server\Practice\Teluisko\apache-tomcat-9.0.100\conf\Catalina\localhost\CSA_CW.xml] has finished in [1,769] ms
04-Apr-2025 01:44:41.782 INFO [http-nio-8080-exec-234] org.apache.catalina.util.LifecycleBase.start The start() method was called on component [StandardEngine[Catalina].StandardHost[localhost].StandardContext[/CSA_CW]] after start() had already been called. The second call will be ignored.
04-Apr-2025 01:44:49.330 INFO [http-nio-8080-exec-230] com.coursework.csa_cw.dao.AuthorDAO.getAuthorById Author details successfully retrieved
04-Apr-2025 01:44:53.309 WARNING [http-nio-8080-exec-233] com.coursework.csa_cw.dao.AuthorDAO.getAuthorById Author not found
04-Apr-2025 01:48:59.242 INFO [Catalina-utility-1] org.apache.catalina.startup.HostConfig.reload Reloading context [/CSA_CW]
04-Apr-2025 01:48:59.243 INFO [Catalina-utility-1] org.apache.catalina.core.StandardContext.reload Reloading Context with name [/CSA_CW] has started
04-Apr-2025 01:49:00.087 INFO [Catalina-utility-1] org.apache.jasper.servlet.TldScanner.scanJars At least one JAR was scanned for TLDs yet contained no TLDs. Enable debug logging for this logger for a complete list of JARs that were scanned but no TLDs were found in them. Skipping unneeded JARs during scanning can improve startup time and JSP compilation time.
04-Apr-2025 01:49:00.575 WARNING [Catalina-utility-1] org.glassfish.jersey.server.wadl.WadlFeature.configure JAXBContext implementation could not be found. WADL feature is disabled.
04-Apr-2025 01:49:01.133 INFO [Catalina-utility-1] org.apache.catalina.core.StandardContext.reload Reloading Context with name [/CSA_CW] is completed
04-Apr-2025 01:49:11.142 INFO [Catalina-utility-1] org.apache.catalina.startup.HostConfig.reload Reloading context [/CSA_CW]
04-Apr-2025 01:49:11.142 INFO [Catalina-utility-1] org.apache.catalina.core.StandardContext.reload Reloading Context with name [/CSA_CW] has started
04-Apr-2025 01:49:11.879 INFO [Catalina-utility-1] org.apache.jasper.servlet.TldScanner.scanJars At least one JAR was scanned for TLDs yet contained no TLDs. Enable debug logging for this logger for a complete list of JARs that were scanned but no TLDs were found in them. Skipping unneeded JARs during scanning can improve startup time and JSP compilation time.
04-Apr-2025 01:49:12.421 WARNING [Catalina-utility-1] org.glassfish.jersey.server.wadl.WadlFeature.configure JAXBContext implementation could not be found. WADL feature is disabled.
04-Apr-2025 01:49:13.018 INFO [Catalina-utility-1] org.apache.catalina.core.StandardContext.reload Reloading Context with name [/CSA_CW] is completed
04-Apr-2025 01:49:14.504 INFO [http-nio-8080-exec-243] org.apache.catalina.startup.HostConfig.undeploy Undeploying context [/CSA_CW]
04-Apr-2025 01:49:14.543 INFO [http-nio-8080-exec-235] org.apache.catalina.startup.HostConfig.deployDescriptor Deploying deployment descriptor [C:\Users\Udith\Documents\GitHub\IIT_Coding\Year 3\Client Server\Practice\Teluisko\apache-tomcat-9.0.100\conf\Catalina\localhost\CSA_CW.xml]
04-Apr-2025 01:49:14.545 WARNING [http-nio-8080-exec-235] org.apache.catalina.startup.HostConfig.deployDescriptor The path attribute with value [/CSA_CW] in deployment descriptor [C:\Users\Udith\Documents\GitHub\IIT_Coding\Year 3\Client Server\Practice\Teluisko\apache-tomcat-9.0.100\conf\Catalina\localhost\CSA_CW.xml] has been ignored
04-Apr-2025 01:49:15.284 INFO [http-nio-8080-exec-235] org.apache.jasper.servlet.TldScanner.scanJars At least one JAR was scanned for TLDs yet contained no TLDs. Enable debug logging for this logger for a complete list of JARs that were scanned but no TLDs were found in them. Skipping unneeded JARs during scanning can improve startup time and JSP compilation time.
04-Apr-2025 01:49:15.768 WARNING [http-nio-8080-exec-235] org.glassfish.jersey.server.wadl.WadlFeature.configure JAXBContext implementation could not be found. WADL feature is disabled.
04-Apr-2025 01:49:16.316 INFO [http-nio-8080-exec-235] org.apache.catalina.startup.HostConfig.deployDescriptor Deployment of deployment descriptor [C:\Users\Udith\Documents\GitHub\IIT_Coding\Year 3\Client Server\Practice\Teluisko\apache-tomcat-9.0.100\conf\Catalina\localhost\CSA_CW.xml] has finished in [1,773] ms
04-Apr-2025 01:49:16.318 INFO [http-nio-8080-exec-238] org.apache.catalina.util.LifecycleBase.start The start() method was called on component [StandardEngine[Catalina].StandardHost[localhost].StandardContext[/CSA_CW]] after start() had already been called. The second call will be ignored.
04-Apr-2025 01:49:20.358 WARNING [http-nio-8080-exec-244] com.coursework.csa_cw.dao.AuthorDAO.getAuthorById Author not found
04-Apr-2025 01:49:20.363 INFO [http-nio-8080-exec-244] com.coursework.csa_cw.exception.AuthorNotFoundExceptionMapper.toResponse Author Not FoundNot Found
04-Apr-2025 01:57:20.826 INFO [http-nio-8080-exec-254] org.apache.catalina.startup.HostConfig.undeploy Undeploying context [/CSA_CW]
04-Apr-2025 01:57:20.883 INFO [http-nio-8080-exec-252] org.apache.catalina.startup.HostConfig.deployDescriptor Deploying deployment descriptor [C:\Users\Udith\Documents\GitHub\IIT_Coding\Year 3\Client Server\Practice\Teluisko\apache-tomcat-9.0.100\conf\Catalina\localhost\CSA_CW.xml]
04-Apr-2025 01:57:20.886 WARNING [http-nio-8080-exec-252] org.apache.catalina.startup.HostConfig.deployDescriptor The path attribute with value [/CSA_CW] in deployment descriptor [C:\Users\Udith\Documents\GitHub\IIT_Coding\Year 3\Client Server\Practice\Teluisko\apache-tomcat-9.0.100\conf\Catalina\localhost\CSA_CW.xml] has been ignored
04-Apr-2025 01:57:21.590 INFO [http-nio-8080-exec-252] org.apache.jasper.servlet.TldScanner.scanJars At least one JAR was scanned for TLDs yet contained no TLDs. Enable debug logging for this logger for a complete list of JARs that were scanned but no TLDs were found in them. Skipping unneeded JARs during scanning can improve startup time and JSP compilation time.
04-Apr-2025 01:57:22.074 WARNING [http-nio-8080-exec-252] org.glassfish.jersey.server.wadl.WadlFeature.configure JAXBContext implementation could not be found. WADL feature is disabled.
04-Apr-2025 01:57:22.597 INFO [http-nio-8080-exec-252] org.apache.catalina.startup.HostConfig.deployDescriptor Deployment of deployment descriptor [C:\Users\Udith\Documents\GitHub\IIT_Coding\Year 3\Client Server\Practice\Teluisko\apache-tomcat-9.0.100\conf\Catalina\localhost\CSA_CW.xml] has finished in [1,714] ms
04-Apr-2025 01:57:22.600 INFO [http-nio-8080-exec-253] org.apache.catalina.util.LifecycleBase.start The start() method was called on component [StandardEngine[Catalina].StandardHost[localhost].StandardContext[/CSA_CW]] after start() had already been called. The second call will be ignored.
04-Apr-2025 01:57:32.246 INFO [http-nio-8080-exec-246] com.coursework.csa_cw.exception.AuthorNotFoundExceptionMapper.toResponse Author Not FoundAuthor ID:4 Not Found to Remove
04-Apr-2025 01:59:47.353 INFO [main] org.apache.catalina.core.StandardServer.await A valid shutdown command was received via the shutdown port. Stopping the Server instance.
04-Apr-2025 01:59:47.354 INFO [main] org.apache.coyote.AbstractProtocol.pause Pausing ProtocolHandler ["http-nio-8080"]
04-Apr-2025 01:59:47.363 INFO [main] org.apache.catalina.core.StandardService.stopInternal Stopping service [Catalina]
04-Apr-2025 01:59:47.463 INFO [main] org.apache.coyote.AbstractProtocol.stop Stopping ProtocolHandler ["http-nio-8080"]
04-Apr-2025 01:59:47.501 INFO [main] org.apache.coyote.AbstractProtocol.destroy Destroying ProtocolHandler ["http-nio-8080"]
