31-Mar-2025 00:04:30.277 INFO [http-nio-8080-exec-62] org.apache.catalina.startup.HostConfig.undeploy Undeploying context [/CSA_CW]
31-Mar-2025 00:04:30.307 INFO [http-nio-8080-exec-61] org.apache.catalina.startup.HostConfig.deployDescriptor Deploying deployment descriptor [C:\Users\Udith\Documents\GitHub\IIT_Coding\Year 3\Client Server\Practice\Teluisko\apache-tomcat-9.0.100\conf\Catalina\localhost\CSA_CW.xml]
31-Mar-2025 00:04:30.309 WARNING [http-nio-8080-exec-61] org.apache.catalina.startup.HostConfig.deployDescriptor The path attribute with value [/CSA_CW] in deployment descriptor [C:\Users\Udith\Documents\GitHub\IIT_Coding\Year 3\Client Server\Practice\Teluisko\apache-tomcat-9.0.100\conf\Catalina\localhost\CSA_CW.xml] has been ignored
31-Mar-2025 00:04:32.334 INFO [http-nio-8080-exec-61] org.apache.jasper.servlet.TldScanner.scanJars At least one JAR was scanned for TLDs yet contained no TLDs. Enable debug logging for this logger for a complete list of JARs that were scanned but no TLDs were found in them. Skipping unneeded JARs during scanning can improve startup time and JSP compilation time.
31-Mar-2025 00:04:33.799 WARNING [http-nio-8080-exec-61] org.glassfish.jersey.server.wadl.WadlFeature.configure JAXBContext implementation could not be found. WADL feature is disabled.
31-Mar-2025 00:04:35.421 WARNING [http-nio-8080-exec-61] org.glassfish.jersey.internal.Errors.logErrors The following warnings have been detected: WARNING: A resource, Resource{"/customers", 0 child resources, 0 resource methods, 0 sub-resource locator, 0 method handler classes, 0 method handler instances}, with path "/customers" is empty. It has no resource (or sub resource) methods neither sub resource locators defined.

31-Mar-2025 00:04:35.436 INFO [http-nio-8080-exec-61] org.apache.catalina.startup.HostConfig.deployDescriptor Deployment of deployment descriptor [C:\Users\Udith\Documents\GitHub\IIT_Coding\Year 3\Client Server\Practice\Teluisko\apache-tomcat-9.0.100\conf\Catalina\localhost\CSA_CW.xml] has finished in [5,128] ms
31-Mar-2025 00:04:35.443 INFO [http-nio-8080-exec-64] org.apache.catalina.util.LifecycleBase.start The start() method was called on component [StandardEngine[Catalina].StandardHost[localhost].StandardContext[/CSA_CW]] after start() had already been called. The second call will be ignored.
31-Mar-2025 00:24:15.450 INFO [http-nio-8080-exec-74] org.apache.catalina.startup.HostConfig.undeploy Undeploying context [/CSA_CW]
31-Mar-2025 00:24:15.476 INFO [http-nio-8080-exec-66] org.apache.catalina.startup.HostConfig.deployDescriptor Deploying deployment descriptor [C:\Users\Udith\Documents\GitHub\IIT_Coding\Year 3\Client Server\Practice\Teluisko\apache-tomcat-9.0.100\conf\Catalina\localhost\CSA_CW.xml]
31-Mar-2025 00:24:15.477 WARNING [http-nio-8080-exec-66] org.apache.catalina.startup.HostConfig.deployDescriptor The path attribute with value [/CSA_CW] in deployment descriptor [C:\Users\Udith\Documents\GitHub\IIT_Coding\Year 3\Client Server\Practice\Teluisko\apache-tomcat-9.0.100\conf\Catalina\localhost\CSA_CW.xml] has been ignored
31-Mar-2025 00:24:16.442 INFO [http-nio-8080-exec-66] org.apache.jasper.servlet.TldScanner.scanJars At least one JAR was scanned for TLDs yet contained no TLDs. Enable debug logging for this logger for a complete list of JARs that were scanned but no TLDs were found in them. Skipping unneeded JARs during scanning can improve startup time and JSP compilation time.
31-Mar-2025 00:24:17.120 WARNING [http-nio-8080-exec-66] org.glassfish.jersey.server.wadl.WadlFeature.configure JAXBContext implementation could not be found. WADL feature is disabled.
31-Mar-2025 00:24:17.867 WARNING [http-nio-8080-exec-66] org.glassfish.jersey.internal.Errors.logErrors The following warnings have been detected: WARNING: A resource, Resource{"/customers", 0 child resources, 0 resource methods, 0 sub-resource locator, 0 method handler classes, 0 method handler instances}, with path "/customers" is empty. It has no resource (or sub resource) methods neither sub resource locators defined.

31-Mar-2025 00:24:17.876 INFO [http-nio-8080-exec-66] org.apache.catalina.startup.HostConfig.deployDescriptor Deployment of deployment descriptor [C:\Users\Udith\Documents\GitHub\IIT_Coding\Year 3\Client Server\Practice\Teluisko\apache-tomcat-9.0.100\conf\Catalina\localhost\CSA_CW.xml] has finished in [2,400] ms
31-Mar-2025 00:24:17.879 INFO [http-nio-8080-exec-67] org.apache.catalina.util.LifecycleBase.start The start() method was called on component [StandardEngine[Catalina].StandardHost[localhost].StandardContext[/CSA_CW]] after start() had already been called. The second call will be ignored.
31-Mar-2025 00:40:55.507 INFO [http-nio-8080-exec-83] org.apache.catalina.startup.HostConfig.undeploy Undeploying context [/CSA_CW]
31-Mar-2025 00:40:55.528 INFO [http-nio-8080-exec-85] org.apache.catalina.startup.HostConfig.deployDescriptor Deploying deployment descriptor [C:\Users\Udith\Documents\GitHub\IIT_Coding\Year 3\Client Server\Practice\Teluisko\apache-tomcat-9.0.100\conf\Catalina\localhost\CSA_CW.xml]
31-Mar-2025 00:40:55.530 WARNING [http-nio-8080-exec-85] org.apache.catalina.startup.HostConfig.deployDescriptor The path attribute with value [/CSA_CW] in deployment descriptor [C:\Users\Udith\Documents\GitHub\IIT_Coding\Year 3\Client Server\Practice\Teluisko\apache-tomcat-9.0.100\conf\Catalina\localhost\CSA_CW.xml] has been ignored
31-Mar-2025 00:40:56.469 INFO [http-nio-8080-exec-85] org.apache.jasper.servlet.TldScanner.scanJars At least one JAR was scanned for TLDs yet contained no TLDs. Enable debug logging for this logger for a complete list of JARs that were scanned but no TLDs were found in them. Skipping unneeded JARs during scanning can improve startup time and JSP compilation time.
31-Mar-2025 00:40:57.106 WARNING [http-nio-8080-exec-85] org.glassfish.jersey.server.wadl.WadlFeature.configure JAXBContext implementation could not be found. WADL feature is disabled.
31-Mar-2025 00:40:57.822 WARNING [http-nio-8080-exec-85] org.glassfish.jersey.internal.Errors.logErrors The following warnings have been detected: WARNING: A resource, Resource{"/customers", 0 child resources, 0 resource methods, 0 sub-resource locator, 0 method handler classes, 0 method handler instances}, with path "/customers" is empty. It has no resource (or sub resource) methods neither sub resource locators defined.

31-Mar-2025 00:40:57.830 INFO [http-nio-8080-exec-85] org.apache.catalina.startup.HostConfig.deployDescriptor Deployment of deployment descriptor [C:\Users\Udith\Documents\GitHub\IIT_Coding\Year 3\Client Server\Practice\Teluisko\apache-tomcat-9.0.100\conf\Catalina\localhost\CSA_CW.xml] has finished in [2,302] ms
31-Mar-2025 00:40:57.834 INFO [http-nio-8080-exec-80] org.apache.catalina.util.LifecycleBase.start The start() method was called on component [StandardEngine[Catalina].StandardHost[localhost].StandardContext[/CSA_CW]] after start() had already been called. The second call will be ignored.
31-Mar-2025 00:44:19.112 INFO [http-nio-8080-exec-94] org.apache.catalina.startup.HostConfig.undeploy Undeploying context [/CSA_CW]
31-Mar-2025 00:44:19.137 INFO [http-nio-8080-exec-93] org.apache.catalina.startup.HostConfig.deployDescriptor Deploying deployment descriptor [C:\Users\Udith\Documents\GitHub\IIT_Coding\Year 3\Client Server\Practice\Teluisko\apache-tomcat-9.0.100\conf\Catalina\localhost\CSA_CW.xml]
31-Mar-2025 00:44:19.138 WARNING [http-nio-8080-exec-93] org.apache.catalina.startup.HostConfig.deployDescriptor The path attribute with value [/CSA_CW] in deployment descriptor [C:\Users\Udith\Documents\GitHub\IIT_Coding\Year 3\Client Server\Practice\Teluisko\apache-tomcat-9.0.100\conf\Catalina\localhost\CSA_CW.xml] has been ignored
31-Mar-2025 00:44:20.139 INFO [http-nio-8080-exec-93] org.apache.jasper.servlet.TldScanner.scanJars At least one JAR was scanned for TLDs yet contained no TLDs. Enable debug logging for this logger for a complete list of JARs that were scanned but no TLDs were found in them. Skipping unneeded JARs during scanning can improve startup time and JSP compilation time.
31-Mar-2025 00:44:20.811 WARNING [http-nio-8080-exec-93] org.glassfish.jersey.server.wadl.WadlFeature.configure JAXBContext implementation could not be found. WADL feature is disabled.
31-Mar-2025 00:44:21.562 WARNING [http-nio-8080-exec-93] org.glassfish.jersey.internal.Errors.logErrors The following warnings have been detected: WARNING: A resource, Resource{"/customers", 0 child resources, 0 resource methods, 0 sub-resource locator, 0 method handler classes, 0 method handler instances}, with path "/customers" is empty. It has no resource (or sub resource) methods neither sub resource locators defined.

31-Mar-2025 00:44:21.568 INFO [http-nio-8080-exec-93] org.apache.catalina.startup.HostConfig.deployDescriptor Deployment of deployment descriptor [C:\Users\Udith\Documents\GitHub\IIT_Coding\Year 3\Client Server\Practice\Teluisko\apache-tomcat-9.0.100\conf\Catalina\localhost\CSA_CW.xml] has finished in [2,431] ms
31-Mar-2025 00:44:21.572 INFO [http-nio-8080-exec-95] org.apache.catalina.util.LifecycleBase.start The start() method was called on component [StandardEngine[Catalina].StandardHost[localhost].StandardContext[/CSA_CW]] after start() had already been called. The second call will be ignored.
31-Mar-2025 00:45:47.633 INFO [http-nio-8080-exec-102] org.apache.catalina.startup.HostConfig.undeploy Undeploying context [/CSA_CW]
31-Mar-2025 00:45:47.663 INFO [http-nio-8080-exec-98] org.apache.catalina.startup.HostConfig.deployDescriptor Deploying deployment descriptor [C:\Users\Udith\Documents\GitHub\IIT_Coding\Year 3\Client Server\Practice\Teluisko\apache-tomcat-9.0.100\conf\Catalina\localhost\CSA_CW.xml]
31-Mar-2025 00:45:47.665 WARNING [http-nio-8080-exec-98] org.apache.catalina.startup.HostConfig.deployDescriptor The path attribute with value [/CSA_CW] in deployment descriptor [C:\Users\Udith\Documents\GitHub\IIT_Coding\Year 3\Client Server\Practice\Teluisko\apache-tomcat-9.0.100\conf\Catalina\localhost\CSA_CW.xml] has been ignored
31-Mar-2025 00:45:48.659 INFO [http-nio-8080-exec-98] org.apache.jasper.servlet.TldScanner.scanJars At least one JAR was scanned for TLDs yet contained no TLDs. Enable debug logging for this logger for a complete list of JARs that were scanned but no TLDs were found in them. Skipping unneeded JARs during scanning can improve startup time and JSP compilation time.
31-Mar-2025 00:45:49.327 WARNING [http-nio-8080-exec-98] org.glassfish.jersey.server.wadl.WadlFeature.configure JAXBContext implementation could not be found. WADL feature is disabled.
31-Mar-2025 00:45:50.031 WARNING [http-nio-8080-exec-98] org.glassfish.jersey.internal.Errors.logErrors The following warnings have been detected: WARNING: A resource, Resource{"/customers", 0 child resources, 0 resource methods, 0 sub-resource locator, 0 method handler classes, 0 method handler instances}, with path "/customers" is empty. It has no resource (or sub resource) methods neither sub resource locators defined.

31-Mar-2025 00:45:50.037 INFO [http-nio-8080-exec-98] org.apache.catalina.startup.HostConfig.deployDescriptor Deployment of deployment descriptor [C:\Users\Udith\Documents\GitHub\IIT_Coding\Year 3\Client Server\Practice\Teluisko\apache-tomcat-9.0.100\conf\Catalina\localhost\CSA_CW.xml] has finished in [2,374] ms
31-Mar-2025 00:45:50.041 INFO [http-nio-8080-exec-101] org.apache.catalina.util.LifecycleBase.start The start() method was called on component [StandardEngine[Catalina].StandardHost[localhost].StandardContext[/CSA_CW]] after start() had already been called. The second call will be ignored.
31-Mar-2025 00:50:50.668 INFO [http-nio-8080-exec-113] org.apache.catalina.startup.HostConfig.undeploy Undeploying context [/CSA_CW]
31-Mar-2025 00:50:50.688 INFO [http-nio-8080-exec-112] org.apache.catalina.startup.HostConfig.deployDescriptor Deploying deployment descriptor [C:\Users\Udith\Documents\GitHub\IIT_Coding\Year 3\Client Server\Practice\Teluisko\apache-tomcat-9.0.100\conf\Catalina\localhost\CSA_CW.xml]
31-Mar-2025 00:50:50.689 WARNING [http-nio-8080-exec-112] org.apache.catalina.startup.HostConfig.deployDescriptor The path attribute with value [/CSA_CW] in deployment descriptor [C:\Users\Udith\Documents\GitHub\IIT_Coding\Year 3\Client Server\Practice\Teluisko\apache-tomcat-9.0.100\conf\Catalina\localhost\CSA_CW.xml] has been ignored
31-Mar-2025 00:50:51.645 INFO [http-nio-8080-exec-112] org.apache.jasper.servlet.TldScanner.scanJars At least one JAR was scanned for TLDs yet contained no TLDs. Enable debug logging for this logger for a complete list of JARs that were scanned but no TLDs were found in them. Skipping unneeded JARs during scanning can improve startup time and JSP compilation time.
31-Mar-2025 00:50:52.267 WARNING [http-nio-8080-exec-112] org.glassfish.jersey.server.wadl.WadlFeature.configure JAXBContext implementation could not be found. WADL feature is disabled.
31-Mar-2025 00:50:52.935 WARNING [http-nio-8080-exec-112] org.glassfish.jersey.internal.Errors.logErrors The following warnings have been detected: WARNING: A resource, Resource{"/customers", 0 child resources, 0 resource methods, 0 sub-resource locator, 0 method handler classes, 0 method handler instances}, with path "/customers" is empty. It has no resource (or sub resource) methods neither sub resource locators defined.

31-Mar-2025 00:50:52.942 INFO [http-nio-8080-exec-112] org.apache.catalina.startup.HostConfig.deployDescriptor Deployment of deployment descriptor [C:\Users\Udith\Documents\GitHub\IIT_Coding\Year 3\Client Server\Practice\Teluisko\apache-tomcat-9.0.100\conf\Catalina\localhost\CSA_CW.xml] has finished in [2,256] ms
31-Mar-2025 00:50:52.945 INFO [http-nio-8080-exec-114] org.apache.catalina.util.LifecycleBase.start The start() method was called on component [StandardEngine[Catalina].StandardHost[localhost].StandardContext[/CSA_CW]] after start() had already been called. The second call will be ignored.
31-Mar-2025 01:21:52.842 INFO [http-nio-8080-exec-122] org.apache.catalina.startup.HostConfig.undeploy Undeploying context [/CSA_CW]
31-Mar-2025 01:21:52.866 INFO [http-nio-8080-exec-118] org.apache.catalina.startup.HostConfig.deployDescriptor Deploying deployment descriptor [C:\Users\Udith\Documents\GitHub\IIT_Coding\Year 3\Client Server\Practice\Teluisko\apache-tomcat-9.0.100\conf\Catalina\localhost\CSA_CW.xml]
31-Mar-2025 01:21:52.869 WARNING [http-nio-8080-exec-118] org.apache.catalina.startup.HostConfig.deployDescriptor The path attribute with value [/CSA_CW] in deployment descriptor [C:\Users\Udith\Documents\GitHub\IIT_Coding\Year 3\Client Server\Practice\Teluisko\apache-tomcat-9.0.100\conf\Catalina\localhost\CSA_CW.xml] has been ignored
31-Mar-2025 01:21:53.671 INFO [http-nio-8080-exec-118] org.apache.jasper.servlet.TldScanner.scanJars At least one JAR was scanned for TLDs yet contained no TLDs. Enable debug logging for this logger for a complete list of JARs that were scanned but no TLDs were found in them. Skipping unneeded JARs during scanning can improve startup time and JSP compilation time.
31-Mar-2025 01:21:54.195 WARNING [http-nio-8080-exec-118] org.glassfish.jersey.server.wadl.WadlFeature.configure JAXBContext implementation could not be found. WADL feature is disabled.
31-Mar-2025 01:21:54.753 WARNING [http-nio-8080-exec-118] org.glassfish.jersey.internal.Errors.logErrors The following warnings have been detected: WARNING: A resource, Resource{"/customers", 0 child resources, 0 resource methods, 0 sub-resource locator, 0 method handler classes, 0 method handler instances}, with path "/customers" is empty. It has no resource (or sub resource) methods neither sub resource locators defined.

31-Mar-2025 01:21:54.758 INFO [http-nio-8080-exec-118] org.apache.catalina.startup.HostConfig.deployDescriptor Deployment of deployment descriptor [C:\Users\Udith\Documents\GitHub\IIT_Coding\Year 3\Client Server\Practice\Teluisko\apache-tomcat-9.0.100\conf\Catalina\localhost\CSA_CW.xml] has finished in [1,892] ms
31-Mar-2025 01:21:54.763 INFO [http-nio-8080-exec-121] org.apache.catalina.util.LifecycleBase.start The start() method was called on component [StandardEngine[Catalina].StandardHost[localhost].StandardContext[/CSA_CW]] after start() had already been called. The second call will be ignored.
31-Mar-2025 01:22:43.106 INFO [http-nio-8080-exec-126] com.coursework.csa_cw.dao.AuthorDAO.addAuthor Author successfully added
31-Mar-2025 01:23:14.869 INFO [http-nio-8080-exec-128] com.coursework.csa_cw.dao.AuthorDAO.addAuthor Author successfully added
31-Mar-2025 01:28:32.917 INFO [http-nio-8080-exec-125] org.apache.catalina.startup.HostConfig.undeploy Undeploying context [/CSA_CW]
31-Mar-2025 01:28:32.943 INFO [http-nio-8080-exec-127] org.apache.catalina.startup.HostConfig.deployDescriptor Deploying deployment descriptor [C:\Users\Udith\Documents\GitHub\IIT_Coding\Year 3\Client Server\Practice\Teluisko\apache-tomcat-9.0.100\conf\Catalina\localhost\CSA_CW.xml]
31-Mar-2025 01:28:32.946 WARNING [http-nio-8080-exec-127] org.apache.catalina.startup.HostConfig.deployDescriptor The path attribute with value [/CSA_CW] in deployment descriptor [C:\Users\Udith\Documents\GitHub\IIT_Coding\Year 3\Client Server\Practice\Teluisko\apache-tomcat-9.0.100\conf\Catalina\localhost\CSA_CW.xml] has been ignored
31-Mar-2025 01:28:33.791 INFO [http-nio-8080-exec-127] org.apache.jasper.servlet.TldScanner.scanJars At least one JAR was scanned for TLDs yet contained no TLDs. Enable debug logging for this logger for a complete list of JARs that were scanned but no TLDs were found in them. Skipping unneeded JARs during scanning can improve startup time and JSP compilation time.
31-Mar-2025 01:28:34.344 WARNING [http-nio-8080-exec-127] org.glassfish.jersey.server.wadl.WadlFeature.configure JAXBContext implementation could not be found. WADL feature is disabled.
31-Mar-2025 01:28:35.308 WARNING [http-nio-8080-exec-127] org.glassfish.jersey.internal.Errors.logErrors The following warnings have been detected: WARNING: A resource, Resource{"/customers", 0 child resources, 0 resource methods, 0 sub-resource locator, 0 method handler classes, 0 method handler instances}, with path "/customers" is empty. It has no resource (or sub resource) methods neither sub resource locators defined.

31-Mar-2025 01:28:35.324 INFO [http-nio-8080-exec-127] org.apache.catalina.startup.HostConfig.deployDescriptor Deployment of deployment descriptor [C:\Users\Udith\Documents\GitHub\IIT_Coding\Year 3\Client Server\Practice\Teluisko\apache-tomcat-9.0.100\conf\Catalina\localhost\CSA_CW.xml] has finished in [2,381] ms
31-Mar-2025 01:28:35.324 INFO [http-nio-8080-exec-131] org.apache.catalina.util.LifecycleBase.start The start() method was called on component [StandardEngine[Catalina].StandardHost[localhost].StandardContext[/CSA_CW]] after start() had already been called. The second call will be ignored.
31-Mar-2025 01:29:39.788 INFO [http-nio-8080-exec-140] org.apache.catalina.startup.HostConfig.undeploy Undeploying context [/CSA_CW]
31-Mar-2025 01:29:39.813 INFO [http-nio-8080-exec-139] org.apache.catalina.startup.HostConfig.deployDescriptor Deploying deployment descriptor [C:\Users\Udith\Documents\GitHub\IIT_Coding\Year 3\Client Server\Practice\Teluisko\apache-tomcat-9.0.100\conf\Catalina\localhost\CSA_CW.xml]
31-Mar-2025 01:29:39.813 WARNING [http-nio-8080-exec-139] org.apache.catalina.startup.HostConfig.deployDescriptor The path attribute with value [/CSA_CW] in deployment descriptor [C:\Users\Udith\Documents\GitHub\IIT_Coding\Year 3\Client Server\Practice\Teluisko\apache-tomcat-9.0.100\conf\Catalina\localhost\CSA_CW.xml] has been ignored
31-Mar-2025 01:29:40.556 INFO [http-nio-8080-exec-139] org.apache.jasper.servlet.TldScanner.scanJars At least one JAR was scanned for TLDs yet contained no TLDs. Enable debug logging for this logger for a complete list of JARs that were scanned but no TLDs were found in them. Skipping unneeded JARs during scanning can improve startup time and JSP compilation time.
31-Mar-2025 01:29:41.045 WARNING [http-nio-8080-exec-139] org.glassfish.jersey.server.wadl.WadlFeature.configure JAXBContext implementation could not be found. WADL feature is disabled.
31-Mar-2025 01:29:41.595 WARNING [http-nio-8080-exec-139] org.glassfish.jersey.internal.Errors.logErrors The following warnings have been detected: WARNING: A resource, Resource{"/customers", 0 child resources, 0 resource methods, 0 sub-resource locator, 0 method handler classes, 0 method handler instances}, with path "/customers" is empty. It has no resource (or sub resource) methods neither sub resource locators defined.

31-Mar-2025 01:29:41.599 INFO [http-nio-8080-exec-139] org.apache.catalina.startup.HostConfig.deployDescriptor Deployment of deployment descriptor [C:\Users\Udith\Documents\GitHub\IIT_Coding\Year 3\Client Server\Practice\Teluisko\apache-tomcat-9.0.100\conf\Catalina\localhost\CSA_CW.xml] has finished in [1,786] ms
31-Mar-2025 01:29:41.603 INFO [http-nio-8080-exec-135] org.apache.catalina.util.LifecycleBase.start The start() method was called on component [StandardEngine[Catalina].StandardHost[localhost].StandardContext[/CSA_CW]] after start() had already been called. The second call will be ignored.
31-Mar-2025 01:30:17.593 INFO [http-nio-8080-exec-135] com.coursework.csa_cw.dao.AuthorDAO.addAuthor Author successfully added
31-Mar-2025 01:30:37.044 INFO [http-nio-8080-exec-143] com.coursework.csa_cw.dao.AuthorDAO.addAuthor Author successfully added
31-Mar-2025 01:52:29.975 INFO [main] org.apache.catalina.core.StandardServer.await A valid shutdown command was received via the shutdown port. Stopping the Server instance.
31-Mar-2025 01:52:29.976 INFO [main] org.apache.coyote.AbstractProtocol.pause Pausing ProtocolHandler ["http-nio-8080"]
31-Mar-2025 01:52:29.982 INFO [main] org.apache.catalina.core.StandardService.stopInternal Stopping service [Catalina]
31-Mar-2025 01:52:30.070 INFO [main] org.apache.coyote.AbstractProtocol.stop Stopping ProtocolHandler ["http-nio-8080"]
31-Mar-2025 01:52:30.092 INFO [main] org.apache.coyote.AbstractProtocol.destroy Destroying ProtocolHandler ["http-nio-8080"]
