29-Mar-2025 21:25:29.715 INFO [main] org.apache.catalina.startup.VersionLoggerListener.log Server version name:   Apache Tomcat/9.0.100
29-Mar-2025 21:25:29.722 INFO [main] org.apache.catalina.startup.VersionLoggerListener.log Server built:          Feb 13 2025 11:29:56 UTC
29-Mar-2025 21:25:29.723 INFO [main] org.apache.catalina.startup.VersionLoggerListener.log Server version number: 9.0.100.0
29-Mar-2025 21:25:29.723 INFO [main] org.apache.catalina.startup.VersionLoggerListener.log OS Name:               Windows 11
29-Mar-2025 21:25:29.724 INFO [main] org.apache.catalina.startup.VersionLoggerListener.log OS Version:            10.0
29-Mar-2025 21:25:29.724 INFO [main] org.apache.catalina.startup.VersionLoggerListener.log Architecture:          amd64
29-Mar-2025 21:25:29.724 INFO [main] org.apache.catalina.startup.VersionLoggerListener.log Java Home:             C:\Program Files\Java\jdk-23
29-Mar-2025 21:25:29.724 INFO [main] org.apache.catalina.startup.VersionLoggerListener.log JVM Version:           23.0.2+7-58
29-Mar-2025 21:25:29.725 INFO [main] org.apache.catalina.startup.VersionLoggerListener.log JVM Vendor:            Oracle Corporation
29-Mar-2025 21:25:29.725 INFO [main] org.apache.catalina.startup.VersionLoggerListener.log CATALINA_BASE:         C:\Users\Udith\Documents\GitHub\IIT_Coding\Year 3\Client Server\Practice\Teluisko\apache-tomcat-9.0.100
29-Mar-2025 21:25:29.726 INFO [main] org.apache.catalina.startup.VersionLoggerListener.log CATALINA_HOME:         C:\Users\Udith\Documents\GitHub\IIT_Coding\Year 3\Client Server\Practice\Teluisko\apache-tomcat-9.0.100
29-Mar-2025 21:25:29.743 INFO [main] org.apache.catalina.startup.VersionLoggerListener.log Command line argument: --add-opens=java.base/java.lang=ALL-UNNAMED
29-Mar-2025 21:25:29.743 INFO [main] org.apache.catalina.startup.VersionLoggerListener.log Command line argument: --add-opens=java.base/java.io=ALL-UNNAMED
29-Mar-2025 21:25:29.743 INFO [main] org.apache.catalina.startup.VersionLoggerListener.log Command line argument: --add-opens=java.base/java.util=ALL-UNNAMED
29-Mar-2025 21:25:29.745 INFO [main] org.apache.catalina.startup.VersionLoggerListener.log Command line argument: --add-opens=java.base/java.util.concurrent=ALL-UNNAMED
29-Mar-2025 21:25:29.745 INFO [main] org.apache.catalina.startup.VersionLoggerListener.log Command line argument: --add-opens=java.rmi/sun.rmi.transport=ALL-UNNAMED
29-Mar-2025 21:25:29.745 INFO [main] org.apache.catalina.startup.VersionLoggerListener.log Command line argument: -Djava.util.logging.config.file=C:\Users\Udith\Documents\GitHub\IIT_Coding\Year 3\Client Server\Practice\Teluisko\apache-tomcat-9.0.100\conf\logging.properties
29-Mar-2025 21:25:29.745 INFO [main] org.apache.catalina.startup.VersionLoggerListener.log Command line argument: -Djava.util.logging.manager=org.apache.juli.ClassLoaderLogManager
29-Mar-2025 21:25:29.745 INFO [main] org.apache.catalina.startup.VersionLoggerListener.log Command line argument: -Djdk.tls.ephemeralDHKeySize=2048
29-Mar-2025 21:25:29.745 INFO [main] org.apache.catalina.startup.VersionLoggerListener.log Command line argument: -Djava.protocol.handler.pkgs=org.apache.catalina.webresources
29-Mar-2025 21:25:29.745 INFO [main] org.apache.catalina.startup.VersionLoggerListener.log Command line argument: -Dsun.io.useCanonCaches=false
29-Mar-2025 21:25:29.745 INFO [main] org.apache.catalina.startup.VersionLoggerListener.log Command line argument: -Dignore.endorsed.dirs=
29-Mar-2025 21:25:29.746 INFO [main] org.apache.catalina.startup.VersionLoggerListener.log Command line argument: -Dcatalina.base=C:\Users\Udith\Documents\GitHub\IIT_Coding\Year 3\Client Server\Practice\Teluisko\apache-tomcat-9.0.100
29-Mar-2025 21:25:29.746 INFO [main] org.apache.catalina.startup.VersionLoggerListener.log Command line argument: -Dcatalina.home=C:\Users\Udith\Documents\GitHub\IIT_Coding\Year 3\Client Server\Practice\Teluisko\apache-tomcat-9.0.100
29-Mar-2025 21:25:29.746 INFO [main] org.apache.catalina.startup.VersionLoggerListener.log Command line argument: -Djava.io.tmpdir=C:\Users\Udith\Documents\GitHub\IIT_Coding\Year 3\Client Server\Practice\Teluisko\apache-tomcat-9.0.100\temp
29-Mar-2025 21:25:29.797 INFO [main] org.apache.catalina.core.AprLifecycleListener.lifecycleEvent The Apache Tomcat Native library which allows using OpenSSL was not found on the java.library.path: [C:\Program Files\Java\jdk-23\bin;C:\WINDOWS\Sun\Java\bin;C:\WINDOWS\system32;C:\WINDOWS;C:\Program Files\Common Files\Oracle\Java\javapath;C:\WINDOWS\system32;C:\WINDOWS;C:\WINDOWS\System32\Wbem;C:\WINDOWS\System32\WindowsPowerShell\v1.0\;C:\WINDOWS\System32\OpenSSH\;C:\Program Files (x86)\NVIDIA Corporation\PhysX\Common;C:\Program Files\NVIDIA Corporation\NVIDIA NvDLISR;C:\Program Files\Git\cmd;C:\Program Files\nodejs\;C:\Program Files\Java\jdk-23\bin;C:\Users\Udith\AppData\Local\Microsoft\WindowsApps;C:\Users\Udith\AppData\Local\Programs\Microsoft VS Code\bin;C:\Program Files\JetBrains\IntelliJ IDEA Community Edition 2024.3\bin;;C:\Users\Udith\AppData\Local\GitHubDesktop\bin;C:\Users\Udith\AppData\Roaming\npm;;.]
29-Mar-2025 21:25:30.579 INFO [main] org.apache.coyote.AbstractProtocol.init Initializing ProtocolHandler ["http-nio-8080"]
29-Mar-2025 21:25:30.627 INFO [main] org.apache.catalina.startup.Catalina.load Server initialization in [1313] milliseconds
29-Mar-2025 21:25:30.738 INFO [main] org.apache.catalina.core.StandardService.startInternal Starting service [Catalina]
29-Mar-2025 21:25:30.738 INFO [main] org.apache.catalina.core.StandardEngine.startInternal Starting Servlet engine: [Apache Tomcat/9.0.100]
29-Mar-2025 21:25:30.756 INFO [main] org.apache.catalina.startup.HostConfig.deployDescriptor Deploying deployment descriptor [C:\Users\Udith\Documents\GitHub\IIT_Coding\Year 3\Client Server\Practice\Teluisko\apache-tomcat-9.0.100\conf\Catalina\localhost\CSA_CW.xml]
29-Mar-2025 21:25:30.785 WARNING [main] org.apache.catalina.startup.HostConfig.deployDescriptor The path attribute with value [/CSA_CW] in deployment descriptor [C:\Users\Udith\Documents\GitHub\IIT_Coding\Year 3\Client Server\Practice\Teluisko\apache-tomcat-9.0.100\conf\Catalina\localhost\CSA_CW.xml] has been ignored
29-Mar-2025 21:25:33.700 INFO [main] org.apache.jasper.servlet.TldScanner.scanJars At least one JAR was scanned for TLDs yet contained no TLDs. Enable debug logging for this logger for a complete list of JARs that were scanned but no TLDs were found in them. Skipping unneeded JARs during scanning can improve startup time and JSP compilation time.
29-Mar-2025 21:25:35.444 WARNING [main] org.glassfish.jersey.server.wadl.WadlFeature.configure JAXBContext implementation could not be found. WADL feature is disabled.
29-Mar-2025 21:25:36.927 WARNING [main] org.glassfish.jersey.internal.Errors.logErrors The following warnings have been detected: WARNING: A resource, Resource{"/books", 0 child resources, 0 resource methods, 0 sub-resource locator, 0 method handler classes, 0 method handler instances}, with path "/books" is empty. It has no resource (or sub resource) methods neither sub resource locators defined.
WARNING: A resource, Resource{"/customers", 0 child resources, 0 resource methods, 0 sub-resource locator, 0 method handler classes, 0 method handler instances}, with path "/customers" is empty. It has no resource (or sub resource) methods neither sub resource locators defined.

29-Mar-2025 21:25:36.961 INFO [main] org.apache.catalina.startup.HostConfig.deployDescriptor Deployment of deployment descriptor [C:\Users\Udith\Documents\GitHub\IIT_Coding\Year 3\Client Server\Practice\Teluisko\apache-tomcat-9.0.100\conf\Catalina\localhost\CSA_CW.xml] has finished in [6,204] ms
29-Mar-2025 21:25:36.962 INFO [main] org.apache.catalina.startup.HostConfig.deployDescriptor Deploying deployment descriptor [C:\Users\Udith\Documents\GitHub\IIT_Coding\Year 3\Client Server\Practice\Teluisko\apache-tomcat-9.0.100\conf\Catalina\localhost\CW001.xml]
29-Mar-2025 21:25:36.964 WARNING [main] org.apache.catalina.startup.HostConfig.deployDescriptor The path attribute with value [/CW001] in deployment descriptor [C:\Users\Udith\Documents\GitHub\IIT_Coding\Year 3\Client Server\Practice\Teluisko\apache-tomcat-9.0.100\conf\Catalina\localhost\CW001.xml] has been ignored
29-Mar-2025 21:25:37.148 WARNING [main] org.apache.tomcat.util.descriptor.web.WebXml.setVersion Unknown version string [6.0]. Default version will be used.
29-Mar-2025 21:25:39.480 INFO [main] org.apache.jasper.servlet.TldScanner.scanJars At least one JAR was scanned for TLDs yet contained no TLDs. Enable debug logging for this logger for a complete list of JARs that were scanned but no TLDs were found in them. Skipping unneeded JARs during scanning can improve startup time and JSP compilation time.
29-Mar-2025 21:25:40.819 WARNING [main] org.glassfish.jersey.server.wadl.WadlFeature.configure JAXBContext implementation could not be found. WADL feature is disabled.
29-Mar-2025 21:25:42.867 INFO [main] org.apache.catalina.startup.HostConfig.deployDescriptor Deployment of deployment descriptor [C:\Users\Udith\Documents\GitHub\IIT_Coding\Year 3\Client Server\Practice\Teluisko\apache-tomcat-9.0.100\conf\Catalina\localhost\CW001.xml] has finished in [5,905] ms
29-Mar-2025 21:25:42.868 INFO [main] org.apache.catalina.startup.HostConfig.deployDescriptor Deploying deployment descriptor [C:\Users\Udith\Documents\GitHub\IIT_Coding\Year 3\Client Server\Practice\Teluisko\apache-tomcat-9.0.100\conf\Catalina\localhost\HelloWorld1.xml]
29-Mar-2025 21:25:42.871 WARNING [main] org.apache.catalina.startup.HostConfig.deployDescriptor The path attribute with value [/HelloWorld1] in deployment descriptor [C:\Users\Udith\Documents\GitHub\IIT_Coding\Year 3\Client Server\Practice\Teluisko\apache-tomcat-9.0.100\conf\Catalina\localhost\HelloWorld1.xml] has been ignored
29-Mar-2025 21:25:45.235 INFO [main] org.apache.jasper.servlet.TldScanner.scanJars At least one JAR was scanned for TLDs yet contained no TLDs. Enable debug logging for this logger for a complete list of JARs that were scanned but no TLDs were found in them. Skipping unneeded JARs during scanning can improve startup time and JSP compilation time.
29-Mar-2025 21:25:46.801 WARNING [main] org.glassfish.jersey.server.wadl.WadlFeature.configure JAXBContext implementation could not be found. WADL feature is disabled.
29-Mar-2025 21:25:48.656 INFO [main] org.apache.catalina.startup.HostConfig.deployDescriptor Deployment of deployment descriptor [C:\Users\Udith\Documents\GitHub\IIT_Coding\Year 3\Client Server\Practice\Teluisko\apache-tomcat-9.0.100\conf\Catalina\localhost\HelloWorld1.xml] has finished in [5,788] ms
29-Mar-2025 21:25:48.658 INFO [main] org.apache.catalina.startup.HostConfig.deployDescriptor Deploying deployment descriptor [C:\Users\Udith\Documents\GitHub\IIT_Coding\Year 3\Client Server\Practice\Teluisko\apache-tomcat-9.0.100\conf\Catalina\localhost\Tutorial_Week08_EX01.xml]
29-Mar-2025 21:25:48.661 WARNING [main] org.apache.catalina.startup.HostConfig.deployDescriptor The path attribute with value [/Tutorial_Week08_EX01] in deployment descriptor [C:\Users\Udith\Documents\GitHub\IIT_Coding\Year 3\Client Server\Practice\Teluisko\apache-tomcat-9.0.100\conf\Catalina\localhost\Tutorial_Week08_EX01.xml] has been ignored
29-Mar-2025 21:25:51.229 INFO [main] org.apache.jasper.servlet.TldScanner.scanJars At least one JAR was scanned for TLDs yet contained no TLDs. Enable debug logging for this logger for a complete list of JARs that were scanned but no TLDs were found in them. Skipping unneeded JARs during scanning can improve startup time and JSP compilation time.
29-Mar-2025 21:25:52.317 WARNING [main] org.glassfish.jersey.server.wadl.WadlFeature.configure JAXBContext implementation could not be found. WADL feature is disabled.
29-Mar-2025 21:25:53.455 INFO [main] org.apache.catalina.startup.HostConfig.deployDescriptor Deployment of deployment descriptor [C:\Users\Udith\Documents\GitHub\IIT_Coding\Year 3\Client Server\Practice\Teluisko\apache-tomcat-9.0.100\conf\Catalina\localhost\Tutorial_Week08_EX01.xml] has finished in [4,797] ms
29-Mar-2025 21:25:53.456 INFO [main] org.apache.catalina.startup.HostConfig.deployDirectory Deploying web application directory [C:\Users\Udith\Documents\GitHub\IIT_Coding\Year 3\Client Server\Practice\Teluisko\apache-tomcat-9.0.100\webapps\docs]
29-Mar-2025 21:25:53.523 INFO [main] org.apache.catalina.startup.HostConfig.deployDirectory Deployment of web application directory [C:\Users\Udith\Documents\GitHub\IIT_Coding\Year 3\Client Server\Practice\Teluisko\apache-tomcat-9.0.100\webapps\docs] has finished in [67] ms
29-Mar-2025 21:25:53.523 INFO [main] org.apache.catalina.startup.HostConfig.deployDirectory Deploying web application directory [C:\Users\Udith\Documents\GitHub\IIT_Coding\Year 3\Client Server\Practice\Teluisko\apache-tomcat-9.0.100\webapps\examples]
29-Mar-2025 21:25:54.509 INFO [main] org.apache.catalina.startup.HostConfig.deployDirectory Deployment of web application directory [C:\Users\Udith\Documents\GitHub\IIT_Coding\Year 3\Client Server\Practice\Teluisko\apache-tomcat-9.0.100\webapps\examples] has finished in [985] ms
29-Mar-2025 21:25:54.509 INFO [main] org.apache.catalina.startup.HostConfig.deployDirectory Deploying web application directory [C:\Users\Udith\Documents\GitHub\IIT_Coding\Year 3\Client Server\Practice\Teluisko\apache-tomcat-9.0.100\webapps\host-manager]
29-Mar-2025 21:25:54.600 INFO [main] org.apache.catalina.startup.HostConfig.deployDirectory Deployment of web application directory [C:\Users\Udith\Documents\GitHub\IIT_Coding\Year 3\Client Server\Practice\Teluisko\apache-tomcat-9.0.100\webapps\host-manager] has finished in [90] ms
29-Mar-2025 21:25:54.600 INFO [main] org.apache.catalina.startup.HostConfig.deployDirectory Deploying web application directory [C:\Users\Udith\Documents\GitHub\IIT_Coding\Year 3\Client Server\Practice\Teluisko\apache-tomcat-9.0.100\webapps\manager]
29-Mar-2025 21:25:54.708 INFO [main] org.apache.catalina.startup.HostConfig.deployDirectory Deployment of web application directory [C:\Users\Udith\Documents\GitHub\IIT_Coding\Year 3\Client Server\Practice\Teluisko\apache-tomcat-9.0.100\webapps\manager] has finished in [107] ms
29-Mar-2025 21:25:54.709 INFO [main] org.apache.catalina.startup.HostConfig.deployDirectory Deploying web application directory [C:\Users\Udith\Documents\GitHub\IIT_Coding\Year 3\Client Server\Practice\Teluisko\apache-tomcat-9.0.100\webapps\ROOT]
29-Mar-2025 21:25:54.791 INFO [main] org.apache.catalina.startup.HostConfig.deployDirectory Deployment of web application directory [C:\Users\Udith\Documents\GitHub\IIT_Coding\Year 3\Client Server\Practice\Teluisko\apache-tomcat-9.0.100\webapps\ROOT] has finished in [83] ms
29-Mar-2025 21:25:54.799 INFO [main] org.apache.coyote.AbstractProtocol.start Starting ProtocolHandler ["http-nio-8080"]
29-Mar-2025 21:25:54.853 INFO [main] org.apache.catalina.startup.Catalina.start Server startup in [24224] milliseconds
29-Mar-2025 21:26:02.455 INFO [http-nio-8080-exec-7] org.apache.catalina.startup.HostConfig.undeploy Undeploying context [/CSA_CW]
29-Mar-2025 21:26:02.507 INFO [http-nio-8080-exec-6] org.apache.catalina.startup.HostConfig.deployDescriptor Deploying deployment descriptor [C:\Users\Udith\Documents\GitHub\IIT_Coding\Year 3\Client Server\Practice\Teluisko\apache-tomcat-9.0.100\conf\Catalina\localhost\CSA_CW.xml]
29-Mar-2025 21:26:02.508 WARNING [http-nio-8080-exec-6] org.apache.catalina.startup.HostConfig.deployDescriptor The path attribute with value [/CSA_CW] in deployment descriptor [C:\Users\Udith\Documents\GitHub\IIT_Coding\Year 3\Client Server\Practice\Teluisko\apache-tomcat-9.0.100\conf\Catalina\localhost\CSA_CW.xml] has been ignored
29-Mar-2025 21:26:04.534 INFO [http-nio-8080-exec-6] org.apache.jasper.servlet.TldScanner.scanJars At least one JAR was scanned for TLDs yet contained no TLDs. Enable debug logging for this logger for a complete list of JARs that were scanned but no TLDs were found in them. Skipping unneeded JARs during scanning can improve startup time and JSP compilation time.
29-Mar-2025 21:26:05.421 WARNING [http-nio-8080-exec-6] org.glassfish.jersey.server.wadl.WadlFeature.configure JAXBContext implementation could not be found. WADL feature is disabled.
29-Mar-2025 21:26:06.494 WARNING [http-nio-8080-exec-6] org.glassfish.jersey.internal.Errors.logErrors The following warnings have been detected: WARNING: A resource, Resource{"/books", 0 child resources, 0 resource methods, 0 sub-resource locator, 0 method handler classes, 0 method handler instances}, with path "/books" is empty. It has no resource (or sub resource) methods neither sub resource locators defined.
WARNING: A resource, Resource{"/customers", 0 child resources, 0 resource methods, 0 sub-resource locator, 0 method handler classes, 0 method handler instances}, with path "/customers" is empty. It has no resource (or sub resource) methods neither sub resource locators defined.

29-Mar-2025 21:26:06.515 INFO [http-nio-8080-exec-6] org.apache.catalina.startup.HostConfig.deployDescriptor Deployment of deployment descriptor [C:\Users\Udith\Documents\GitHub\IIT_Coding\Year 3\Client Server\Practice\Teluisko\apache-tomcat-9.0.100\conf\Catalina\localhost\CSA_CW.xml] has finished in [4,007] ms
29-Mar-2025 21:26:06.532 INFO [http-nio-8080-exec-6] org.apache.catalina.util.LifecycleBase.start The start() method was called on component [StandardEngine[Catalina].StandardHost[localhost].StandardContext[/CSA_CW]] after start() had already been called. The second call will be ignored.
29-Mar-2025 21:32:07.546 INFO [http-nio-8080-exec-12] org.apache.catalina.startup.HostConfig.undeploy Undeploying context [/CSA_CW]
29-Mar-2025 21:32:07.583 INFO [http-nio-8080-exec-18] org.apache.catalina.startup.HostConfig.deployDescriptor Deploying deployment descriptor [C:\Users\Udith\Documents\GitHub\IIT_Coding\Year 3\Client Server\Practice\Teluisko\apache-tomcat-9.0.100\conf\Catalina\localhost\CSA_CW.xml]
29-Mar-2025 21:32:07.586 WARNING [http-nio-8080-exec-18] org.apache.catalina.startup.HostConfig.deployDescriptor The path attribute with value [/CSA_CW] in deployment descriptor [C:\Users\Udith\Documents\GitHub\IIT_Coding\Year 3\Client Server\Practice\Teluisko\apache-tomcat-9.0.100\conf\Catalina\localhost\CSA_CW.xml] has been ignored
29-Mar-2025 21:32:09.462 INFO [http-nio-8080-exec-18] org.apache.jasper.servlet.TldScanner.scanJars At least one JAR was scanned for TLDs yet contained no TLDs. Enable debug logging for this logger for a complete list of JARs that were scanned but no TLDs were found in them. Skipping unneeded JARs during scanning can improve startup time and JSP compilation time.
29-Mar-2025 21:32:10.254 WARNING [http-nio-8080-exec-18] org.glassfish.jersey.server.wadl.WadlFeature.configure JAXBContext implementation could not be found. WADL feature is disabled.
29-Mar-2025 21:32:11.049 WARNING [http-nio-8080-exec-18] org.glassfish.jersey.internal.Errors.logErrors The following warnings have been detected: WARNING: A resource, Resource{"/books", 0 child resources, 0 resource methods, 0 sub-resource locator, 0 method handler classes, 0 method handler instances}, with path "/books" is empty. It has no resource (or sub resource) methods neither sub resource locators defined.
WARNING: A resource, Resource{"/customers", 0 child resources, 0 resource methods, 0 sub-resource locator, 0 method handler classes, 0 method handler instances}, with path "/customers" is empty. It has no resource (or sub resource) methods neither sub resource locators defined.

29-Mar-2025 21:32:11.056 INFO [http-nio-8080-exec-18] org.apache.catalina.startup.HostConfig.deployDescriptor Deployment of deployment descriptor [C:\Users\Udith\Documents\GitHub\IIT_Coding\Year 3\Client Server\Practice\Teluisko\apache-tomcat-9.0.100\conf\Catalina\localhost\CSA_CW.xml] has finished in [3,473] ms
29-Mar-2025 21:32:11.061 INFO [http-nio-8080-exec-13] org.apache.catalina.util.LifecycleBase.start The start() method was called on component [StandardEngine[Catalina].StandardHost[localhost].StandardContext[/CSA_CW]] after start() had already been called. The second call will be ignored.
29-Mar-2025 21:38:56.686 INFO [http-nio-8080-exec-24] org.apache.catalina.startup.HostConfig.undeploy Undeploying context [/CSA_CW]
29-Mar-2025 21:38:56.711 INFO [http-nio-8080-exec-22] org.apache.catalina.startup.HostConfig.deployDescriptor Deploying deployment descriptor [C:\Users\Udith\Documents\GitHub\IIT_Coding\Year 3\Client Server\Practice\Teluisko\apache-tomcat-9.0.100\conf\Catalina\localhost\CSA_CW.xml]
29-Mar-2025 21:38:56.712 WARNING [http-nio-8080-exec-22] org.apache.catalina.startup.HostConfig.deployDescriptor The path attribute with value [/CSA_CW] in deployment descriptor [C:\Users\Udith\Documents\GitHub\IIT_Coding\Year 3\Client Server\Practice\Teluisko\apache-tomcat-9.0.100\conf\Catalina\localhost\CSA_CW.xml] has been ignored
29-Mar-2025 21:38:57.914 INFO [http-nio-8080-exec-22] org.apache.jasper.servlet.TldScanner.scanJars At least one JAR was scanned for TLDs yet contained no TLDs. Enable debug logging for this logger for a complete list of JARs that were scanned but no TLDs were found in them. Skipping unneeded JARs during scanning can improve startup time and JSP compilation time.
29-Mar-2025 21:38:58.610 WARNING [http-nio-8080-exec-22] org.glassfish.jersey.server.wadl.WadlFeature.configure JAXBContext implementation could not be found. WADL feature is disabled.
29-Mar-2025 21:38:59.330 WARNING [http-nio-8080-exec-22] org.glassfish.jersey.internal.Errors.logErrors The following warnings have been detected: WARNING: A resource, Resource{"/books", 0 child resources, 0 resource methods, 0 sub-resource locator, 0 method handler classes, 0 method handler instances}, with path "/books" is empty. It has no resource (or sub resource) methods neither sub resource locators defined.
WARNING: A resource, Resource{"/customers", 0 child resources, 0 resource methods, 0 sub-resource locator, 0 method handler classes, 0 method handler instances}, with path "/customers" is empty. It has no resource (or sub resource) methods neither sub resource locators defined.

29-Mar-2025 21:38:59.336 INFO [http-nio-8080-exec-22] org.apache.catalina.startup.HostConfig.deployDescriptor Deployment of deployment descriptor [C:\Users\Udith\Documents\GitHub\IIT_Coding\Year 3\Client Server\Practice\Teluisko\apache-tomcat-9.0.100\conf\Catalina\localhost\CSA_CW.xml] has finished in [2,625] ms
29-Mar-2025 21:38:59.342 INFO [http-nio-8080-exec-23] org.apache.catalina.util.LifecycleBase.start The start() method was called on component [StandardEngine[Catalina].StandardHost[localhost].StandardContext[/CSA_CW]] after start() had already been called. The second call will be ignored.
29-Mar-2025 21:47:15.893 INFO [http-nio-8080-exec-37] org.apache.catalina.startup.HostConfig.undeploy Undeploying context [/CSA_CW]
29-Mar-2025 21:47:15.913 INFO [http-nio-8080-exec-31] org.apache.catalina.startup.HostConfig.deployDescriptor Deploying deployment descriptor [C:\Users\Udith\Documents\GitHub\IIT_Coding\Year 3\Client Server\Practice\Teluisko\apache-tomcat-9.0.100\conf\Catalina\localhost\CSA_CW.xml]
29-Mar-2025 21:47:15.915 WARNING [http-nio-8080-exec-31] org.apache.catalina.startup.HostConfig.deployDescriptor The path attribute with value [/CSA_CW] in deployment descriptor [C:\Users\Udith\Documents\GitHub\IIT_Coding\Year 3\Client Server\Practice\Teluisko\apache-tomcat-9.0.100\conf\Catalina\localhost\CSA_CW.xml] has been ignored
29-Mar-2025 21:47:17.002 INFO [http-nio-8080-exec-31] org.apache.jasper.servlet.TldScanner.scanJars At least one JAR was scanned for TLDs yet contained no TLDs. Enable debug logging for this logger for a complete list of JARs that were scanned but no TLDs were found in them. Skipping unneeded JARs during scanning can improve startup time and JSP compilation time.
29-Mar-2025 21:47:17.746 WARNING [http-nio-8080-exec-31] org.glassfish.jersey.server.wadl.WadlFeature.configure JAXBContext implementation could not be found. WADL feature is disabled.
29-Mar-2025 21:47:18.478 WARNING [http-nio-8080-exec-31] org.glassfish.jersey.internal.Errors.logErrors The following warnings have been detected: WARNING: A resource, Resource{"/books", 0 child resources, 0 resource methods, 0 sub-resource locator, 0 method handler classes, 0 method handler instances}, with path "/books" is empty. It has no resource (or sub resource) methods neither sub resource locators defined.
WARNING: A resource, Resource{"/customers", 0 child resources, 0 resource methods, 0 sub-resource locator, 0 method handler classes, 0 method handler instances}, with path "/customers" is empty. It has no resource (or sub resource) methods neither sub resource locators defined.

29-Mar-2025 21:47:18.485 INFO [http-nio-8080-exec-31] org.apache.catalina.startup.HostConfig.deployDescriptor Deployment of deployment descriptor [C:\Users\Udith\Documents\GitHub\IIT_Coding\Year 3\Client Server\Practice\Teluisko\apache-tomcat-9.0.100\conf\Catalina\localhost\CSA_CW.xml] has finished in [2,572] ms
29-Mar-2025 21:47:18.489 INFO [http-nio-8080-exec-33] org.apache.catalina.util.LifecycleBase.start The start() method was called on component [StandardEngine[Catalina].StandardHost[localhost].StandardContext[/CSA_CW]] after start() had already been called. The second call will be ignored.
29-Mar-2025 21:47:28.358 INFO [http-nio-8080-exec-38] com.coursework.csa_cw.dao.AuthorDAO.addAuthor Author successfully added
29-Mar-2025 21:48:49.689 INFO [http-nio-8080-exec-48] org.apache.catalina.startup.HostConfig.undeploy Undeploying context [/CSA_CW]
29-Mar-2025 21:48:49.713 INFO [http-nio-8080-exec-49] org.apache.catalina.startup.HostConfig.deployDescriptor Deploying deployment descriptor [C:\Users\Udith\Documents\GitHub\IIT_Coding\Year 3\Client Server\Practice\Teluisko\apache-tomcat-9.0.100\conf\Catalina\localhost\CSA_CW.xml]
29-Mar-2025 21:48:49.715 WARNING [http-nio-8080-exec-49] org.apache.catalina.startup.HostConfig.deployDescriptor The path attribute with value [/CSA_CW] in deployment descriptor [C:\Users\Udith\Documents\GitHub\IIT_Coding\Year 3\Client Server\Practice\Teluisko\apache-tomcat-9.0.100\conf\Catalina\localhost\CSA_CW.xml] has been ignored
29-Mar-2025 21:48:50.875 INFO [http-nio-8080-exec-49] org.apache.jasper.servlet.TldScanner.scanJars At least one JAR was scanned for TLDs yet contained no TLDs. Enable debug logging for this logger for a complete list of JARs that were scanned but no TLDs were found in them. Skipping unneeded JARs during scanning can improve startup time and JSP compilation time.
29-Mar-2025 21:48:51.576 WARNING [http-nio-8080-exec-49] org.glassfish.jersey.server.wadl.WadlFeature.configure JAXBContext implementation could not be found. WADL feature is disabled.
29-Mar-2025 21:48:52.306 WARNING [http-nio-8080-exec-49] org.glassfish.jersey.internal.Errors.logErrors The following warnings have been detected: WARNING: A resource, Resource{"/books", 0 child resources, 0 resource methods, 0 sub-resource locator, 0 method handler classes, 0 method handler instances}, with path "/books" is empty. It has no resource (or sub resource) methods neither sub resource locators defined.
WARNING: A resource, Resource{"/customers", 0 child resources, 0 resource methods, 0 sub-resource locator, 0 method handler classes, 0 method handler instances}, with path "/customers" is empty. It has no resource (or sub resource) methods neither sub resource locators defined.

29-Mar-2025 21:48:52.313 INFO [http-nio-8080-exec-49] org.apache.catalina.startup.HostConfig.deployDescriptor Deployment of deployment descriptor [C:\Users\Udith\Documents\GitHub\IIT_Coding\Year 3\Client Server\Practice\Teluisko\apache-tomcat-9.0.100\conf\Catalina\localhost\CSA_CW.xml] has finished in [2,600] ms
29-Mar-2025 21:48:52.317 INFO [http-nio-8080-exec-46] org.apache.catalina.util.LifecycleBase.start The start() method was called on component [StandardEngine[Catalina].StandardHost[localhost].StandardContext[/CSA_CW]] after start() had already been called. The second call will be ignored.
29-Mar-2025 21:49:01.688 INFO [http-nio-8080-exec-42] com.coursework.csa_cw.dao.AuthorDAO.addAuthor Author successfully added
29-Mar-2025 21:50:53.662 INFO [http-nio-8080-exec-58] org.apache.catalina.startup.HostConfig.undeploy Undeploying context [/CSA_CW]
29-Mar-2025 21:50:53.686 INFO [http-nio-8080-exec-59] org.apache.catalina.startup.HostConfig.deployDescriptor Deploying deployment descriptor [C:\Users\Udith\Documents\GitHub\IIT_Coding\Year 3\Client Server\Practice\Teluisko\apache-tomcat-9.0.100\conf\Catalina\localhost\CSA_CW.xml]
29-Mar-2025 21:50:53.688 WARNING [http-nio-8080-exec-59] org.apache.catalina.startup.HostConfig.deployDescriptor The path attribute with value [/CSA_CW] in deployment descriptor [C:\Users\Udith\Documents\GitHub\IIT_Coding\Year 3\Client Server\Practice\Teluisko\apache-tomcat-9.0.100\conf\Catalina\localhost\CSA_CW.xml] has been ignored
29-Mar-2025 21:50:54.760 INFO [http-nio-8080-exec-59] org.apache.jasper.servlet.TldScanner.scanJars At least one JAR was scanned for TLDs yet contained no TLDs. Enable debug logging for this logger for a complete list of JARs that were scanned but no TLDs were found in them. Skipping unneeded JARs during scanning can improve startup time and JSP compilation time.
29-Mar-2025 21:50:55.513 WARNING [http-nio-8080-exec-59] org.glassfish.jersey.server.wadl.WadlFeature.configure JAXBContext implementation could not be found. WADL feature is disabled.
29-Mar-2025 21:50:56.283 WARNING [http-nio-8080-exec-59] org.glassfish.jersey.internal.Errors.logErrors The following warnings have been detected: WARNING: A resource, Resource{"/books", 0 child resources, 0 resource methods, 0 sub-resource locator, 0 method handler classes, 0 method handler instances}, with path "/books" is empty. It has no resource (or sub resource) methods neither sub resource locators defined.
WARNING: A resource, Resource{"/customers", 0 child resources, 0 resource methods, 0 sub-resource locator, 0 method handler classes, 0 method handler instances}, with path "/customers" is empty. It has no resource (or sub resource) methods neither sub resource locators defined.

29-Mar-2025 21:50:56.293 INFO [http-nio-8080-exec-59] org.apache.catalina.startup.HostConfig.deployDescriptor Deployment of deployment descriptor [C:\Users\Udith\Documents\GitHub\IIT_Coding\Year 3\Client Server\Practice\Teluisko\apache-tomcat-9.0.100\conf\Catalina\localhost\CSA_CW.xml] has finished in [2,606] ms
29-Mar-2025 21:50:56.296 INFO [http-nio-8080-exec-53] org.apache.catalina.util.LifecycleBase.start The start() method was called on component [StandardEngine[Catalina].StandardHost[localhost].StandardContext[/CSA_CW]] after start() had already been called. The second call will be ignored.
29-Mar-2025 21:51:02.351 INFO [http-nio-8080-exec-51] com.coursework.csa_cw.dao.AuthorDAO.addAuthor Author successfully added
29-Mar-2025 22:42:04.911 INFO [http-nio-8080-exec-68] org.apache.catalina.startup.HostConfig.undeploy Undeploying context [/CSA_CW]
29-Mar-2025 22:42:04.945 INFO [http-nio-8080-exec-62] org.apache.catalina.startup.HostConfig.deployDescriptor Deploying deployment descriptor [C:\Users\Udith\Documents\GitHub\IIT_Coding\Year 3\Client Server\Practice\Teluisko\apache-tomcat-9.0.100\conf\Catalina\localhost\CSA_CW.xml]
29-Mar-2025 22:42:04.950 WARNING [http-nio-8080-exec-62] org.apache.catalina.startup.HostConfig.deployDescriptor The path attribute with value [/CSA_CW] in deployment descriptor [C:\Users\Udith\Documents\GitHub\IIT_Coding\Year 3\Client Server\Practice\Teluisko\apache-tomcat-9.0.100\conf\Catalina\localhost\CSA_CW.xml] has been ignored
29-Mar-2025 22:42:06.343 INFO [http-nio-8080-exec-62] org.apache.jasper.servlet.TldScanner.scanJars At least one JAR was scanned for TLDs yet contained no TLDs. Enable debug logging for this logger for a complete list of JARs that were scanned but no TLDs were found in them. Skipping unneeded JARs during scanning can improve startup time and JSP compilation time.
29-Mar-2025 22:42:07.206 WARNING [http-nio-8080-exec-62] org.glassfish.jersey.server.wadl.WadlFeature.configure JAXBContext implementation could not be found. WADL feature is disabled.
29-Mar-2025 22:42:08.039 WARNING [http-nio-8080-exec-62] org.glassfish.jersey.internal.Errors.logErrors The following warnings have been detected: WARNING: A resource, Resource{"/books", 0 child resources, 0 resource methods, 0 sub-resource locator, 0 method handler classes, 0 method handler instances}, with path "/books" is empty. It has no resource (or sub resource) methods neither sub resource locators defined.
WARNING: A resource, Resource{"/customers", 0 child resources, 0 resource methods, 0 sub-resource locator, 0 method handler classes, 0 method handler instances}, with path "/customers" is empty. It has no resource (or sub resource) methods neither sub resource locators defined.

29-Mar-2025 22:42:08.051 INFO [http-nio-8080-exec-62] org.apache.catalina.startup.HostConfig.deployDescriptor Deployment of deployment descriptor [C:\Users\Udith\Documents\GitHub\IIT_Coding\Year 3\Client Server\Practice\Teluisko\apache-tomcat-9.0.100\conf\Catalina\localhost\CSA_CW.xml] has finished in [3,106] ms
29-Mar-2025 22:42:08.056 INFO [http-nio-8080-exec-60] org.apache.catalina.util.LifecycleBase.start The start() method was called on component [StandardEngine[Catalina].StandardHost[localhost].StandardContext[/CSA_CW]] after start() had already been called. The second call will be ignored.
29-Mar-2025 22:46:13.791 INFO [http-nio-8080-exec-78] org.apache.catalina.startup.HostConfig.undeploy Undeploying context [/CSA_CW]
29-Mar-2025 22:46:13.821 INFO [http-nio-8080-exec-77] org.apache.catalina.startup.HostConfig.deployDescriptor Deploying deployment descriptor [C:\Users\Udith\Documents\GitHub\IIT_Coding\Year 3\Client Server\Practice\Teluisko\apache-tomcat-9.0.100\conf\Catalina\localhost\CSA_CW.xml]
29-Mar-2025 22:46:13.824 WARNING [http-nio-8080-exec-77] org.apache.catalina.startup.HostConfig.deployDescriptor The path attribute with value [/CSA_CW] in deployment descriptor [C:\Users\Udith\Documents\GitHub\IIT_Coding\Year 3\Client Server\Practice\Teluisko\apache-tomcat-9.0.100\conf\Catalina\localhost\CSA_CW.xml] has been ignored
29-Mar-2025 22:46:14.961 INFO [http-nio-8080-exec-77] org.apache.jasper.servlet.TldScanner.scanJars At least one JAR was scanned for TLDs yet contained no TLDs. Enable debug logging for this logger for a complete list of JARs that were scanned but no TLDs were found in them. Skipping unneeded JARs during scanning can improve startup time and JSP compilation time.
29-Mar-2025 22:46:15.841 WARNING [http-nio-8080-exec-77] org.glassfish.jersey.server.wadl.WadlFeature.configure JAXBContext implementation could not be found. WADL feature is disabled.
29-Mar-2025 22:46:16.757 WARNING [http-nio-8080-exec-77] org.glassfish.jersey.internal.Errors.logErrors The following warnings have been detected: WARNING: A resource, Resource{"/books", 0 child resources, 0 resource methods, 0 sub-resource locator, 0 method handler classes, 0 method handler instances}, with path "/books" is empty. It has no resource (or sub resource) methods neither sub resource locators defined.
WARNING: A resource, Resource{"/customers", 0 child resources, 0 resource methods, 0 sub-resource locator, 0 method handler classes, 0 method handler instances}, with path "/customers" is empty. It has no resource (or sub resource) methods neither sub resource locators defined.

29-Mar-2025 22:46:16.763 INFO [http-nio-8080-exec-77] org.apache.catalina.startup.HostConfig.deployDescriptor Deployment of deployment descriptor [C:\Users\Udith\Documents\GitHub\IIT_Coding\Year 3\Client Server\Practice\Teluisko\apache-tomcat-9.0.100\conf\Catalina\localhost\CSA_CW.xml] has finished in [2,942] ms
29-Mar-2025 22:46:16.766 INFO [http-nio-8080-exec-72] org.apache.catalina.util.LifecycleBase.start The start() method was called on component [StandardEngine[Catalina].StandardHost[localhost].StandardContext[/CSA_CW]] after start() had already been called. The second call will be ignored.
29-Mar-2025 22:49:12.312 INFO [http-nio-8080-exec-89] org.apache.catalina.startup.HostConfig.undeploy Undeploying context [/CSA_CW]
29-Mar-2025 22:50:48.356 INFO [http-nio-8080-exec-91] org.apache.catalina.startup.HostConfig.deployDescriptor Deploying deployment descriptor [C:\Users\Udith\Documents\GitHub\IIT_Coding\Year 3\Client Server\Practice\Teluisko\apache-tomcat-9.0.100\conf\Catalina\localhost\CSA_CW.xml]
29-Mar-2025 22:50:48.357 WARNING [http-nio-8080-exec-91] org.apache.catalina.startup.HostConfig.deployDescriptor The path attribute with value [/CSA_CW] in deployment descriptor [C:\Users\Udith\Documents\GitHub\IIT_Coding\Year 3\Client Server\Practice\Teluisko\apache-tomcat-9.0.100\conf\Catalina\localhost\CSA_CW.xml] has been ignored
29-Mar-2025 22:50:49.484 INFO [http-nio-8080-exec-91] org.apache.jasper.servlet.TldScanner.scanJars At least one JAR was scanned for TLDs yet contained no TLDs. Enable debug logging for this logger for a complete list of JARs that were scanned but no TLDs were found in them. Skipping unneeded JARs during scanning can improve startup time and JSP compilation time.
29-Mar-2025 22:50:50.262 WARNING [http-nio-8080-exec-91] org.glassfish.jersey.server.wadl.WadlFeature.configure JAXBContext implementation could not be found. WADL feature is disabled.
29-Mar-2025 22:50:51.105 WARNING [http-nio-8080-exec-91] org.glassfish.jersey.internal.Errors.logErrors The following warnings have been detected: WARNING: A resource, Resource{"/books", 0 child resources, 0 resource methods, 0 sub-resource locator, 0 method handler classes, 0 method handler instances}, with path "/books" is empty. It has no resource (or sub resource) methods neither sub resource locators defined.
WARNING: A resource, Resource{"/customers", 0 child resources, 0 resource methods, 0 sub-resource locator, 0 method handler classes, 0 method handler instances}, with path "/customers" is empty. It has no resource (or sub resource) methods neither sub resource locators defined.

29-Mar-2025 22:50:51.114 INFO [http-nio-8080-exec-91] org.apache.catalina.startup.HostConfig.deployDescriptor Deployment of deployment descriptor [C:\Users\Udith\Documents\GitHub\IIT_Coding\Year 3\Client Server\Practice\Teluisko\apache-tomcat-9.0.100\conf\Catalina\localhost\CSA_CW.xml] has finished in [2,757] ms
29-Mar-2025 22:50:51.118 INFO [http-nio-8080-exec-93] org.apache.catalina.util.LifecycleBase.start The start() method was called on component [StandardEngine[Catalina].StandardHost[localhost].StandardContext[/CSA_CW]] after start() had already been called. The second call will be ignored.
29-Mar-2025 22:55:24.543 INFO [http-nio-8080-exec-97] org.apache.catalina.startup.HostConfig.undeploy Undeploying context [/CSA_CW]
29-Mar-2025 22:55:24.569 INFO [http-nio-8080-exec-96] org.apache.catalina.startup.HostConfig.deployDescriptor Deploying deployment descriptor [C:\Users\Udith\Documents\GitHub\IIT_Coding\Year 3\Client Server\Practice\Teluisko\apache-tomcat-9.0.100\conf\Catalina\localhost\CSA_CW.xml]
29-Mar-2025 22:55:24.571 WARNING [http-nio-8080-exec-96] org.apache.catalina.startup.HostConfig.deployDescriptor The path attribute with value [/CSA_CW] in deployment descriptor [C:\Users\Udith\Documents\GitHub\IIT_Coding\Year 3\Client Server\Practice\Teluisko\apache-tomcat-9.0.100\conf\Catalina\localhost\CSA_CW.xml] has been ignored
29-Mar-2025 22:55:25.677 INFO [http-nio-8080-exec-96] org.apache.jasper.servlet.TldScanner.scanJars At least one JAR was scanned for TLDs yet contained no TLDs. Enable debug logging for this logger for a complete list of JARs that were scanned but no TLDs were found in them. Skipping unneeded JARs during scanning can improve startup time and JSP compilation time.
29-Mar-2025 22:55:26.445 WARNING [http-nio-8080-exec-96] org.glassfish.jersey.server.wadl.WadlFeature.configure JAXBContext implementation could not be found. WADL feature is disabled.
29-Mar-2025 22:55:27.268 WARNING [http-nio-8080-exec-96] org.glassfish.jersey.internal.Errors.logErrors The following warnings have been detected: WARNING: A resource, Resource{"/books", 0 child resources, 0 resource methods, 0 sub-resource locator, 0 method handler classes, 0 method handler instances}, with path "/books" is empty. It has no resource (or sub resource) methods neither sub resource locators defined.
WARNING: A resource, Resource{"/customers", 0 child resources, 0 resource methods, 0 sub-resource locator, 0 method handler classes, 0 method handler instances}, with path "/customers" is empty. It has no resource (or sub resource) methods neither sub resource locators defined.

29-Mar-2025 22:55:27.275 INFO [http-nio-8080-exec-96] org.apache.catalina.startup.HostConfig.deployDescriptor Deployment of deployment descriptor [C:\Users\Udith\Documents\GitHub\IIT_Coding\Year 3\Client Server\Practice\Teluisko\apache-tomcat-9.0.100\conf\Catalina\localhost\CSA_CW.xml] has finished in [2,705] ms
29-Mar-2025 22:55:27.279 INFO [http-nio-8080-exec-95] org.apache.catalina.util.LifecycleBase.start The start() method was called on component [StandardEngine[Catalina].StandardHost[localhost].StandardContext[/CSA_CW]] after start() had already been called. The second call will be ignored.
29-Mar-2025 22:58:57.341 INFO [http-nio-8080-exec-108] org.apache.catalina.startup.HostConfig.undeploy Undeploying context [/CSA_CW]
29-Mar-2025 22:58:57.360 INFO [http-nio-8080-exec-104] org.apache.catalina.startup.HostConfig.deployDescriptor Deploying deployment descriptor [C:\Users\Udith\Documents\GitHub\IIT_Coding\Year 3\Client Server\Practice\Teluisko\apache-tomcat-9.0.100\conf\Catalina\localhost\CSA_CW.xml]
29-Mar-2025 22:58:57.362 WARNING [http-nio-8080-exec-104] org.apache.catalina.startup.HostConfig.deployDescriptor The path attribute with value [/CSA_CW] in deployment descriptor [C:\Users\Udith\Documents\GitHub\IIT_Coding\Year 3\Client Server\Practice\Teluisko\apache-tomcat-9.0.100\conf\Catalina\localhost\CSA_CW.xml] has been ignored
29-Mar-2025 22:58:58.538 INFO [http-nio-8080-exec-104] org.apache.jasper.servlet.TldScanner.scanJars At least one JAR was scanned for TLDs yet contained no TLDs. Enable debug logging for this logger for a complete list of JARs that were scanned but no TLDs were found in them. Skipping unneeded JARs during scanning can improve startup time and JSP compilation time.
29-Mar-2025 22:58:59.309 WARNING [http-nio-8080-exec-104] org.glassfish.jersey.server.wadl.WadlFeature.configure JAXBContext implementation could not be found. WADL feature is disabled.
29-Mar-2025 22:59:00.071 WARNING [http-nio-8080-exec-104] org.glassfish.jersey.internal.Errors.logErrors The following warnings have been detected: WARNING: A resource, Resource{"/books", 0 child resources, 0 resource methods, 0 sub-resource locator, 0 method handler classes, 0 method handler instances}, with path "/books" is empty. It has no resource (or sub resource) methods neither sub resource locators defined.
WARNING: A resource, Resource{"/customers", 0 child resources, 0 resource methods, 0 sub-resource locator, 0 method handler classes, 0 method handler instances}, with path "/customers" is empty. It has no resource (or sub resource) methods neither sub resource locators defined.

29-Mar-2025 22:59:00.077 INFO [http-nio-8080-exec-104] org.apache.catalina.startup.HostConfig.deployDescriptor Deployment of deployment descriptor [C:\Users\Udith\Documents\GitHub\IIT_Coding\Year 3\Client Server\Practice\Teluisko\apache-tomcat-9.0.100\conf\Catalina\localhost\CSA_CW.xml] has finished in [2,717] ms
29-Mar-2025 22:59:00.082 INFO [http-nio-8080-exec-101] org.apache.catalina.util.LifecycleBase.start The start() method was called on component [StandardEngine[Catalina].StandardHost[localhost].StandardContext[/CSA_CW]] after start() had already been called. The second call will be ignored.
29-Mar-2025 22:59:08.095 INFO [http-nio-8080-exec-107] com.coursework.csa_cw.dao.AuthorDAO.updateAuthor Author successfully updated
29-Mar-2025 22:59:08.096 WARNING [http-nio-8080-exec-107] com.coursework.csa_cw.dao.AuthorDAO.updateAuthor No Matching record
29-Mar-2025 23:02:25.131 INFO [http-nio-8080-exec-118] org.apache.catalina.startup.HostConfig.undeploy Undeploying context [/CSA_CW]
29-Mar-2025 23:02:25.152 INFO [http-nio-8080-exec-110] org.apache.catalina.startup.HostConfig.deployDescriptor Deploying deployment descriptor [C:\Users\Udith\Documents\GitHub\IIT_Coding\Year 3\Client Server\Practice\Teluisko\apache-tomcat-9.0.100\conf\Catalina\localhost\CSA_CW.xml]
29-Mar-2025 23:02:25.154 WARNING [http-nio-8080-exec-110] org.apache.catalina.startup.HostConfig.deployDescriptor The path attribute with value [/CSA_CW] in deployment descriptor [C:\Users\Udith\Documents\GitHub\IIT_Coding\Year 3\Client Server\Practice\Teluisko\apache-tomcat-9.0.100\conf\Catalina\localhost\CSA_CW.xml] has been ignored
29-Mar-2025 23:02:26.335 INFO [http-nio-8080-exec-110] org.apache.jasper.servlet.TldScanner.scanJars At least one JAR was scanned for TLDs yet contained no TLDs. Enable debug logging for this logger for a complete list of JARs that were scanned but no TLDs were found in them. Skipping unneeded JARs during scanning can improve startup time and JSP compilation time.
29-Mar-2025 23:02:27.142 WARNING [http-nio-8080-exec-110] org.glassfish.jersey.server.wadl.WadlFeature.configure JAXBContext implementation could not be found. WADL feature is disabled.
29-Mar-2025 23:02:28.012 WARNING [http-nio-8080-exec-110] org.glassfish.jersey.internal.Errors.logErrors The following warnings have been detected: WARNING: A resource, Resource{"/books", 0 child resources, 0 resource methods, 0 sub-resource locator, 0 method handler classes, 0 method handler instances}, with path "/books" is empty. It has no resource (or sub resource) methods neither sub resource locators defined.
WARNING: A resource, Resource{"/customers", 0 child resources, 0 resource methods, 0 sub-resource locator, 0 method handler classes, 0 method handler instances}, with path "/customers" is empty. It has no resource (or sub resource) methods neither sub resource locators defined.

29-Mar-2025 23:02:28.017 INFO [http-nio-8080-exec-110] org.apache.catalina.startup.HostConfig.deployDescriptor Deployment of deployment descriptor [C:\Users\Udith\Documents\GitHub\IIT_Coding\Year 3\Client Server\Practice\Teluisko\apache-tomcat-9.0.100\conf\Catalina\localhost\CSA_CW.xml] has finished in [2,865] ms
29-Mar-2025 23:02:28.021 INFO [http-nio-8080-exec-119] org.apache.catalina.util.LifecycleBase.start The start() method was called on component [StandardEngine[Catalina].StandardHost[localhost].StandardContext[/CSA_CW]] after start() had already been called. The second call will be ignored.
