03-Apr-2025 22:45:45.449 INFO [main] org.apache.catalina.startup.VersionLoggerListener.log Server version name:   Apache Tomcat/9.0.100
03-Apr-2025 22:45:45.453 INFO [main] org.apache.catalina.startup.VersionLoggerListener.log Server built:          Feb 13 2025 11:29:56 UTC
03-Apr-2025 22:45:45.453 INFO [main] org.apache.catalina.startup.VersionLoggerListener.log Server version number: 9.0.100.0
03-Apr-2025 22:45:45.453 INFO [main] org.apache.catalina.startup.VersionLoggerListener.log OS Name:               Windows 11
03-Apr-2025 22:45:45.454 INFO [main] org.apache.catalina.startup.VersionLoggerListener.log OS Version:            10.0
03-Apr-2025 22:45:45.454 INFO [main] org.apache.catalina.startup.VersionLoggerListener.log Architecture:          amd64
03-Apr-2025 22:45:45.454 INFO [main] org.apache.catalina.startup.VersionLoggerListener.log Java Home:             C:\Program Files\Java\jdk-23
03-Apr-2025 22:45:45.454 INFO [main] org.apache.catalina.startup.VersionLoggerListener.log JVM Version:           23.0.2+7-58
03-Apr-2025 22:45:45.454 INFO [main] org.apache.catalina.startup.VersionLoggerListener.log JVM Vendor:            Oracle Corporation
03-Apr-2025 22:45:45.454 INFO [main] org.apache.catalina.startup.VersionLoggerListener.log CATALINA_BASE:         C:\Users\Udith\Documents\GitHub\IIT_Coding\Year 3\Client Server\Practice\Teluisko\apache-tomcat-9.0.100
03-Apr-2025 22:45:45.454 INFO [main] org.apache.catalina.startup.VersionLoggerListener.log CATALINA_HOME:         C:\Users\Udith\Documents\GitHub\IIT_Coding\Year 3\Client Server\Practice\Teluisko\apache-tomcat-9.0.100
03-Apr-2025 22:45:45.466 INFO [main] org.apache.catalina.startup.VersionLoggerListener.log Command line argument: --add-opens=java.base/java.lang=ALL-UNNAMED
03-Apr-2025 22:45:45.467 INFO [main] org.apache.catalina.startup.VersionLoggerListener.log Command line argument: --add-opens=java.base/java.io=ALL-UNNAMED
03-Apr-2025 22:45:45.467 INFO [main] org.apache.catalina.startup.VersionLoggerListener.log Command line argument: --add-opens=java.base/java.util=ALL-UNNAMED
03-Apr-2025 22:45:45.467 INFO [main] org.apache.catalina.startup.VersionLoggerListener.log Command line argument: --add-opens=java.base/java.util.concurrent=ALL-UNNAMED
03-Apr-2025 22:45:45.467 INFO [main] org.apache.catalina.startup.VersionLoggerListener.log Command line argument: --add-opens=java.rmi/sun.rmi.transport=ALL-UNNAMED
03-Apr-2025 22:45:45.467 INFO [main] org.apache.catalina.startup.VersionLoggerListener.log Command line argument: -Djava.util.logging.config.file=C:\Users\Udith\Documents\GitHub\IIT_Coding\Year 3\Client Server\Practice\Teluisko\apache-tomcat-9.0.100\conf\logging.properties
03-Apr-2025 22:45:45.467 INFO [main] org.apache.catalina.startup.VersionLoggerListener.log Command line argument: -Djava.util.logging.manager=org.apache.juli.ClassLoaderLogManager
03-Apr-2025 22:45:45.467 INFO [main] org.apache.catalina.startup.VersionLoggerListener.log Command line argument: -Djdk.tls.ephemeralDHKeySize=2048
03-Apr-2025 22:45:45.467 INFO [main] org.apache.catalina.startup.VersionLoggerListener.log Command line argument: -Djava.protocol.handler.pkgs=org.apache.catalina.webresources
03-Apr-2025 22:45:45.467 INFO [main] org.apache.catalina.startup.VersionLoggerListener.log Command line argument: -Dsun.io.useCanonCaches=false
03-Apr-2025 22:45:45.467 INFO [main] org.apache.catalina.startup.VersionLoggerListener.log Command line argument: -Dignore.endorsed.dirs=
03-Apr-2025 22:45:45.468 INFO [main] org.apache.catalina.startup.VersionLoggerListener.log Command line argument: -Dcatalina.base=C:\Users\Udith\Documents\GitHub\IIT_Coding\Year 3\Client Server\Practice\Teluisko\apache-tomcat-9.0.100
03-Apr-2025 22:45:45.468 INFO [main] org.apache.catalina.startup.VersionLoggerListener.log Command line argument: -Dcatalina.home=C:\Users\Udith\Documents\GitHub\IIT_Coding\Year 3\Client Server\Practice\Teluisko\apache-tomcat-9.0.100
03-Apr-2025 22:45:45.468 INFO [main] org.apache.catalina.startup.VersionLoggerListener.log Command line argument: -Djava.io.tmpdir=C:\Users\Udith\Documents\GitHub\IIT_Coding\Year 3\Client Server\Practice\Teluisko\apache-tomcat-9.0.100\temp
03-Apr-2025 22:45:45.517 INFO [main] org.apache.catalina.core.AprLifecycleListener.lifecycleEvent The Apache Tomcat Native library which allows using OpenSSL was not found on the java.library.path: [C:\Program Files\Java\jdk-23\bin;C:\WINDOWS\Sun\Java\bin;C:\WINDOWS\system32;C:\WINDOWS;C:\Program Files\Common Files\Oracle\Java\javapath;C:\WINDOWS\system32;C:\WINDOWS;C:\WINDOWS\System32\Wbem;C:\WINDOWS\System32\WindowsPowerShell\v1.0\;C:\WINDOWS\System32\OpenSSH\;C:\Program Files (x86)\NVIDIA Corporation\PhysX\Common;C:\Program Files\NVIDIA Corporation\NVIDIA NvDLISR;C:\Program Files\Git\cmd;C:\Program Files\nodejs\;C:\Program Files\Java\jdk-23\bin;C:\Users\Udith\AppData\Local\Microsoft\WindowsApps;C:\Users\Udith\AppData\Local\Programs\Microsoft VS Code\bin;C:\Program Files\JetBrains\IntelliJ IDEA Community Edition 2024.3\bin;;C:\Users\Udith\AppData\Local\GitHubDesktop\bin;C:\Users\Udith\AppData\Roaming\npm;;.]
03-Apr-2025 22:45:46.095 INFO [main] org.apache.coyote.AbstractProtocol.init Initializing ProtocolHandler ["http-nio-8080"]
03-Apr-2025 22:45:46.124 INFO [main] org.apache.catalina.startup.Catalina.load Server initialization in [951] milliseconds
03-Apr-2025 22:45:46.213 INFO [main] org.apache.catalina.core.StandardService.startInternal Starting service [Catalina]
03-Apr-2025 22:45:46.213 INFO [main] org.apache.catalina.core.StandardEngine.startInternal Starting Servlet engine: [Apache Tomcat/9.0.100]
03-Apr-2025 22:45:46.225 INFO [main] org.apache.catalina.startup.HostConfig.deployDescriptor Deploying deployment descriptor [C:\Users\Udith\Documents\GitHub\IIT_Coding\Year 3\Client Server\Practice\Teluisko\apache-tomcat-9.0.100\conf\Catalina\localhost\CSA_CW.xml]
03-Apr-2025 22:45:46.233 WARNING [main] org.apache.catalina.startup.HostConfig.deployDescriptor The path attribute with value [/CSA_CW] in deployment descriptor [C:\Users\Udith\Documents\GitHub\IIT_Coding\Year 3\Client Server\Practice\Teluisko\apache-tomcat-9.0.100\conf\Catalina\localhost\CSA_CW.xml] has been ignored
03-Apr-2025 22:45:47.906 INFO [main] org.apache.jasper.servlet.TldScanner.scanJars At least one JAR was scanned for TLDs yet contained no TLDs. Enable debug logging for this logger for a complete list of JARs that were scanned but no TLDs were found in them. Skipping unneeded JARs during scanning can improve startup time and JSP compilation time.
03-Apr-2025 22:45:48.722 WARNING [main] org.glassfish.jersey.server.wadl.WadlFeature.configure JAXBContext implementation could not be found. WADL feature is disabled.
03-Apr-2025 22:45:49.678 INFO [main] org.apache.catalina.startup.HostConfig.deployDescriptor Deployment of deployment descriptor [C:\Users\Udith\Documents\GitHub\IIT_Coding\Year 3\Client Server\Practice\Teluisko\apache-tomcat-9.0.100\conf\Catalina\localhost\CSA_CW.xml] has finished in [3,453] ms
03-Apr-2025 22:45:49.679 INFO [main] org.apache.catalina.startup.HostConfig.deployDescriptor Deploying deployment descriptor [C:\Users\Udith\Documents\GitHub\IIT_Coding\Year 3\Client Server\Practice\Teluisko\apache-tomcat-9.0.100\conf\Catalina\localhost\CW001.xml]
03-Apr-2025 22:45:49.681 WARNING [main] org.apache.catalina.startup.HostConfig.deployDescriptor The path attribute with value [/CW001] in deployment descriptor [C:\Users\Udith\Documents\GitHub\IIT_Coding\Year 3\Client Server\Practice\Teluisko\apache-tomcat-9.0.100\conf\Catalina\localhost\CW001.xml] has been ignored
03-Apr-2025 22:45:49.813 WARNING [main] org.apache.tomcat.util.descriptor.web.WebXml.setVersion Unknown version string [6.0]. Default version will be used.
03-Apr-2025 22:45:50.579 INFO [main] org.apache.jasper.servlet.TldScanner.scanJars At least one JAR was scanned for TLDs yet contained no TLDs. Enable debug logging for this logger for a complete list of JARs that were scanned but no TLDs were found in them. Skipping unneeded JARs during scanning can improve startup time and JSP compilation time.
03-Apr-2025 22:45:51.178 WARNING [main] org.glassfish.jersey.server.wadl.WadlFeature.configure JAXBContext implementation could not be found. WADL feature is disabled.
03-Apr-2025 22:45:51.839 INFO [main] org.apache.catalina.startup.HostConfig.deployDescriptor Deployment of deployment descriptor [C:\Users\Udith\Documents\GitHub\IIT_Coding\Year 3\Client Server\Practice\Teluisko\apache-tomcat-9.0.100\conf\Catalina\localhost\CW001.xml] has finished in [2,160] ms
03-Apr-2025 22:45:51.839 INFO [main] org.apache.catalina.startup.HostConfig.deployDescriptor Deploying deployment descriptor [C:\Users\Udith\Documents\GitHub\IIT_Coding\Year 3\Client Server\Practice\Teluisko\apache-tomcat-9.0.100\conf\Catalina\localhost\HelloWorld1.xml]
03-Apr-2025 22:45:51.841 WARNING [main] org.apache.catalina.startup.HostConfig.deployDescriptor The path attribute with value [/HelloWorld1] in deployment descriptor [C:\Users\Udith\Documents\GitHub\IIT_Coding\Year 3\Client Server\Practice\Teluisko\apache-tomcat-9.0.100\conf\Catalina\localhost\HelloWorld1.xml] has been ignored
03-Apr-2025 22:45:52.898 INFO [main] org.apache.jasper.servlet.TldScanner.scanJars At least one JAR was scanned for TLDs yet contained no TLDs. Enable debug logging for this logger for a complete list of JARs that were scanned but no TLDs were found in them. Skipping unneeded JARs during scanning can improve startup time and JSP compilation time.
03-Apr-2025 22:45:53.514 WARNING [main] org.glassfish.jersey.server.wadl.WadlFeature.configure JAXBContext implementation could not be found. WADL feature is disabled.
03-Apr-2025 22:45:54.182 INFO [main] org.apache.catalina.startup.HostConfig.deployDescriptor Deployment of deployment descriptor [C:\Users\Udith\Documents\GitHub\IIT_Coding\Year 3\Client Server\Practice\Teluisko\apache-tomcat-9.0.100\conf\Catalina\localhost\HelloWorld1.xml] has finished in [2,343] ms
03-Apr-2025 22:45:54.182 INFO [main] org.apache.catalina.startup.HostConfig.deployDescriptor Deploying deployment descriptor [C:\Users\Udith\Documents\GitHub\IIT_Coding\Year 3\Client Server\Practice\Teluisko\apache-tomcat-9.0.100\conf\Catalina\localhost\Tutorial_Week08_EX01.xml]
03-Apr-2025 22:45:54.184 WARNING [main] org.apache.catalina.startup.HostConfig.deployDescriptor The path attribute with value [/Tutorial_Week08_EX01] in deployment descriptor [C:\Users\Udith\Documents\GitHub\IIT_Coding\Year 3\Client Server\Practice\Teluisko\apache-tomcat-9.0.100\conf\Catalina\localhost\Tutorial_Week08_EX01.xml] has been ignored
03-Apr-2025 22:45:55.133 INFO [main] org.apache.jasper.servlet.TldScanner.scanJars At least one JAR was scanned for TLDs yet contained no TLDs. Enable debug logging for this logger for a complete list of JARs that were scanned but no TLDs were found in them. Skipping unneeded JARs during scanning can improve startup time and JSP compilation time.
03-Apr-2025 22:45:55.758 WARNING [main] org.glassfish.jersey.server.wadl.WadlFeature.configure JAXBContext implementation could not be found. WADL feature is disabled.
03-Apr-2025 22:45:56.456 INFO [main] org.apache.catalina.startup.HostConfig.deployDescriptor Deployment of deployment descriptor [C:\Users\Udith\Documents\GitHub\IIT_Coding\Year 3\Client Server\Practice\Teluisko\apache-tomcat-9.0.100\conf\Catalina\localhost\Tutorial_Week08_EX01.xml] has finished in [2,274] ms
03-Apr-2025 22:45:56.457 INFO [main] org.apache.catalina.startup.HostConfig.deployDirectory Deploying web application directory [C:\Users\Udith\Documents\GitHub\IIT_Coding\Year 3\Client Server\Practice\Teluisko\apache-tomcat-9.0.100\webapps\docs]
03-Apr-2025 22:45:56.525 INFO [main] org.apache.catalina.startup.HostConfig.deployDirectory Deployment of web application directory [C:\Users\Udith\Documents\GitHub\IIT_Coding\Year 3\Client Server\Practice\Teluisko\apache-tomcat-9.0.100\webapps\docs] has finished in [68] ms
03-Apr-2025 22:45:56.525 INFO [main] org.apache.catalina.startup.HostConfig.deployDirectory Deploying web application directory [C:\Users\Udith\Documents\GitHub\IIT_Coding\Year 3\Client Server\Practice\Teluisko\apache-tomcat-9.0.100\webapps\examples]
03-Apr-2025 22:45:57.076 INFO [main] org.apache.catalina.startup.HostConfig.deployDirectory Deployment of web application directory [C:\Users\Udith\Documents\GitHub\IIT_Coding\Year 3\Client Server\Practice\Teluisko\apache-tomcat-9.0.100\webapps\examples] has finished in [551] ms
03-Apr-2025 22:45:57.077 INFO [main] org.apache.catalina.startup.HostConfig.deployDirectory Deploying web application directory [C:\Users\Udith\Documents\GitHub\IIT_Coding\Year 3\Client Server\Practice\Teluisko\apache-tomcat-9.0.100\webapps\host-manager]
03-Apr-2025 22:45:57.139 INFO [main] org.apache.catalina.startup.HostConfig.deployDirectory Deployment of web application directory [C:\Users\Udith\Documents\GitHub\IIT_Coding\Year 3\Client Server\Practice\Teluisko\apache-tomcat-9.0.100\webapps\host-manager] has finished in [62] ms
03-Apr-2025 22:45:57.139 INFO [main] org.apache.catalina.startup.HostConfig.deployDirectory Deploying web application directory [C:\Users\Udith\Documents\GitHub\IIT_Coding\Year 3\Client Server\Practice\Teluisko\apache-tomcat-9.0.100\webapps\manager]
03-Apr-2025 22:45:57.192 INFO [main] org.apache.catalina.startup.HostConfig.deployDirectory Deployment of web application directory [C:\Users\Udith\Documents\GitHub\IIT_Coding\Year 3\Client Server\Practice\Teluisko\apache-tomcat-9.0.100\webapps\manager] has finished in [53] ms
03-Apr-2025 22:45:57.192 INFO [main] org.apache.catalina.startup.HostConfig.deployDirectory Deploying web application directory [C:\Users\Udith\Documents\GitHub\IIT_Coding\Year 3\Client Server\Practice\Teluisko\apache-tomcat-9.0.100\webapps\ROOT]
03-Apr-2025 22:45:57.228 INFO [main] org.apache.catalina.startup.HostConfig.deployDirectory Deployment of web application directory [C:\Users\Udith\Documents\GitHub\IIT_Coding\Year 3\Client Server\Practice\Teluisko\apache-tomcat-9.0.100\webapps\ROOT] has finished in [36] ms
03-Apr-2025 22:45:57.233 INFO [main] org.apache.coyote.AbstractProtocol.start Starting ProtocolHandler ["http-nio-8080"]
03-Apr-2025 22:45:57.264 INFO [main] org.apache.catalina.startup.Catalina.start Server startup in [11139] milliseconds
03-Apr-2025 22:46:01.249 INFO [http-nio-8080-exec-4] org.apache.catalina.startup.HostConfig.undeploy Undeploying context [/CSA_CW]
03-Apr-2025 22:46:01.322 INFO [http-nio-8080-exec-8] org.apache.catalina.startup.HostConfig.deployDescriptor Deploying deployment descriptor [C:\Users\Udith\Documents\GitHub\IIT_Coding\Year 3\Client Server\Practice\Teluisko\apache-tomcat-9.0.100\conf\Catalina\localhost\CSA_CW.xml]
03-Apr-2025 22:46:01.322 WARNING [http-nio-8080-exec-8] org.apache.catalina.startup.HostConfig.deployDescriptor The path attribute with value [/CSA_CW] in deployment descriptor [C:\Users\Udith\Documents\GitHub\IIT_Coding\Year 3\Client Server\Practice\Teluisko\apache-tomcat-9.0.100\conf\Catalina\localhost\CSA_CW.xml] has been ignored
03-Apr-2025 22:46:02.297 INFO [http-nio-8080-exec-8] org.apache.jasper.servlet.TldScanner.scanJars At least one JAR was scanned for TLDs yet contained no TLDs. Enable debug logging for this logger for a complete list of JARs that were scanned but no TLDs were found in them. Skipping unneeded JARs during scanning can improve startup time and JSP compilation time.
03-Apr-2025 22:46:02.936 WARNING [http-nio-8080-exec-8] org.glassfish.jersey.server.wadl.WadlFeature.configure JAXBContext implementation could not be found. WADL feature is disabled.
03-Apr-2025 22:46:03.685 INFO [http-nio-8080-exec-8] org.apache.catalina.startup.HostConfig.deployDescriptor Deployment of deployment descriptor [C:\Users\Udith\Documents\GitHub\IIT_Coding\Year 3\Client Server\Practice\Teluisko\apache-tomcat-9.0.100\conf\Catalina\localhost\CSA_CW.xml] has finished in [2,362] ms
03-Apr-2025 22:46:03.690 INFO [http-nio-8080-exec-9] org.apache.catalina.util.LifecycleBase.start The start() method was called on component [StandardEngine[Catalina].StandardHost[localhost].StandardContext[/CSA_CW]] after start() had already been called. The second call will be ignored.
03-Apr-2025 22:49:05.289 INFO [http-nio-8080-exec-17] org.apache.catalina.startup.HostConfig.undeploy Undeploying context [/CSA_CW]
03-Apr-2025 22:49:05.318 INFO [http-nio-8080-exec-20] org.apache.catalina.startup.HostConfig.deployDescriptor Deploying deployment descriptor [C:\Users\Udith\Documents\GitHub\IIT_Coding\Year 3\Client Server\Practice\Teluisko\apache-tomcat-9.0.100\conf\Catalina\localhost\CSA_CW.xml]
03-Apr-2025 22:49:05.320 WARNING [http-nio-8080-exec-20] org.apache.catalina.startup.HostConfig.deployDescriptor The path attribute with value [/CSA_CW] in deployment descriptor [C:\Users\Udith\Documents\GitHub\IIT_Coding\Year 3\Client Server\Practice\Teluisko\apache-tomcat-9.0.100\conf\Catalina\localhost\CSA_CW.xml] has been ignored
03-Apr-2025 22:49:06.324 INFO [http-nio-8080-exec-20] org.apache.jasper.servlet.TldScanner.scanJars At least one JAR was scanned for TLDs yet contained no TLDs. Enable debug logging for this logger for a complete list of JARs that were scanned but no TLDs were found in them. Skipping unneeded JARs during scanning can improve startup time and JSP compilation time.
03-Apr-2025 22:49:07.050 WARNING [http-nio-8080-exec-20] org.glassfish.jersey.server.wadl.WadlFeature.configure JAXBContext implementation could not be found. WADL feature is disabled.
03-Apr-2025 22:49:07.852 INFO [http-nio-8080-exec-20] org.apache.catalina.startup.HostConfig.deployDescriptor Deployment of deployment descriptor [C:\Users\Udith\Documents\GitHub\IIT_Coding\Year 3\Client Server\Practice\Teluisko\apache-tomcat-9.0.100\conf\Catalina\localhost\CSA_CW.xml] has finished in [2,533] ms
03-Apr-2025 22:49:07.856 INFO [http-nio-8080-exec-15] org.apache.catalina.util.LifecycleBase.start The start() method was called on component [StandardEngine[Catalina].StandardHost[localhost].StandardContext[/CSA_CW]] after start() had already been called. The second call will be ignored.
03-Apr-2025 22:55:45.371 INFO [http-nio-8080-exec-29] org.apache.catalina.startup.HostConfig.undeploy Undeploying context [/CSA_CW]
03-Apr-2025 22:56:05.037 INFO [http-nio-8080-exec-22] org.apache.catalina.startup.HostConfig.deployDescriptor Deploying deployment descriptor [C:\Users\Udith\Documents\GitHub\IIT_Coding\Year 3\Client Server\Practice\Teluisko\apache-tomcat-9.0.100\conf\Catalina\localhost\CSA_CW.xml]
03-Apr-2025 22:56:05.041 WARNING [http-nio-8080-exec-22] org.apache.catalina.startup.HostConfig.deployDescriptor The path attribute with value [/CSA_CW] in deployment descriptor [C:\Users\Udith\Documents\GitHub\IIT_Coding\Year 3\Client Server\Practice\Teluisko\apache-tomcat-9.0.100\conf\Catalina\localhost\CSA_CW.xml] has been ignored
03-Apr-2025 22:56:06.366 INFO [http-nio-8080-exec-22] org.apache.jasper.servlet.TldScanner.scanJars At least one JAR was scanned for TLDs yet contained no TLDs. Enable debug logging for this logger for a complete list of JARs that were scanned but no TLDs were found in them. Skipping unneeded JARs during scanning can improve startup time and JSP compilation time.
03-Apr-2025 22:56:07.024 WARNING [http-nio-8080-exec-22] org.glassfish.jersey.server.wadl.WadlFeature.configure JAXBContext implementation could not be found. WADL feature is disabled.
03-Apr-2025 22:56:07.724 INFO [http-nio-8080-exec-22] org.apache.catalina.startup.HostConfig.deployDescriptor Deployment of deployment descriptor [C:\Users\Udith\Documents\GitHub\IIT_Coding\Year 3\Client Server\Practice\Teluisko\apache-tomcat-9.0.100\conf\Catalina\localhost\CSA_CW.xml] has finished in [2,687] ms
03-Apr-2025 22:56:07.727 INFO [http-nio-8080-exec-26] org.apache.catalina.util.LifecycleBase.start The start() method was called on component [StandardEngine[Catalina].StandardHost[localhost].StandardContext[/CSA_CW]] after start() had already been called. The second call will be ignored.
03-Apr-2025 22:57:25.313 INFO [http-nio-8080-exec-37] org.apache.catalina.startup.HostConfig.deployDescriptor Deploying deployment descriptor [C:\Users\Udith\Documents\GitHub\IIT_Coding\Year 3\Client Server\Practice\Teluisko\apache-tomcat-9.0.100\conf\Catalina\localhost\StudentApiDAO.xml]
03-Apr-2025 22:57:25.315 WARNING [http-nio-8080-exec-37] org.apache.catalina.startup.HostConfig.deployDescriptor The path attribute with value [/StudentApiDAO] in deployment descriptor [C:\Users\Udith\Documents\GitHub\IIT_Coding\Year 3\Client Server\Practice\Teluisko\apache-tomcat-9.0.100\conf\Catalina\localhost\StudentApiDAO.xml] has been ignored
03-Apr-2025 22:57:26.443 INFO [http-nio-8080-exec-37] org.apache.jasper.servlet.TldScanner.scanJars At least one JAR was scanned for TLDs yet contained no TLDs. Enable debug logging for this logger for a complete list of JARs that were scanned but no TLDs were found in them. Skipping unneeded JARs during scanning can improve startup time and JSP compilation time.
03-Apr-2025 22:57:27.367 WARNING [http-nio-8080-exec-37] org.glassfish.jersey.server.wadl.WadlFeature.configure JAXBContext implementation could not be found. WADL feature is disabled.
03-Apr-2025 22:57:28.130 INFO [http-nio-8080-exec-37] org.apache.catalina.startup.HostConfig.deployDescriptor Deployment of deployment descriptor [C:\Users\Udith\Documents\GitHub\IIT_Coding\Year 3\Client Server\Practice\Teluisko\apache-tomcat-9.0.100\conf\Catalina\localhost\StudentApiDAO.xml] has finished in [2,817] ms
03-Apr-2025 22:57:28.134 INFO [http-nio-8080-exec-28] org.apache.catalina.util.LifecycleBase.start The start() method was called on component [StandardEngine[Catalina].StandardHost[localhost].StandardContext[/StudentApiDAO]] after start() had already been called. The second call will be ignored.
03-Apr-2025 22:57:58.235 INFO [http-nio-8080-exec-35] com.example.resource.StudentResource.getAllStudents Get request for all Students
03-Apr-2025 22:58:23.598 INFO [http-nio-8080-exec-31] com.example.resource.StudentResource.getAllStudents Get request for all Students
03-Apr-2025 22:58:26.989 INFO [http-nio-8080-exec-33] com.example.resource.StudentResource.getStudentById GET request for student with ID:1
03-Apr-2025 22:58:30.064 INFO [http-nio-8080-exec-32] com.example.resource.StudentResource.getStudentById GET request for student with ID:3
03-Apr-2025 22:59:01.692 INFO [http-nio-8080-exec-38] com.example.resource.StudentResource.getAllStudents Get request for all Students
03-Apr-2025 23:01:02.288 INFO [http-nio-8080-exec-34] org.apache.catalina.startup.HostConfig.undeploy Undeploying context [/CSA_CW]
03-Apr-2025 23:01:02.317 INFO [http-nio-8080-exec-36] org.apache.catalina.startup.HostConfig.deployDescriptor Deploying deployment descriptor [C:\Users\Udith\Documents\GitHub\IIT_Coding\Year 3\Client Server\Practice\Teluisko\apache-tomcat-9.0.100\conf\Catalina\localhost\CSA_CW.xml]
03-Apr-2025 23:01:02.318 WARNING [http-nio-8080-exec-36] org.apache.catalina.startup.HostConfig.deployDescriptor The path attribute with value [/CSA_CW] in deployment descriptor [C:\Users\Udith\Documents\GitHub\IIT_Coding\Year 3\Client Server\Practice\Teluisko\apache-tomcat-9.0.100\conf\Catalina\localhost\CSA_CW.xml] has been ignored
03-Apr-2025 23:01:03.246 INFO [http-nio-8080-exec-36] org.apache.jasper.servlet.TldScanner.scanJars At least one JAR was scanned for TLDs yet contained no TLDs. Enable debug logging for this logger for a complete list of JARs that were scanned but no TLDs were found in them. Skipping unneeded JARs during scanning can improve startup time and JSP compilation time.
03-Apr-2025 23:01:03.876 WARNING [http-nio-8080-exec-36] org.glassfish.jersey.server.wadl.WadlFeature.configure JAXBContext implementation could not be found. WADL feature is disabled.
03-Apr-2025 23:01:04.617 INFO [http-nio-8080-exec-36] org.apache.catalina.startup.HostConfig.deployDescriptor Deployment of deployment descriptor [C:\Users\Udith\Documents\GitHub\IIT_Coding\Year 3\Client Server\Practice\Teluisko\apache-tomcat-9.0.100\conf\Catalina\localhost\CSA_CW.xml] has finished in [2,301] ms
03-Apr-2025 23:01:04.621 INFO [http-nio-8080-exec-32] org.apache.catalina.util.LifecycleBase.start The start() method was called on component [StandardEngine[Catalina].StandardHost[localhost].StandardContext[/CSA_CW]] after start() had already been called. The second call will be ignored.
03-Apr-2025 23:01:33.158 INFO [http-nio-8080-exec-41] com.coursework.csa_cw.dao.AuthorDAO.getAuthorById Author details successfully retrieved
03-Apr-2025 23:03:04.604 INFO [http-nio-8080-exec-48] org.apache.catalina.startup.HostConfig.undeploy Undeploying context [/CSA_CW]
03-Apr-2025 23:03:04.669 INFO [http-nio-8080-exec-49] org.apache.catalina.startup.HostConfig.deployDescriptor Deploying deployment descriptor [C:\Users\Udith\Documents\GitHub\IIT_Coding\Year 3\Client Server\Practice\Teluisko\apache-tomcat-9.0.100\conf\Catalina\localhost\CSA_CW.xml]
03-Apr-2025 23:03:04.671 WARNING [http-nio-8080-exec-49] org.apache.catalina.startup.HostConfig.deployDescriptor The path attribute with value [/CSA_CW] in deployment descriptor [C:\Users\Udith\Documents\GitHub\IIT_Coding\Year 3\Client Server\Practice\Teluisko\apache-tomcat-9.0.100\conf\Catalina\localhost\CSA_CW.xml] has been ignored
03-Apr-2025 23:03:05.765 INFO [http-nio-8080-exec-49] org.apache.jasper.servlet.TldScanner.scanJars At least one JAR was scanned for TLDs yet contained no TLDs. Enable debug logging for this logger for a complete list of JARs that were scanned but no TLDs were found in them. Skipping unneeded JARs during scanning can improve startup time and JSP compilation time.
03-Apr-2025 23:03:06.524 WARNING [http-nio-8080-exec-49] org.glassfish.jersey.server.wadl.WadlFeature.configure JAXBContext implementation could not be found. WADL feature is disabled.
03-Apr-2025 23:03:07.309 INFO [http-nio-8080-exec-49] org.apache.catalina.startup.HostConfig.deployDescriptor Deployment of deployment descriptor [C:\Users\Udith\Documents\GitHub\IIT_Coding\Year 3\Client Server\Practice\Teluisko\apache-tomcat-9.0.100\conf\Catalina\localhost\CSA_CW.xml] has finished in [2,640] ms
03-Apr-2025 23:03:07.315 INFO [http-nio-8080-exec-45] org.apache.catalina.util.LifecycleBase.start The start() method was called on component [StandardEngine[Catalina].StandardHost[localhost].StandardContext[/CSA_CW]] after start() had already been called. The second call will be ignored.
03-Apr-2025 23:03:18.888 INFO [http-nio-8080-exec-50] com.coursework.csa_cw.dao.AuthorDAO.getAuthorById Author details successfully retrieved
03-Apr-2025 23:15:14.575 INFO [http-nio-8080-exec-59] org.apache.catalina.startup.HostConfig.undeploy Undeploying context [/CSA_CW]
03-Apr-2025 23:15:14.602 INFO [http-nio-8080-exec-52] org.apache.catalina.startup.HostConfig.deployDescriptor Deploying deployment descriptor [C:\Users\Udith\Documents\GitHub\IIT_Coding\Year 3\Client Server\Practice\Teluisko\apache-tomcat-9.0.100\conf\Catalina\localhost\CSA_CW.xml]
03-Apr-2025 23:15:14.606 WARNING [http-nio-8080-exec-52] org.apache.catalina.startup.HostConfig.deployDescriptor The path attribute with value [/CSA_CW] in deployment descriptor [C:\Users\Udith\Documents\GitHub\IIT_Coding\Year 3\Client Server\Practice\Teluisko\apache-tomcat-9.0.100\conf\Catalina\localhost\CSA_CW.xml] has been ignored
03-Apr-2025 23:15:15.573 INFO [http-nio-8080-exec-52] org.apache.jasper.servlet.TldScanner.scanJars At least one JAR was scanned for TLDs yet contained no TLDs. Enable debug logging for this logger for a complete list of JARs that were scanned but no TLDs were found in them. Skipping unneeded JARs during scanning can improve startup time and JSP compilation time.
03-Apr-2025 23:15:16.204 WARNING [http-nio-8080-exec-52] org.glassfish.jersey.server.wadl.WadlFeature.configure JAXBContext implementation could not be found. WADL feature is disabled.
03-Apr-2025 23:15:16.919 INFO [http-nio-8080-exec-52] org.apache.catalina.startup.HostConfig.deployDescriptor Deployment of deployment descriptor [C:\Users\Udith\Documents\GitHub\IIT_Coding\Year 3\Client Server\Practice\Teluisko\apache-tomcat-9.0.100\conf\Catalina\localhost\CSA_CW.xml] has finished in [2,317] ms
03-Apr-2025 23:15:16.933 INFO [http-nio-8080-exec-55] org.apache.catalina.util.LifecycleBase.start The start() method was called on component [StandardEngine[Catalina].StandardHost[localhost].StandardContext[/CSA_CW]] after start() had already been called. The second call will be ignored.
03-Apr-2025 23:15:24.585 INFO [http-nio-8080-exec-58] com.coursework.csa_cw.dao.AuthorDAO.getAuthorById Author details successfully retrieved
