27-Mar-2025 00:19:00.511 INFO [http-nio-8080-exec-41] org.apache.catalina.startup.HostConfig.deployDescriptor Deploying deployment descriptor [C:\Users\Udith\Documents\GitHub\IIT_Coding\Year 3\Client Server\Practice\Teluisko\apache-tomcat-9.0.100\conf\Catalina\localhost\CW001.xml]
27-Mar-2025 00:19:00.514 WARNING [http-nio-8080-exec-41] org.apache.catalina.startup.HostConfig.deployDescriptor The path attribute with value [/CW001] in deployment descriptor [C:\Users\Udith\Documents\GitHub\IIT_Coding\Year 3\Client Server\Practice\Teluisko\apache-tomcat-9.0.100\conf\Catalina\localhost\CW001.xml] has been ignored
27-Mar-2025 00:19:00.564 WARNING [http-nio-8080-exec-41] org.apache.tomcat.util.descriptor.web.WebXml.setVersion Unknown version string [6.0]. Default version will be used.
27-Mar-2025 00:19:01.109 INFO [http-nio-8080-exec-41] org.apache.jasper.servlet.TldScanner.scanJars At least one JAR was scanned for TLDs yet contained no TLDs. Enable debug logging for this logger for a complete list of JARs that were scanned but no TLDs were found in them. Skipping unneeded JARs during scanning can improve startup time and JSP compilation time.
27-Mar-2025 00:19:01.526 WARNING [http-nio-8080-exec-41] org.glassfish.jersey.server.wadl.WadlFeature.configure JAXBContext implementation could not be found. WADL feature is disabled.
27-Mar-2025 00:19:02.007 INFO [http-nio-8080-exec-41] org.apache.catalina.startup.HostConfig.deployDescriptor Deployment of deployment descriptor [C:\Users\Udith\Documents\GitHub\IIT_Coding\Year 3\Client Server\Practice\Teluisko\apache-tomcat-9.0.100\conf\Catalina\localhost\CW001.xml] has finished in [1,496] ms
27-Mar-2025 00:19:02.010 INFO [http-nio-8080-exec-44] org.apache.catalina.util.LifecycleBase.start The start() method was called on component [StandardEngine[Catalina].StandardHost[localhost].StandardContext[/CW001]] after start() had already been called. The second call will be ignored.
27-Mar-2025 00:37:47.360 INFO [main] org.apache.catalina.core.StandardServer.await A valid shutdown command was received via the shutdown port. Stopping the Server instance.
27-Mar-2025 00:37:47.360 INFO [main] org.apache.coyote.AbstractProtocol.pause Pausing ProtocolHandler ["http-nio-8080"]
27-Mar-2025 00:37:47.367 INFO [main] org.apache.catalina.core.StandardService.stopInternal Stopping service [Catalina]
27-Mar-2025 00:37:47.393 INFO [main] org.apache.coyote.AbstractProtocol.stop Stopping ProtocolHandler ["http-nio-8080"]
27-Mar-2025 00:37:47.397 INFO [main] org.apache.coyote.AbstractProtocol.destroy Destroying ProtocolHandler ["http-nio-8080"]
27-Mar-2025 00:37:50.507 INFO [main] org.apache.catalina.startup.VersionLoggerListener.log Server version name:   Apache Tomcat/9.0.100
27-Mar-2025 00:37:50.511 INFO [main] org.apache.catalina.startup.VersionLoggerListener.log Server built:          Feb 13 2025 11:29:56 UTC
27-Mar-2025 00:37:50.511 INFO [main] org.apache.catalina.startup.VersionLoggerListener.log Server version number: 9.0.100.0
27-Mar-2025 00:37:50.511 INFO [main] org.apache.catalina.startup.VersionLoggerListener.log OS Name:               Windows 11
27-Mar-2025 00:37:50.511 INFO [main] org.apache.catalina.startup.VersionLoggerListener.log OS Version:            10.0
27-Mar-2025 00:37:50.511 INFO [main] org.apache.catalina.startup.VersionLoggerListener.log Architecture:          amd64
27-Mar-2025 00:37:50.512 INFO [main] org.apache.catalina.startup.VersionLoggerListener.log Java Home:             C:\Program Files\Java\jdk-23
27-Mar-2025 00:37:50.512 INFO [main] org.apache.catalina.startup.VersionLoggerListener.log JVM Version:           23.0.2+7-58
27-Mar-2025 00:37:50.512 INFO [main] org.apache.catalina.startup.VersionLoggerListener.log JVM Vendor:            Oracle Corporation
27-Mar-2025 00:37:50.512 INFO [main] org.apache.catalina.startup.VersionLoggerListener.log CATALINA_BASE:         C:\Users\Udith\Documents\GitHub\IIT_Coding\Year 3\Client Server\Practice\Teluisko\apache-tomcat-9.0.100
27-Mar-2025 00:37:50.512 INFO [main] org.apache.catalina.startup.VersionLoggerListener.log CATALINA_HOME:         C:\Users\Udith\Documents\GitHub\IIT_Coding\Year 3\Client Server\Practice\Teluisko\apache-tomcat-9.0.100
27-Mar-2025 00:37:50.527 INFO [main] org.apache.catalina.startup.VersionLoggerListener.log Command line argument: --add-opens=java.base/java.lang=ALL-UNNAMED
27-Mar-2025 00:37:50.527 INFO [main] org.apache.catalina.startup.VersionLoggerListener.log Command line argument: --add-opens=java.base/java.io=ALL-UNNAMED
27-Mar-2025 00:37:50.527 INFO [main] org.apache.catalina.startup.VersionLoggerListener.log Command line argument: --add-opens=java.base/java.util=ALL-UNNAMED
27-Mar-2025 00:37:50.527 INFO [main] org.apache.catalina.startup.VersionLoggerListener.log Command line argument: --add-opens=java.base/java.util.concurrent=ALL-UNNAMED
27-Mar-2025 00:37:50.528 INFO [main] org.apache.catalina.startup.VersionLoggerListener.log Command line argument: --add-opens=java.rmi/sun.rmi.transport=ALL-UNNAMED
27-Mar-2025 00:37:50.528 INFO [main] org.apache.catalina.startup.VersionLoggerListener.log Command line argument: -Djava.util.logging.config.file=C:\Users\Udith\Documents\GitHub\IIT_Coding\Year 3\Client Server\Practice\Teluisko\apache-tomcat-9.0.100\conf\logging.properties
27-Mar-2025 00:37:50.528 INFO [main] org.apache.catalina.startup.VersionLoggerListener.log Command line argument: -Djava.util.logging.manager=org.apache.juli.ClassLoaderLogManager
27-Mar-2025 00:37:50.528 INFO [main] org.apache.catalina.startup.VersionLoggerListener.log Command line argument: -Djdk.tls.ephemeralDHKeySize=2048
27-Mar-2025 00:37:50.528 INFO [main] org.apache.catalina.startup.VersionLoggerListener.log Command line argument: -Djava.protocol.handler.pkgs=org.apache.catalina.webresources
27-Mar-2025 00:37:50.528 INFO [main] org.apache.catalina.startup.VersionLoggerListener.log Command line argument: -Dsun.io.useCanonCaches=false
27-Mar-2025 00:37:50.528 INFO [main] org.apache.catalina.startup.VersionLoggerListener.log Command line argument: -agentlib:jdwp=transport=dt_shmem,address=tomcat_shared_memory_id,server=y,suspend=n
27-Mar-2025 00:37:50.528 INFO [main] org.apache.catalina.startup.VersionLoggerListener.log Command line argument: -Dignore.endorsed.dirs=
27-Mar-2025 00:37:50.528 INFO [main] org.apache.catalina.startup.VersionLoggerListener.log Command line argument: -Dcatalina.base=C:\Users\Udith\Documents\GitHub\IIT_Coding\Year 3\Client Server\Practice\Teluisko\apache-tomcat-9.0.100
27-Mar-2025 00:37:50.528 INFO [main] org.apache.catalina.startup.VersionLoggerListener.log Command line argument: -Dcatalina.home=C:\Users\Udith\Documents\GitHub\IIT_Coding\Year 3\Client Server\Practice\Teluisko\apache-tomcat-9.0.100
27-Mar-2025 00:37:50.592 INFO [main] org.apache.catalina.startup.VersionLoggerListener.log Command line argument: -Djava.io.tmpdir=C:\Users\Udith\Documents\GitHub\IIT_Coding\Year 3\Client Server\Practice\Teluisko\apache-tomcat-9.0.100\temp
27-Mar-2025 00:37:50.604 INFO [main] org.apache.catalina.core.AprLifecycleListener.lifecycleEvent The Apache Tomcat Native library which allows using OpenSSL was not found on the java.library.path: [C:\Program Files\Java\jdk-23\bin;C:\WINDOWS\Sun\Java\bin;C:\WINDOWS\system32;C:\WINDOWS;C:\Program Files\Common Files\Oracle\Java\javapath;C:\WINDOWS\system32;C:\WINDOWS;C:\WINDOWS\System32\Wbem;C:\WINDOWS\System32\WindowsPowerShell\v1.0\;C:\WINDOWS\System32\OpenSSH\;C:\Program Files (x86)\NVIDIA Corporation\PhysX\Common;C:\Program Files\NVIDIA Corporation\NVIDIA NvDLISR;C:\Program Files\Git\cmd;C:\Program Files\nodejs\;C:\Program Files\Java\jdk-23\bin;C:\Users\Udith\AppData\Local\Microsoft\WindowsApps;C:\Users\Udith\AppData\Local\Programs\Microsoft VS Code\bin;C:\Program Files\JetBrains\IntelliJ IDEA Community Edition 2024.3\bin;;C:\Users\Udith\AppData\Local\GitHubDesktop\bin;C:\Users\Udith\AppData\Roaming\npm;;.]
27-Mar-2025 00:37:50.992 INFO [main] org.apache.coyote.AbstractProtocol.init Initializing ProtocolHandler ["http-nio-8080"]
27-Mar-2025 00:37:51.019 INFO [main] org.apache.catalina.startup.Catalina.load Server initialization in [711] milliseconds
27-Mar-2025 00:37:51.085 INFO [main] org.apache.catalina.core.StandardService.startInternal Starting service [Catalina]
27-Mar-2025 00:37:51.086 INFO [main] org.apache.catalina.core.StandardEngine.startInternal Starting Servlet engine: [Apache Tomcat/9.0.100]
27-Mar-2025 00:37:51.095 INFO [main] org.apache.catalina.startup.HostConfig.deployDescriptor Deploying deployment descriptor [C:\Users\Udith\Documents\GitHub\IIT_Coding\Year 3\Client Server\Practice\Teluisko\apache-tomcat-9.0.100\conf\Catalina\localhost\CW001.xml]
27-Mar-2025 00:37:51.111 WARNING [main] org.apache.catalina.startup.HostConfig.deployDescriptor The path attribute with value [/CW001] in deployment descriptor [C:\Users\Udith\Documents\GitHub\IIT_Coding\Year 3\Client Server\Practice\Teluisko\apache-tomcat-9.0.100\conf\Catalina\localhost\CW001.xml] has been ignored
27-Mar-2025 00:37:51.291 WARNING [main] org.apache.tomcat.util.descriptor.web.WebXml.setVersion Unknown version string [6.0]. Default version will be used.
27-Mar-2025 00:37:52.166 INFO [main] org.apache.jasper.servlet.TldScanner.scanJars At least one JAR was scanned for TLDs yet contained no TLDs. Enable debug logging for this logger for a complete list of JARs that were scanned but no TLDs were found in them. Skipping unneeded JARs during scanning can improve startup time and JSP compilation time.
27-Mar-2025 00:37:52.807 WARNING [main] org.glassfish.jersey.server.wadl.WadlFeature.configure JAXBContext implementation could not be found. WADL feature is disabled.
27-Mar-2025 00:37:53.481 INFO [main] org.apache.catalina.startup.HostConfig.deployDescriptor Deployment of deployment descriptor [C:\Users\Udith\Documents\GitHub\IIT_Coding\Year 3\Client Server\Practice\Teluisko\apache-tomcat-9.0.100\conf\Catalina\localhost\CW001.xml] has finished in [2,385] ms
27-Mar-2025 00:37:53.481 INFO [main] org.apache.catalina.startup.HostConfig.deployDescriptor Deploying deployment descriptor [C:\Users\Udith\Documents\GitHub\IIT_Coding\Year 3\Client Server\Practice\Teluisko\apache-tomcat-9.0.100\conf\Catalina\localhost\HelloWorld1.xml]
27-Mar-2025 00:37:53.483 WARNING [main] org.apache.catalina.startup.HostConfig.deployDescriptor The path attribute with value [/HelloWorld1] in deployment descriptor [C:\Users\Udith\Documents\GitHub\IIT_Coding\Year 3\Client Server\Practice\Teluisko\apache-tomcat-9.0.100\conf\Catalina\localhost\HelloWorld1.xml] has been ignored
27-Mar-2025 00:37:54.384 INFO [main] org.apache.jasper.servlet.TldScanner.scanJars At least one JAR was scanned for TLDs yet contained no TLDs. Enable debug logging for this logger for a complete list of JARs that were scanned but no TLDs were found in them. Skipping unneeded JARs during scanning can improve startup time and JSP compilation time.
27-Mar-2025 00:37:54.983 WARNING [main] org.glassfish.jersey.server.wadl.WadlFeature.configure JAXBContext implementation could not be found. WADL feature is disabled.
27-Mar-2025 00:37:55.591 INFO [main] org.apache.catalina.startup.HostConfig.deployDescriptor Deployment of deployment descriptor [C:\Users\Udith\Documents\GitHub\IIT_Coding\Year 3\Client Server\Practice\Teluisko\apache-tomcat-9.0.100\conf\Catalina\localhost\HelloWorld1.xml] has finished in [2,110] ms
27-Mar-2025 00:37:55.592 INFO [main] org.apache.catalina.startup.HostConfig.deployDirectory Deploying web application directory [C:\Users\Udith\Documents\GitHub\IIT_Coding\Year 3\Client Server\Practice\Teluisko\apache-tomcat-9.0.100\webapps\docs]
27-Mar-2025 00:37:55.640 INFO [main] org.apache.catalina.startup.HostConfig.deployDirectory Deployment of web application directory [C:\Users\Udith\Documents\GitHub\IIT_Coding\Year 3\Client Server\Practice\Teluisko\apache-tomcat-9.0.100\webapps\docs] has finished in [48] ms
27-Mar-2025 00:37:55.641 INFO [main] org.apache.catalina.startup.HostConfig.deployDirectory Deploying web application directory [C:\Users\Udith\Documents\GitHub\IIT_Coding\Year 3\Client Server\Practice\Teluisko\apache-tomcat-9.0.100\webapps\examples]
27-Mar-2025 00:37:56.149 INFO [main] org.apache.catalina.startup.HostConfig.deployDirectory Deployment of web application directory [C:\Users\Udith\Documents\GitHub\IIT_Coding\Year 3\Client Server\Practice\Teluisko\apache-tomcat-9.0.100\webapps\examples] has finished in [508] ms
27-Mar-2025 00:37:56.150 INFO [main] org.apache.catalina.startup.HostConfig.deployDirectory Deploying web application directory [C:\Users\Udith\Documents\GitHub\IIT_Coding\Year 3\Client Server\Practice\Teluisko\apache-tomcat-9.0.100\webapps\host-manager]
27-Mar-2025 00:37:56.189 INFO [main] org.apache.catalina.startup.HostConfig.deployDirectory Deployment of web application directory [C:\Users\Udith\Documents\GitHub\IIT_Coding\Year 3\Client Server\Practice\Teluisko\apache-tomcat-9.0.100\webapps\host-manager] has finished in [39] ms
27-Mar-2025 00:37:56.190 INFO [main] org.apache.catalina.startup.HostConfig.deployDirectory Deploying web application directory [C:\Users\Udith\Documents\GitHub\IIT_Coding\Year 3\Client Server\Practice\Teluisko\apache-tomcat-9.0.100\webapps\manager]
27-Mar-2025 00:37:56.233 INFO [main] org.apache.catalina.startup.HostConfig.deployDirectory Deployment of web application directory [C:\Users\Udith\Documents\GitHub\IIT_Coding\Year 3\Client Server\Practice\Teluisko\apache-tomcat-9.0.100\webapps\manager] has finished in [44] ms
27-Mar-2025 00:37:56.233 INFO [main] org.apache.catalina.startup.HostConfig.deployDirectory Deploying web application directory [C:\Users\Udith\Documents\GitHub\IIT_Coding\Year 3\Client Server\Practice\Teluisko\apache-tomcat-9.0.100\webapps\ROOT]
27-Mar-2025 00:37:56.262 INFO [main] org.apache.catalina.startup.HostConfig.deployDirectory Deployment of web application directory [C:\Users\Udith\Documents\GitHub\IIT_Coding\Year 3\Client Server\Practice\Teluisko\apache-tomcat-9.0.100\webapps\ROOT] has finished in [29] ms
27-Mar-2025 00:37:56.267 INFO [main] org.apache.coyote.AbstractProtocol.start Starting ProtocolHandler ["http-nio-8080"]
27-Mar-2025 00:37:56.293 INFO [main] org.apache.catalina.startup.Catalina.start Server startup in [5272] milliseconds
27-Mar-2025 00:37:57.472 INFO [http-nio-8080-exec-5] org.apache.catalina.startup.HostConfig.undeploy Undeploying context [/HelloWorld1]
27-Mar-2025 00:37:57.523 INFO [http-nio-8080-exec-7] org.apache.catalina.startup.HostConfig.deployDescriptor Deploying deployment descriptor [C:\Users\Udith\Documents\GitHub\IIT_Coding\Year 3\Client Server\Practice\Teluisko\apache-tomcat-9.0.100\conf\Catalina\localhost\HelloWorld1.xml]
27-Mar-2025 00:37:57.525 WARNING [http-nio-8080-exec-7] org.apache.catalina.startup.HostConfig.deployDescriptor The path attribute with value [/HelloWorld1] in deployment descriptor [C:\Users\Udith\Documents\GitHub\IIT_Coding\Year 3\Client Server\Practice\Teluisko\apache-tomcat-9.0.100\conf\Catalina\localhost\HelloWorld1.xml] has been ignored
27-Mar-2025 00:37:58.344 INFO [http-nio-8080-exec-7] org.apache.jasper.servlet.TldScanner.scanJars At least one JAR was scanned for TLDs yet contained no TLDs. Enable debug logging for this logger for a complete list of JARs that were scanned but no TLDs were found in them. Skipping unneeded JARs during scanning can improve startup time and JSP compilation time.
27-Mar-2025 00:37:58.905 WARNING [http-nio-8080-exec-7] org.glassfish.jersey.server.wadl.WadlFeature.configure JAXBContext implementation could not be found. WADL feature is disabled.
27-Mar-2025 00:37:59.474 INFO [http-nio-8080-exec-7] org.apache.catalina.startup.HostConfig.deployDescriptor Deployment of deployment descriptor [C:\Users\Udith\Documents\GitHub\IIT_Coding\Year 3\Client Server\Practice\Teluisko\apache-tomcat-9.0.100\conf\Catalina\localhost\HelloWorld1.xml] has finished in [1,950] ms
27-Mar-2025 00:37:59.479 INFO [http-nio-8080-exec-2] org.apache.catalina.util.LifecycleBase.start The start() method was called on component [StandardEngine[Catalina].StandardHost[localhost].StandardContext[/HelloWorld1]] after start() had already been called. The second call will be ignored.
27-Mar-2025 00:45:40.972 INFO [http-nio-8080-exec-20] org.apache.catalina.startup.HostConfig.undeploy Undeploying context [/HelloWorld1]
27-Mar-2025 00:49:50.141 INFO [http-nio-8080-exec-11] org.apache.catalina.startup.HostConfig.deployDescriptor Deploying deployment descriptor [C:\Users\Udith\Documents\GitHub\IIT_Coding\Year 3\Client Server\Practice\Teluisko\apache-tomcat-9.0.100\conf\Catalina\localhost\HelloWorld1.xml]
27-Mar-2025 00:49:50.143 WARNING [http-nio-8080-exec-11] org.apache.catalina.startup.HostConfig.deployDescriptor The path attribute with value [/HelloWorld1] in deployment descriptor [C:\Users\Udith\Documents\GitHub\IIT_Coding\Year 3\Client Server\Practice\Teluisko\apache-tomcat-9.0.100\conf\Catalina\localhost\HelloWorld1.xml] has been ignored
27-Mar-2025 00:49:50.985 INFO [http-nio-8080-exec-11] org.apache.jasper.servlet.TldScanner.scanJars At least one JAR was scanned for TLDs yet contained no TLDs. Enable debug logging for this logger for a complete list of JARs that were scanned but no TLDs were found in them. Skipping unneeded JARs during scanning can improve startup time and JSP compilation time.
27-Mar-2025 00:49:51.539 WARNING [http-nio-8080-exec-11] org.glassfish.jersey.server.wadl.WadlFeature.configure JAXBContext implementation could not be found. WADL feature is disabled.
27-Mar-2025 00:49:52.077 INFO [http-nio-8080-exec-11] org.apache.catalina.startup.HostConfig.deployDescriptor Deployment of deployment descriptor [C:\Users\Udith\Documents\GitHub\IIT_Coding\Year 3\Client Server\Practice\Teluisko\apache-tomcat-9.0.100\conf\Catalina\localhost\HelloWorld1.xml] has finished in [1,936] ms
27-Mar-2025 00:49:52.081 INFO [http-nio-8080-exec-18] org.apache.catalina.util.LifecycleBase.start The start() method was called on component [StandardEngine[Catalina].StandardHost[localhost].StandardContext[/HelloWorld1]] after start() had already been called. The second call will be ignored.
27-Mar-2025 01:21:19.660 INFO [http-nio-8080-exec-26] org.apache.catalina.startup.HostConfig.undeploy Undeploying context [/HelloWorld1]
27-Mar-2025 01:21:19.718 INFO [http-nio-8080-exec-25] org.apache.catalina.startup.HostConfig.deployDescriptor Deploying deployment descriptor [C:\Users\Udith\Documents\GitHub\IIT_Coding\Year 3\Client Server\Practice\Teluisko\apache-tomcat-9.0.100\conf\Catalina\localhost\HelloWorld1.xml]
27-Mar-2025 01:21:19.721 WARNING [http-nio-8080-exec-25] org.apache.catalina.startup.HostConfig.deployDescriptor The path attribute with value [/HelloWorld1] in deployment descriptor [C:\Users\Udith\Documents\GitHub\IIT_Coding\Year 3\Client Server\Practice\Teluisko\apache-tomcat-9.0.100\conf\Catalina\localhost\HelloWorld1.xml] has been ignored
27-Mar-2025 01:21:20.521 INFO [http-nio-8080-exec-25] org.apache.jasper.servlet.TldScanner.scanJars At least one JAR was scanned for TLDs yet contained no TLDs. Enable debug logging for this logger for a complete list of JARs that were scanned but no TLDs were found in them. Skipping unneeded JARs during scanning can improve startup time and JSP compilation time.
27-Mar-2025 01:21:21.044 WARNING [http-nio-8080-exec-25] org.glassfish.jersey.server.wadl.WadlFeature.configure JAXBContext implementation could not be found. WADL feature is disabled.
27-Mar-2025 01:21:21.655 INFO [http-nio-8080-exec-25] org.apache.catalina.startup.HostConfig.deployDescriptor Deployment of deployment descriptor [C:\Users\Udith\Documents\GitHub\IIT_Coding\Year 3\Client Server\Practice\Teluisko\apache-tomcat-9.0.100\conf\Catalina\localhost\HelloWorld1.xml] has finished in [1,937] ms
27-Mar-2025 01:21:21.658 INFO [http-nio-8080-exec-21] org.apache.catalina.util.LifecycleBase.start The start() method was called on component [StandardEngine[Catalina].StandardHost[localhost].StandardContext[/HelloWorld1]] after start() had already been called. The second call will be ignored.
27-Mar-2025 01:26:26.911 INFO [main] org.apache.catalina.core.StandardServer.await A valid shutdown command was received via the shutdown port. Stopping the Server instance.
27-Mar-2025 01:26:26.911 INFO [main] org.apache.coyote.AbstractProtocol.pause Pausing ProtocolHandler ["http-nio-8080"]
27-Mar-2025 01:26:26.917 INFO [main] org.apache.catalina.core.StandardService.stopInternal Stopping service [Catalina]
27-Mar-2025 01:26:26.951 INFO [main] org.apache.coyote.AbstractProtocol.stop Stopping ProtocolHandler ["http-nio-8080"]
27-Mar-2025 01:26:26.956 INFO [main] org.apache.coyote.AbstractProtocol.destroy Destroying ProtocolHandler ["http-nio-8080"]
